#
# There is insufficient memory for the Java Runtime Environment to continue.
# Native memory allocation (mmap) failed to map 67108864 bytes for G1 virtual space
# Possible reasons:
#   The system is out of physical RAM or swap space
#   The process is running with CompressedOops enabled, and the Java Heap may be blocking the growth of the native heap
# Possible solutions:
#   Reduce memory load on the system
#   Increase physical memory or swap space
#   Check if swap backing store is full
#   Decrease Java heap size (-Xmx/-Xms)
#   Decrease number of Java threads
#   Decrease Java thread stack sizes (-Xss)
#   Set larger code cache with -XX:ReservedCodeCacheSize=
#   JVM is running with Unscaled Compressed Oops mode in which the Java heap is
#     placed in the first 4GB address space. The Java Heap base address is the
#     maximum limit for the native heap growth. Please use -XX:HeapBaseMinAddress
#     to set the Java Heap base and to place the Java Heap above 4GB virtual address.
# This output file may be truncated or incomplete.
#
#  Out of Memory Error (os_windows.cpp:3769), pid=7776, tid=9724
#
# JRE version:  (17.0.6+10) (build )
# Java VM: OpenJDK 64-Bit Server VM (17.0.6+10-b829.5, mixed mode, sharing, tiered, compressed oops, compressed class ptrs, g1 gc, windows-amd64)
# No core dump will be written. Minidumps are not enabled by default on client versions of Windows
#

---------------  S U M M A R Y ------------

Command Line: git4idea.http.GitAskPassApp Username for 'https://github.com': 

Host: Intel(R) Core(TM) i5-5200U CPU @ 2.20GHz, 4 cores, 3G,  Windows 10 , 64 bit Build 19041 (10.0.19041.3031)
Time: Fri Jun 30 17:16:27 2023 SE Asia Standard Time elapsed time: 0.111535 seconds (0d 0h 0m 0s)

---------------  T H R E A D  ---------------

Current thread (0x000001613aeaa030):  JavaThread "Unknown thread" [_thread_in_vm, id=9724, stack(0x00000001c7c00000,0x00000001c7d00000)]

Stack: [0x00000001c7c00000,0x00000001c7d00000]
Native frames: (J=compiled Java code, j=interpreted, Vv=VM code, C=native code)
V  [jvm.dll+0x683b4a]
V  [jvm.dll+0x842654]
V  [jvm.dll+0x843dfe]
V  [jvm.dll+0x844463]
V  [jvm.dll+0x249b75]
V  [jvm.dll+0x680a19]
V  [jvm.dll+0x674f0a]
V  [jvm.dll+0x309acb]
V  [jvm.dll+0x310f86]
V  [jvm.dll+0x3608ee]
V  [jvm.dll+0x360b1f]
V  [jvm.dll+0x2dfbf8]
V  [jvm.dll+0x2e0b64]
V  [jvm.dll+0x813f41]
V  [jvm.dll+0x36e6a1]
V  [jvm.dll+0x7f347c]
V  [jvm.dll+0x3f0e8f]
V  [jvm.dll+0x3f29d1]
C  [jli.dll+0x526b]
C  [ucrtbase.dll+0x21bb2]
C  [KERNEL32.DLL+0x17614]
C  [ntdll.dll+0x526f1]


---------------  P R O C E S S  ---------------

Threads class SMR info:
_java_thread_list=0x00007ffaf8dbc058, length=0, elements={
}

Java Threads: ( => current thread )

Other Threads:
  0x000001613aee5380 GCTaskThread "GC Thread#0" [stack: 0x00000001c7d00000,0x00000001c7e00000] [id=2468]
  0x000001613aeee000 ConcurrentGCThread "G1 Main Marker" [stack: 0x00000001c7e00000,0x00000001c7f00000] [id=7700]
  0x000001613aeeea10 ConcurrentGCThread "G1 Conc#0" [stack: 0x00000001c7f00000,0x00000001c8000000] [id=11968]

[error occurred during error reporting (printing all threads), id 0xc0000005, EXCEPTION_ACCESS_VIOLATION (0xc0000005) at pc=0x00007ffaf8570797]

VM state: not at safepoint (not fully initialized)

VM Mutex/Monitor currently owned by a thread:  ([mutex/lock_event])
[0x000001613aea3e70] Heap_lock - owner thread: 0x000001613aeaa030

Heap address: 0x00000000c1600000, size: 1002 MB, Compressed Oops mode: 32-bit

CDS archive(s) mapped at: [0x0000000000000000-0x0000000000000000-0x0000000000000000), size 0, SharedBaseAddress: 0x0000000800000000, ArchiveRelocationMode: 0.
Narrow klass base: 0x0000000000000000, Narrow klass shift: 0, Narrow klass range: 0x0

GC Precious Log:
<Empty>

Heap:
 garbage-first heap   total 0K, used 0K [0x00000000c1600000, 0x0000000100000000)
  region size 1024K, 0 young (0K), 0 survivors (0K)

[error occurred during error reporting (printing heap information), id 0xc0000005, EXCEPTION_ACCESS_VIOLATION (0xc0000005) at pc=0x00007ffaf895d939]

GC Heap History (0 events):
No events

Dll operation events (1 events):
Event: 0.051 Loaded shared library D:\OOP\IntelliJ IDEA Community Edition 2023.1\jbr\bin\java.dll

Deoptimization events (0 events):
No events

Classes unloaded (0 events):
No events

Classes redefined (0 events):
No events

Internal exceptions (0 events):
No events

VM Operations (0 events):
No events

Events (0 events):
No events


Dynamic libraries:
0x00007ff6d3ac0000 - 0x00007ff6d3aca000 	D:\OOP\IntelliJ IDEA Community Edition 2023.1\jbr\bin\java.exe
0x00007ffb48e30000 - 0x00007ffb49028000 	C:\Windows\SYSTEM32\ntdll.dll
0x00007ffb48670000 - 0x00007ffb4872f000 	C:\Windows\System32\KERNEL32.DLL
0x00007ffb469e0000 - 0x00007ffb46cd6000 	C:\Windows\System32\KERNELBASE.dll
0x00007ffb465b0000 - 0x00007ffb466b0000 	C:\Windows\System32\ucrtbase.dll
0x00007ffb2b1b0000 - 0x00007ffb2b1c7000 	D:\OOP\IntelliJ IDEA Community Edition 2023.1\jbr\bin\jli.dll
0x00007ffb48740000 - 0x00007ffb488dd000 	C:\Windows\System32\USER32.dll
0x00007ffb467e0000 - 0x00007ffb46802000 	C:\Windows\System32\win32u.dll
0x00007ffb48480000 - 0x00007ffb484ac000 	C:\Windows\System32\GDI32.dll
0x00007ffb468c0000 - 0x00007ffb469d5000 	C:\Windows\System32\gdi32full.dll
0x00007ffb466b0000 - 0x00007ffb4674d000 	C:\Windows\System32\msvcp_win.dll
0x00007ffb29290000 - 0x00007ffb292ab000 	D:\OOP\IntelliJ IDEA Community Edition 2023.1\jbr\bin\VCRUNTIME140.dll
0x00007ffb319e0000 - 0x00007ffb31c7a000 	C:\Windows\WinSxS\amd64_microsoft.windows.common-controls_6595b64144ccf1df_6.0.19041.1110_none_60b5254171f9507e\COMCTL32.dll
0x00007ffb46f40000 - 0x00007ffb46fde000 	C:\Windows\System32\msvcrt.dll
0x00007ffb47260000 - 0x00007ffb47290000 	C:\Windows\System32\IMM32.DLL
0x00007ffb36990000 - 0x00007ffb3699c000 	D:\OOP\IntelliJ IDEA Community Edition 2023.1\jbr\bin\vcruntime140_1.dll
0x00007ffb00d90000 - 0x00007ffb00e1d000 	D:\OOP\IntelliJ IDEA Community Edition 2023.1\jbr\bin\msvcp140.dll
0x00007ffaf8280000 - 0x00007ffaf8eed000 	D:\OOP\IntelliJ IDEA Community Edition 2023.1\jbr\bin\server\jvm.dll
0x00007ffb46fe0000 - 0x00007ffb4708f000 	C:\Windows\System32\ADVAPI32.dll
0x00007ffb47110000 - 0x00007ffb471ac000 	C:\Windows\System32\sechost.dll
0x00007ffb47a50000 - 0x00007ffb47b76000 	C:\Windows\System32\RPCRT4.dll
0x00007ffb42020000 - 0x00007ffb42029000 	C:\Windows\SYSTEM32\WSOCK32.dll
0x00007ffb47950000 - 0x00007ffb479bb000 	C:\Windows\System32\WS2_32.dll
0x00007ffb40290000 - 0x00007ffb402b7000 	C:\Windows\SYSTEM32\WINMM.dll
0x00007ffb36ba0000 - 0x00007ffb36baa000 	C:\Windows\SYSTEM32\VERSION.dll
0x00007ffb443c0000 - 0x00007ffb443d2000 	C:\Windows\SYSTEM32\kernel.appcore.dll
0x00007ffb42010000 - 0x00007ffb4201a000 	D:\OOP\IntelliJ IDEA Community Edition 2023.1\jbr\bin\jimage.dll
0x00007ffb36bb0000 - 0x00007ffb36d94000 	C:\Windows\SYSTEM32\DBGHELP.DLL
0x00007ffb36b20000 - 0x00007ffb36b54000 	C:\Windows\SYSTEM32\dbgcore.DLL
0x00007ffb46750000 - 0x00007ffb467d2000 	C:\Windows\System32\bcryptPrimitives.dll
0x00007ffb40df0000 - 0x00007ffb40e15000 	D:\OOP\IntelliJ IDEA Community Edition 2023.1\jbr\bin\java.dll

dbghelp: loaded successfully - version: 4.0.5 - missing functions: none
symbol engine: initialized successfully - sym options: 0x614 - pdb path: .;D:\OOP\IntelliJ IDEA Community Edition 2023.1\jbr\bin;C:\Windows\SYSTEM32;C:\Windows\WinSxS\amd64_microsoft.windows.common-controls_6595b64144ccf1df_6.0.19041.1110_none_60b5254171f9507e;D:\OOP\IntelliJ IDEA Community Edition 2023.1\jbr\bin\server

VM Arguments:
java_command: git4idea.http.GitAskPassApp Username for 'https://github.com': 
java_class_path (initial): D:/OOP/IntelliJ IDEA Community Edition 2023.1/plugins/vcs-git/lib/git4idea-rt.jar;D:/OOP/IntelliJ IDEA Community Edition 2023.1/lib/externalProcess-rt.jar
Launcher Type: SUN_STANDARD

[Global flags]
     intx CICompilerCount                          = 3                                         {product} {ergonomic}
     uint ConcGCThreads                            = 1                                         {product} {ergonomic}
     uint G1ConcRefinementThreads                  = 4                                         {product} {ergonomic}
   size_t G1HeapRegionSize                         = 1048576                                   {product} {ergonomic}
    uintx GCDrainStackTargetSize                   = 64                                        {product} {ergonomic}
   size_t InitialHeapSize                          = 67108864                                  {product} {ergonomic}
   size_t MarkStackSize                            = 4194304                                   {product} {ergonomic}
   size_t MaxHeapSize                              = 1050673152                                {product} {ergonomic}
   size_t MinHeapDeltaBytes                        = 1048576                                   {product} {ergonomic}
   size_t MinHeapSize                              = 8388608                                   {product} {ergonomic}
    uintx NonNMethodCodeHeapSize                   = 5832780                                {pd product} {ergonomic}
    uintx NonProfiledCodeHeapSize                  = 122912730                              {pd product} {ergonomic}
    uintx ProfiledCodeHeapSize                     = 122912730                              {pd product} {ergonomic}
    uintx ReservedCodeCacheSize                    = 251658240                              {pd product} {ergonomic}
     bool SegmentedCodeCache                       = true                                      {product} {ergonomic}
   size_t SoftMaxHeapSize                          = 1050673152                             {manageable} {ergonomic}
     bool UseCompressedClassPointers               = true                           {product lp64_product} {ergonomic}
     bool UseCompressedOops                        = true                           {product lp64_product} {ergonomic}
     bool UseG1GC                                  = true                                      {product} {ergonomic}
     bool UseLargePagesIndividualAllocation        = false                                  {pd product} {ergonomic}

Logging:
Log output configuration:
 #0: stdout all=warning uptime,level,tags
 #1: stderr all=off uptime,level,tags

Environment Variables:
JAVA_HOME=C:\Program Files\Java\jdk-19
PATH=C:\Program Files\Git\mingw64\libexec\git-core;C:\Program Files\Git\mingw64\libexec\git-core;C:\Program Files\Git\mingw64\bin;C:\Program Files\Git\usr\bin;C:\Users\Admin\bin;C:\Program Files\Common Files\Oracle\Java\javapath;C:\Windows\system32;C:\Windows;C:\Windows\System32\Wbem;C:\Windows\System32\WindowsPowerShell\v1.0;C:\Windows\System32\OpenSSH;C:\Program Files (x86)\Microsoft SQL Server\160\DTS\Binn;C:\Program Files\Azure Data Studio\bin;C:\Program Files (x86)\Microsoft SQL Server\160\Tools\Binn;C:\Program Files\Microsoft SQL Server\160\Tools\Binn;C:\Program Files\Microsoft SQL Server\Client SDK\ODBC\170\Tools\Binn;C:\Program Files\Microsoft SQL Server\160\DTS\Binn;C:\Program Files\Git\cmd;C:\Program Files\Java\jdk-19\bin;C:\Users\Admin\AppData\Local\Microsoft\WindowsApps;C:\Program Files (x86)\mingw-w64\i686-8.1.0-posix-dwarf-rt_v6-rev0\mingw32\bin;C:\Program Files (x86)\mingw-w64\i686-8.1.0-posix-dwarf-rt_v6-rev0\mingw32\bin;C:\Users\Admin\AppData\Local\Programs\Microsoft VS Code\bin;D:\OOP\IntelliJ IDEA 2023.1\bin;C:\Program Files\Java\jdk-19\bin;D:\OOP\IntelliJ IDEA Community Edition 2023.1\bin;C:\Program Files\Azure Data Studio\bin
USERNAME=Admin
DISPLAY=:0.0
LC_ALL=en_US.UTF-8
TERM=xterm-256color
TMPDIR=C:\Users\Admin\AppData\Local\Temp
OS=Windows_NT
PROCESSOR_IDENTIFIER=Intel64 Family 6 Model 61 Stepping 4, GenuineIntel
TMP=C:\Users\Admin\AppData\Local\Temp
TEMP=C:\Users\Admin\AppData\Local\Temp



---------------  S Y S T E M  ---------------

OS:
 Windows 10 , 64 bit Build 19041 (10.0.19041.3031)
OS uptime: 0 days 4:35 hours

CPU: total 4 (initial active 4) (2 cores per cpu, 2 threads per core) family 6 model 61 stepping 4 microcode 0x2d, cx8, cmov, fxsr, ht, mmx, 3dnowpref, sse, sse2, sse3, ssse3, sse4.1, sse4.2, popcnt, lzcnt, tsc, tscinvbit, avx, avx2, aes, erms, clmul, bmi1, bmi2, adx, fma, vzeroupper, clflush

Memory: 4k page, system-wide physical 4007M (288M free)
TotalPageFile size 8103M (AvailPageFile size 54M)
current process WorkingSet (physical memory assigned to process): 9M, peak: 9M
current process commit charge ("private bytes"): 51M, peak: 115M

vm_info: OpenJDK 64-Bit Server VM (17.0.6+10-b829.5) for windows-amd64 JRE (17.0.6+10-b829.5), built on 2023-02-24 by "builduser" with MS VC++ 16.10 / 16.11 (VS2019)

END.
