#
# There is insufficient memory for the Java Runtime Environment to continue.
# Native memory allocation (malloc) failed to allocate 1729392 bytes for Chunk::new
# Possible reasons:
#   The system is out of physical RAM or swap space
#   The process is running with CompressedOops enabled, and the Java Heap may be blocking the growth of the native heap
# Possible solutions:
#   Reduce memory load on the system
#   Increase physical memory or swap space
#   Check if swap backing store is full
#   Decrease Java heap size (-Xmx/-Xms)
#   Decrease number of Java threads
#   Decrease Java thread stack sizes (-Xss)
#   Set larger code cache with -XX:ReservedCodeCacheSize=
#   JVM is running with Unscaled Compressed Oops mode in which the Java heap is
#     placed in the first 4GB address space. The Java Heap base address is the
#     maximum limit for the native heap growth. Please use -XX:HeapBaseMinAddress
#     to set the Java Heap base and to place the Java Heap above 4GB virtual address.
# This output file may be truncated or incomplete.
#
#  Out of Memory Error (arena.cpp:184), pid=9900, tid=10636
#
# JRE version: Java(TM) SE Runtime Environment (19.0.2+7) (build 19.0.2+7-44)
# Java VM: Java HotSpot(TM) 64-Bit Server VM (19.0.2+7-44, mixed mode, sharing, tiered, compressed oops, compressed class ptrs, g1 gc, windows-amd64)
# No core dump will be written. Minidumps are not enabled by default on client versions of Windows
#

---------------  S U M M A R Y ------------

Command Line: -javaagent:D:\OOP\IntelliJ IDEA Community Edition 2023.1\lib\idea_rt.jar=50699:D:\OOP\IntelliJ IDEA Community Edition 2023.1\bin -Dfile.encoding=UTF-8 -Dsun.stdout.encoding=UTF-8 -Dsun.stderr.encoding=UTF-8 --module-path=C:\Users\Admin\.m2\repository\org\apache\poi\poi-ooxml\5.1.0\poi-ooxml-5.1.0.jar;C:\Users\Admin\.m2\repository\org\openjfx\javafx-base\17.0.6\javafx-base-17.0.6-win.jar;C:\Users\Admin\.m2\repository\com\zaxxer\SparseBitSet\1.2\SparseBitSet-1.2.jar;C:\Users\Admin\.m2\repository\org\apache\poi\poi\5.1.0\poi-5.1.0.jar;C:\Users\Admin\.m2\repository\org\apache\commons\commons-math3\3.6.1\commons-math3-3.6.1.jar;C:\Users\Admin\.m2\repository\org\apache\xmlbeans\xmlbeans\5.0.2\xmlbeans-5.0.2.jar;C:\Users\Admin\.m2\repository\commons-codec\commons-codec\1.15\commons-codec-1.15.jar;C:\Users\Admin\.m2\repository\org\apache\commons\commons-collections4\4.4\commons-collections4-4.4.jar;C:\Users\Admin\.m2\repository\org\apache\poi\poi-ooxml-lite\5.1.0\poi-ooxml-lite-5.1.0.jar;C:\Users\Admin\.m2\repository\org\hibernate\hibernate-core\5.4.12.Final\hibernate-core-5.4.12.Final.jar;C:\Users\Admin\.m2\repository\org\apache\commons\commons-compress\1.21\commons-compress-1.21.jar;C:\Users\Admin\.m2\repository\org\apache\logging\log4j\log4j-api\2.14.1\log4j-api-2.14.1.jar;C:\Users\Admin\.m2\repository\org\openjfx\javafx-controls\17.0.6\javafx-controls-17.0.6-win.jar;C:\Users\Admin\.m2\repository\org\openjfx\javafx-fxml\17.0.6\javafx-fxml-17.0.6-win.jar;C:\Users\Admin\.m2\repository\javax\persistence\javax.persistence-api\2.2\javax.persistence-api-2.2.jar;C:\Users\Admin\.m2\repository\org\openjfx\javafx-graphics\17.0.6\javafx-graphics-17.0.6-win.jar;C:\Users\Admin\.m2\repository\commons-io\commons-io\2.11.0\commons-io-2.11.0.jar;C:\Users\Admin\ssss\target\classes -Djdk.module.main=com.example.project com.example.project/com.example.project.Main1

Host: Intel(R) Core(TM) i5-5200U CPU @ 2.20GHz, 4 cores, 3G,  Windows 10 , 64 bit Build 19041 (10.0.19041.3031)
Time: Tue Jun 20 22:43:53 2023 SE Asia Standard Time elapsed time: 8.072228 seconds (0d 0h 0m 8s)

---------------  T H R E A D  ---------------

Current thread (0x0000020f65766b10):  JavaThread "C2 CompilerThread0" daemon [_thread_in_native, id=10636, stack(0x000000fef3b00000,0x000000fef3c00000)]


Current CompileTask:
C2:   8072 2558       4       javafx.scene.CssStyleHelper::getStyle (162 bytes)

Stack: [0x000000fef3b00000,0x000000fef3c00000]
Native frames: (J=compiled Java code, j=interpreted, Vv=VM code, C=native code)
V  [jvm.dll+0x6ee21a]
V  [jvm.dll+0x85765e]
V  [jvm.dll+0x85904e]
V  [jvm.dll+0x859703]
V  [jvm.dll+0x28298f]
V  [jvm.dll+0xc9adf]
V  [jvm.dll+0xc9e65]
V  [jvm.dll+0x3bca4c]
V  [jvm.dll+0x1ee29a]
V  [jvm.dll+0x24c52b]
V  [jvm.dll+0x24b781]
V  [jvm.dll+0x1d6ce1]
V  [jvm.dll+0x25b25a]
V  [jvm.dll+0x2596e8]
V  [jvm.dll+0x807588]
V  [jvm.dll+0x80125a]
V  [jvm.dll+0x6ecf0b]
C  [ucrtbase.dll+0x21bb2]
C  [KERNEL32.DLL+0x17614]
C  [ntdll.dll+0x526f1]


---------------  P R O C E S S  ---------------

Threads class SMR info:
_java_thread_list=0x0000020f6ab5e540, length=20, elements={
0x0000020f49e38940, 0x0000020f6575eaa0, 0x0000020f6575f5d0, 0x0000020f65760100,
0x0000020f65760c30, 0x0000020f65763570, 0x0000020f65763ea0, 0x0000020f65766b10,
0x0000020f6576bed0, 0x0000020f6576d990, 0x0000020f6574d150, 0x0000020f6a147b60,
0x0000020f6a19c3d0, 0x0000020f6a5984d0, 0x0000020f6a32ae40, 0x0000020f6a94e6e0,
0x0000020f6abcdff0, 0x0000020f6a80d8c0, 0x0000020f6ae4caa0, 0x0000020f6ae4c550
}

Java Threads: ( => current thread )
  0x0000020f49e38940 JavaThread "main" [_thread_blocked, id=10344, stack(0x000000fef2e00000,0x000000fef2f00000)]
  0x0000020f6575eaa0 JavaThread "Reference Handler" daemon [_thread_blocked, id=5504, stack(0x000000fef3500000,0x000000fef3600000)]
  0x0000020f6575f5d0 JavaThread "Finalizer" daemon [_thread_blocked, id=5604, stack(0x000000fef3600000,0x000000fef3700000)]
  0x0000020f65760100 JavaThread "Signal Dispatcher" daemon [_thread_blocked, id=624, stack(0x000000fef3700000,0x000000fef3800000)]
  0x0000020f65760c30 JavaThread "Attach Listener" daemon [_thread_blocked, id=5376, stack(0x000000fef3800000,0x000000fef3900000)]
  0x0000020f65763570 JavaThread "Service Thread" daemon [_thread_blocked, id=1068, stack(0x000000fef3900000,0x000000fef3a00000)]
  0x0000020f65763ea0 JavaThread "Monitor Deflation Thread" daemon [_thread_blocked, id=10024, stack(0x000000fef3a00000,0x000000fef3b00000)]
=>0x0000020f65766b10 JavaThread "C2 CompilerThread0" daemon [_thread_in_native, id=10636, stack(0x000000fef3b00000,0x000000fef3c00000)]
  0x0000020f6576bed0 JavaThread "C1 CompilerThread0" daemon [_thread_blocked, id=6448, stack(0x000000fef3c00000,0x000000fef3d00000)]
  0x0000020f6576d990 JavaThread "Sweeper thread" daemon [_thread_blocked, id=9368, stack(0x000000fef3d00000,0x000000fef3e00000)]
  0x0000020f6574d150 JavaThread "Common-Cleaner" daemon [_thread_blocked, id=7604, stack(0x000000fef3e00000,0x000000fef3f00000)]
  0x0000020f6a147b60 JavaThread "Monitor Ctrl-Break" daemon [_thread_in_native, id=12580, stack(0x000000fef4200000,0x000000fef4300000)]
  0x0000020f6a19c3d0 JavaThread "Notification Thread" daemon [_thread_blocked, id=13204, stack(0x000000fef4300000,0x000000fef4400000)]
  0x0000020f6a5984d0 JavaThread "QuantumRenderer-0" daemon [_thread_blocked, id=1872, stack(0x000000fef3f00000,0x000000fef4000000)]
  0x0000020f6a32ae40 JavaThread "InvokeLaterDispatcher" daemon [_thread_blocked, id=13236, stack(0x000000fef4600000,0x000000fef4700000)]
  0x0000020f6a94e6e0 JavaThread "JavaFX Application Thread" [_thread_in_native, id=1868, stack(0x000000fef4700000,0x000000fef4800000)]
  0x0000020f6abcdff0 JavaThread "Thread-1" daemon [_thread_in_native, id=1996, stack(0x000000fef4b00000,0x000000fef4c00000)]
  0x0000020f6a80d8c0 JavaThread "JavaFX-Launcher" [_thread_blocked, id=12044, stack(0x000000fef4c00000,0x000000fef4d00000)]
  0x0000020f6ae4caa0 JavaThread "Prism Font Disposer" daemon [_thread_blocked, id=6280, stack(0x000000fef5000000,0x000000fef5100000)]
  0x0000020f6ae4c550 JavaThread "Cleaner-0" daemon [_thread_blocked, id=6568, stack(0x000000fef5100000,0x000000fef5200000)]

Other Threads:
  0x0000020f49ef8440 VMThread "VM Thread" [stack: 0x000000fef3400000,0x000000fef3500000] [id=6972]
  0x0000020f6a19c910 WatcherThread "VM Periodic Task Thread" [stack: 0x000000fef4400000,0x000000fef4500000] [id=6936]
  0x0000020f49e7a360 WorkerThread "GC Thread#0" [stack: 0x000000fef2f00000,0x000000fef3000000] [id=5456]
  0x0000020f69d73e70 WorkerThread "GC Thread#1" [stack: 0x000000fef4000000,0x000000fef4100000] [id=4796]
  0x0000020f69d952d0 WorkerThread "GC Thread#2" [stack: 0x000000fef4100000,0x000000fef4200000] [id=12504]
  0x0000020f6a379c40 WorkerThread "GC Thread#3" [stack: 0x000000fef4500000,0x000000fef4600000] [id=12892]
  0x0000020f49e810a0 ConcurrentGCThread "G1 Main Marker" [stack: 0x000000fef3000000,0x000000fef3100000] [id=2680]
  0x0000020f49e81ad0 WorkerThread "G1 Conc#0" [stack: 0x000000fef3100000,0x000000fef3200000] [id=3304]
  0x0000020f49ecfcc0 ConcurrentGCThread "G1 Refine#0" [stack: 0x000000fef3200000,0x000000fef3300000] [id=12880]
  0x0000020f49ed0800 ConcurrentGCThread "G1 Service" [stack: 0x000000fef3300000,0x000000fef3400000] [id=4512]

Threads with active compile tasks:
C2 CompilerThread0     8187 2558       4       javafx.scene.CssStyleHelper::getStyle (162 bytes)

VM state: not at safepoint (normal execution)

VM Mutex/Monitor currently owned by a thread: None

Heap address: 0x00000000c1600000, size: 1002 MB, Compressed Oops mode: 32-bit

CDS archive(s) mapped at: [0x0000000800000000-0x0000000800c40000-0x0000000800c40000), size 12845056, SharedBaseAddress: 0x0000000800000000, ArchiveRelocationMode: 0.
Compressed class space mapped at: 0x0000000801000000-0x0000000841000000, reserved size: 1073741824
Narrow klass base: 0x0000000800000000, Narrow klass shift: 0, Narrow klass range: 0x100000000

GC Precious Log:
 CardTable entry size: 512
 Card Set container configuration: InlinePtr #cards 5 size 8 Array Of Cards #cards 12 size 40 Howl #buckets 4 coarsen threshold 1843 Howl Bitmap #cards 512 size 80 coarsen threshold 460 Card regions per heap region 1 cards per card region 2048
 CPUs: 4 total, 4 available
 Memory: 4007M
 Large Page Support: Disabled
 NUMA Support: Disabled
 Compressed Oops: Enabled (32-bit)
 Heap Region Size: 1M
 Heap Min Capacity: 8M
 Heap Initial Capacity: 64M
 Heap Max Capacity: 1002M
 Pre-touch: Disabled
 Parallel Workers: 4
 Concurrent Workers: 1
 Concurrent Refinement Workers: 4
 Periodic GC: Disabled

Heap:
 garbage-first heap   total 74752K, used 38228K [0x00000000c1600000, 0x0000000100000000)
  region size 1024K, 7 young (7168K), 5 survivors (5120K)
 Metaspace       used 18329K, committed 18560K, reserved 1114112K
  class space    used 2591K, committed 2688K, reserved 1048576K

Heap Regions: E=young(eden), S=young(survivor), O=old, HS=humongous(starts), HC=humongous(continues), CS=collection set, F=free, OA=open archive, CA=closed archive, TAMS=top-at-mark-start (previous, next)
|   0|0x00000000c1600000, 0x00000000c1700000, 0x00000000c1700000|100%|HS|  |TAMS 0x00000000c1600000, 0x00000000c1600000| Complete 
|   1|0x00000000c1700000, 0x00000000c1800000, 0x00000000c1800000|100%| O|  |TAMS 0x00000000c1700000, 0x00000000c1700000| Untracked 
|   2|0x00000000c1800000, 0x00000000c1900000, 0x00000000c1900000|100%|HS|  |TAMS 0x00000000c1800000, 0x00000000c1800000| Complete 
|   3|0x00000000c1900000, 0x00000000c1a00000, 0x00000000c1a00000|100%|HC|  |TAMS 0x00000000c1900000, 0x00000000c1900000| Complete 
|   4|0x00000000c1a00000, 0x00000000c1b00000, 0x00000000c1b00000|100%| O|  |TAMS 0x00000000c1a00000, 0x00000000c1a00000| Untracked 
|   5|0x00000000c1b00000, 0x00000000c1c00000, 0x00000000c1c00000|100%| O|  |TAMS 0x00000000c1b00000, 0x00000000c1b00000| Untracked 
|   6|0x00000000c1c00000, 0x00000000c1d00000, 0x00000000c1d00000|100%| O|  |TAMS 0x00000000c1c00000, 0x00000000c1c00000| Untracked 
|   7|0x00000000c1d00000, 0x00000000c1e00000, 0x00000000c1e00000|100%| O|  |TAMS 0x00000000c1d00000, 0x00000000c1d00000| Untracked 
|   8|0x00000000c1e00000, 0x00000000c1f00000, 0x00000000c1f00000|100%|HS|  |TAMS 0x00000000c1e00000, 0x00000000c1e00000| Complete 
|   9|0x00000000c1f00000, 0x00000000c2000000, 0x00000000c2000000|100%|HC|  |TAMS 0x00000000c1f00000, 0x00000000c1f00000| Complete 
|  10|0x00000000c2000000, 0x00000000c2100000, 0x00000000c2100000|100%|HS|  |TAMS 0x00000000c2000000, 0x00000000c2000000| Complete 
|  11|0x00000000c2100000, 0x00000000c2200000, 0x00000000c2200000|100%|HC|  |TAMS 0x00000000c2100000, 0x00000000c2100000| Complete 
|  12|0x00000000c2200000, 0x00000000c2300000, 0x00000000c2300000|100%|HS|  |TAMS 0x00000000c2200000, 0x00000000c2200000| Complete 
|  13|0x00000000c2300000, 0x00000000c2400000, 0x00000000c2400000|100%|HC|  |TAMS 0x00000000c2300000, 0x00000000c2300000| Complete 
|  14|0x00000000c2400000, 0x00000000c2500000, 0x00000000c2500000|100%|HS|  |TAMS 0x00000000c2400000, 0x00000000c2400000| Complete 
|  15|0x00000000c2500000, 0x00000000c2600000, 0x00000000c2600000|100%|HC|  |TAMS 0x00000000c2500000, 0x00000000c2500000| Complete 
|  16|0x00000000c2600000, 0x00000000c2700000, 0x00000000c2700000|100%|HC|  |TAMS 0x00000000c2600000, 0x00000000c2600000| Complete 
|  17|0x00000000c2700000, 0x00000000c2800000, 0x00000000c2800000|100%|HS|  |TAMS 0x00000000c2700000, 0x00000000c2700000| Complete 
|  18|0x00000000c2800000, 0x00000000c2900000, 0x00000000c2900000|100%|HC|  |TAMS 0x00000000c2800000, 0x00000000c2800000| Complete 
|  19|0x00000000c2900000, 0x00000000c2a00000, 0x00000000c2a00000|100%|HS|  |TAMS 0x00000000c2900000, 0x00000000c2900000| Complete 
|  20|0x00000000c2a00000, 0x00000000c2b00000, 0x00000000c2b00000|100%|HC|  |TAMS 0x00000000c2a00000, 0x00000000c2a00000| Complete 
|  21|0x00000000c2b00000, 0x00000000c2b00000, 0x00000000c2c00000|  0%| F|  |TAMS 0x00000000c2b00000, 0x00000000c2b00000| Untracked 
|  22|0x00000000c2c00000, 0x00000000c2c00000, 0x00000000c2d00000|  0%| F|  |TAMS 0x00000000c2c00000, 0x00000000c2c00000| Untracked 
|  23|0x00000000c2d00000, 0x00000000c2d00000, 0x00000000c2e00000|  0%| F|  |TAMS 0x00000000c2d00000, 0x00000000c2d00000| Untracked 
|  24|0x00000000c2e00000, 0x00000000c2e00000, 0x00000000c2f00000|  0%| F|  |TAMS 0x00000000c2e00000, 0x00000000c2e00000| Untracked 
|  25|0x00000000c2f00000, 0x00000000c2f00000, 0x00000000c3000000|  0%| F|  |TAMS 0x00000000c2f00000, 0x00000000c2f00000| Untracked 
|  26|0x00000000c3000000, 0x00000000c3100000, 0x00000000c3100000|100%|HS|  |TAMS 0x00000000c3000000, 0x00000000c3000000| Complete 
|  27|0x00000000c3100000, 0x00000000c3200000, 0x00000000c3200000|100%|HC|  |TAMS 0x00000000c3100000, 0x00000000c3100000| Complete 
|  28|0x00000000c3200000, 0x00000000c3300000, 0x00000000c3300000|100%|HS|  |TAMS 0x00000000c3200000, 0x00000000c3200000| Complete 
|  29|0x00000000c3300000, 0x00000000c3400000, 0x00000000c3400000|100%|HC|  |TAMS 0x00000000c3300000, 0x00000000c3300000| Complete 
|  30|0x00000000c3400000, 0x00000000c3500000, 0x00000000c3500000|100%|HS|  |TAMS 0x00000000c3400000, 0x00000000c3400000| Complete 
|  31|0x00000000c3500000, 0x00000000c3600000, 0x00000000c3600000|100%|HC|  |TAMS 0x00000000c3500000, 0x00000000c3500000| Complete 
|  32|0x00000000c3600000, 0x00000000c3700000, 0x00000000c3700000|100%| S|CS|TAMS 0x00000000c3600000, 0x00000000c3600000| Complete 
|  33|0x00000000c3700000, 0x00000000c3700000, 0x00000000c3800000|  0%| F|  |TAMS 0x00000000c3700000, 0x00000000c3700000| Untracked 
|  34|0x00000000c3800000, 0x00000000c3800000, 0x00000000c3900000|  0%| F|  |TAMS 0x00000000c3800000, 0x00000000c3800000| Untracked 
|  35|0x00000000c3900000, 0x00000000c3900000, 0x00000000c3a00000|  0%| F|  |TAMS 0x00000000c3900000, 0x00000000c3900000| Untracked 
|  36|0x00000000c3a00000, 0x00000000c3a00000, 0x00000000c3b00000|  0%| F|  |TAMS 0x00000000c3a00000, 0x00000000c3a00000| Untracked 
|  37|0x00000000c3b00000, 0x00000000c3b00000, 0x00000000c3c00000|  0%| F|  |TAMS 0x00000000c3b00000, 0x00000000c3b00000| Untracked 
|  38|0x00000000c3c00000, 0x00000000c3c00000, 0x00000000c3d00000|  0%| F|  |TAMS 0x00000000c3c00000, 0x00000000c3c00000| Untracked 
|  39|0x00000000c3d00000, 0x00000000c3d00000, 0x00000000c3e00000|  0%| F|  |TAMS 0x00000000c3d00000, 0x00000000c3d00000| Untracked 
|  40|0x00000000c3e00000, 0x00000000c3e00000, 0x00000000c3f00000|  0%| F|  |TAMS 0x00000000c3e00000, 0x00000000c3e00000| Untracked 
|  41|0x00000000c3f00000, 0x00000000c3f00000, 0x00000000c4000000|  0%| F|  |TAMS 0x00000000c3f00000, 0x00000000c3f00000| Untracked 
|  42|0x00000000c4000000, 0x00000000c4000000, 0x00000000c4100000|  0%| F|  |TAMS 0x00000000c4000000, 0x00000000c4000000| Untracked 
|  43|0x00000000c4100000, 0x00000000c4100000, 0x00000000c4200000|  0%| F|  |TAMS 0x00000000c4100000, 0x00000000c4100000| Untracked 
|  44|0x00000000c4200000, 0x00000000c4200000, 0x00000000c4300000|  0%| F|  |TAMS 0x00000000c4200000, 0x00000000c4200000| Untracked 
|  45|0x00000000c4300000, 0x00000000c4300000, 0x00000000c4400000|  0%| F|  |TAMS 0x00000000c4300000, 0x00000000c4300000| Untracked 
|  46|0x00000000c4400000, 0x00000000c4400000, 0x00000000c4500000|  0%| F|  |TAMS 0x00000000c4400000, 0x00000000c4400000| Untracked 
|  47|0x00000000c4500000, 0x00000000c4500000, 0x00000000c4600000|  0%| F|  |TAMS 0x00000000c4500000, 0x00000000c4500000| Untracked 
|  48|0x00000000c4600000, 0x00000000c4600000, 0x00000000c4700000|  0%| F|  |TAMS 0x00000000c4600000, 0x00000000c4600000| Untracked 
|  49|0x00000000c4700000, 0x00000000c4700000, 0x00000000c4800000|  0%| F|  |TAMS 0x00000000c4700000, 0x00000000c4700000| Untracked 
|  50|0x00000000c4800000, 0x00000000c4800000, 0x00000000c4900000|  0%| F|  |TAMS 0x00000000c4800000, 0x00000000c4800000| Untracked 
|  51|0x00000000c4900000, 0x00000000c4900000, 0x00000000c4a00000|  0%| F|  |TAMS 0x00000000c4900000, 0x00000000c4900000| Untracked 
|  52|0x00000000c4a00000, 0x00000000c4a00000, 0x00000000c4b00000|  0%| F|  |TAMS 0x00000000c4a00000, 0x00000000c4a00000| Untracked 
|  53|0x00000000c4b00000, 0x00000000c4b00000, 0x00000000c4c00000|  0%| F|  |TAMS 0x00000000c4b00000, 0x00000000c4b00000| Untracked 
|  54|0x00000000c4c00000, 0x00000000c4c00000, 0x00000000c4d00000|  0%| F|  |TAMS 0x00000000c4c00000, 0x00000000c4c00000| Untracked 
|  55|0x00000000c4d00000, 0x00000000c4d00000, 0x00000000c4e00000|  0%| F|  |TAMS 0x00000000c4d00000, 0x00000000c4d00000| Untracked 
|  56|0x00000000c4e00000, 0x00000000c4e00000, 0x00000000c4f00000|  0%| F|  |TAMS 0x00000000c4e00000, 0x00000000c4e00000| Untracked 
|  57|0x00000000c4f00000, 0x00000000c4f00000, 0x00000000c5000000|  0%| F|  |TAMS 0x00000000c4f00000, 0x00000000c4f00000| Untracked 
|  58|0x00000000c5000000, 0x00000000c5000000, 0x00000000c5100000|  0%| F|  |TAMS 0x00000000c5000000, 0x00000000c5000000| Untracked 
|  59|0x00000000c5100000, 0x00000000c5100000, 0x00000000c5200000|  0%| F|  |TAMS 0x00000000c5100000, 0x00000000c5100000| Untracked 
|  60|0x00000000c5200000, 0x00000000c5200000, 0x00000000c5300000|  0%| F|  |TAMS 0x00000000c5200000, 0x00000000c5200000| Untracked 
|  61|0x00000000c5300000, 0x00000000c5300000, 0x00000000c5400000|  0%| F|  |TAMS 0x00000000c5300000, 0x00000000c5300000| Untracked 
|  62|0x00000000c5400000, 0x00000000c543da30, 0x00000000c5500000| 24%| E|  |TAMS 0x00000000c5400000, 0x00000000c5400000| Complete 
|  63|0x00000000c5500000, 0x00000000c5600000, 0x00000000c5600000|100%| E|CS|TAMS 0x00000000c5500000, 0x00000000c5500000| Complete 
|  64|0x00000000c5600000, 0x00000000c5700000, 0x00000000c5700000|100%| S|CS|TAMS 0x00000000c5600000, 0x00000000c5600000| Complete 
|  65|0x00000000c5700000, 0x00000000c5800000, 0x00000000c5800000|100%| S|CS|TAMS 0x00000000c5700000, 0x00000000c5700000| Complete 
|  66|0x00000000c5800000, 0x00000000c5900000, 0x00000000c5900000|100%| S|CS|TAMS 0x00000000c5800000, 0x00000000c5800000| Complete 
|  67|0x00000000c5900000, 0x00000000c5a00000, 0x00000000c5a00000|100%| S|CS|TAMS 0x00000000c5900000, 0x00000000c5900000| Complete 
| 997|0x00000000ffb00000, 0x00000000ffb55200, 0x00000000ffc00000| 33%| O|  |TAMS 0x00000000ffb00000, 0x00000000ffb00000| Untracked 
| 998|0x00000000ffc00000, 0x00000000ffd00000, 0x00000000ffd00000|100%| O|  |TAMS 0x00000000ffc00000, 0x00000000ffc00000| Untracked 
| 999|0x00000000ffd00000, 0x00000000ffe00000, 0x00000000ffe00000|100%| O|  |TAMS 0x00000000ffd00000, 0x00000000ffd00000| Untracked 
|1000|0x00000000ffe00000, 0x00000000fff00000, 0x00000000fff00000|100%| O|  |TAMS 0x00000000ffe00000, 0x00000000ffe00000| Untracked 
|1001|0x00000000fff00000, 0x0000000100000000, 0x0000000100000000|100%| O|  |TAMS 0x00000000fff00000, 0x00000000fff00000| Untracked 

Card table byte_map: [0x0000020f60fa0000,0x0000020f611a0000] _byte_map_base: 0x0000020f60995000

Marking Bits (Prev, Next): (CMBitMap*) 0x0000020f49e7a990, (CMBitMap*) 0x0000020f49e7a9d0
 Prev Bits: [0x0000020f613a0000, 0x0000020f62348000)
 Next Bits: [0x0000020f62350000, 0x0000020f632f8000)

Polling page: 0x0000020f47cb0000

Metaspace:

Usage:
  Non-class:     15.37 MB used.
      Class:      2.53 MB used.
       Both:     17.90 MB used.

Virtual space:
  Non-class space:       64.00 MB reserved,      15.50 MB ( 24%) committed,  1 nodes.
      Class space:        1.00 GB reserved,       2.62 MB ( <1%) committed,  1 nodes.
             Both:        1.06 GB reserved,      18.12 MB (  2%) committed. 

Chunk freelists:
   Non-Class:  320.00 KB
       Class:  1.32 MB
        Both:  1.63 MB

MaxMetaspaceSize: unlimited
CompressedClassSpaceSize: 1.00 GB
Initial GC threshold: 21.00 MB
Current GC threshold: 21.00 MB
CDS: on
MetaspaceReclaimPolicy: balanced
 - commit_granule_bytes: 65536.
 - commit_granule_words: 8192.
 - virtual_space_node_default_size: 8388608.
 - enlarge_chunks_in_place: 1.
 - new_chunks_are_fully_committed: 0.
 - uncommit_free_chunks: 1.
 - use_allocation_guard: 0.


Internal statistics:

num_allocs_failed_limit: 0.
num_arena_births: 348.
num_arena_deaths: 0.
num_vsnodes_births: 2.
num_vsnodes_deaths: 0.
num_space_committed: 290.
num_space_uncommitted: 0.
num_chunks_returned_to_freelist: 0.
num_chunks_taken_from_freelist: 915.
num_chunk_merges: 0.
num_chunk_splits: 640.
num_chunks_enlarged: 509.
num_inconsistent_stats: 0.

CodeHeap 'non-profiled nmethods': size=120000Kb used=1113Kb max_used=1113Kb free=118887Kb
 bounds [0x0000020f59870000, 0x0000020f59ae0000, 0x0000020f60da0000]
CodeHeap 'profiled nmethods': size=120000Kb used=5948Kb max_used=5948Kb free=114051Kb
 bounds [0x0000020f51da0000, 0x0000020f52370000, 0x0000020f592d0000]
CodeHeap 'non-nmethods': size=5760Kb used=1538Kb max_used=1561Kb free=4221Kb
 bounds [0x0000020f592d0000, 0x0000020f59540000, 0x0000020f59870000]
 total_blobs=4063 nmethods=3240 adapters=731
 compilation: enabled
              stopped_count=0, restarted_count=0
 full_count=0

Compilation events (20 events):
Event: 8.041 Thread 0x0000020f6576bed0 3262       2       com.sun.prism.impl.VertexBuffer::addQuad (444 bytes)
Event: 8.042 Thread 0x0000020f6576bed0 nmethod 3262 0x0000020f5235ab10 code [0x0000020f5235ad20, 0x0000020f5235b458]
Event: 8.042 Thread 0x0000020f6576bed0 3263       2       com.sun.prism.impl.GlyphCache::addDataToQuad (305 bytes)
Event: 8.043 Thread 0x0000020f6576bed0 nmethod 3263 0x0000020f5235b990 code [0x0000020f5235bbe0, 0x0000020f5235c1e8]
Event: 8.043 Thread 0x0000020f6576bed0 3264       2       com.sun.javafx.geom.transform.Affine3D::setTransform (75 bytes)
Event: 8.043 Thread 0x0000020f6576bed0 nmethod 3264 0x0000020f5235c610 code [0x0000020f5235c7c0, 0x0000020f5235c928]
Event: 8.047 Thread 0x0000020f6576bed0 3265 %     3       com.sun.marlin.Renderer::_endRendering @ 235 (2473 bytes)
Event: 8.060 Thread 0x0000020f6576bed0 nmethod 3265% 0x0000020f5235ca90 code [0x0000020f5235d0a0, 0x0000020f52361e28]
Event: 8.060 Thread 0x0000020f6576bed0 3268       2       com.sun.prism.d3d.D3DContext::updateTexture (151 bytes)
Event: 8.061 Thread 0x0000020f6576bed0 nmethod 3268 0x0000020f52365b90 code [0x0000020f52365dc0, 0x0000020f52366338]
Event: 8.061 Thread 0x0000020f6576bed0 3266       2       com.sun.prism.impl.BaseContext::flushMask (97 bytes)
Event: 8.061 Thread 0x0000020f6576bed0 nmethod 3266 0x0000020f52366710 code [0x0000020f523668e0, 0x0000020f52366b68]
Event: 8.061 Thread 0x0000020f6576bed0 3267       2       com.sun.prism.d3d.D3DContext::renderQuads (18 bytes)
Event: 8.062 Thread 0x0000020f6576bed0 nmethod 3267 0x0000020f52366c90 code [0x0000020f52366e40, 0x0000020f52366f78]
Event: 8.062 Thread 0x0000020f6576bed0 3269       1       com.sun.scenario.effect.FilterContext::getReferent (5 bytes)
Event: 8.062 Thread 0x0000020f6576bed0 nmethod 3269 0x0000020f59985210 code [0x0000020f599853a0, 0x0000020f59985458]
Event: 8.062 Thread 0x0000020f6576bed0 3270       1       com.sun.prism.impl.BaseGraphics::setExtraAlpha (6 bytes)
Event: 8.062 Thread 0x0000020f6576bed0 nmethod 3270 0x0000020f59985510 code [0x0000020f599856a0, 0x0000020f59985778]
Event: 8.062 Thread 0x0000020f6576bed0 3271       1       com.sun.prism.impl.BaseContext::getAssociatedScreen (5 bytes)
Event: 8.062 Thread 0x0000020f6576bed0 nmethod 3271 0x0000020f59985810 code [0x0000020f599859a0, 0x0000020f59985a58]

GC Heap History (8 events):
Event: 0.662 GC heap before
{Heap before GC invocations=0 (full 0):
 garbage-first heap   total 65536K, used 13312K [0x00000000c1600000, 0x0000000100000000)
  region size 1024K, 13 young (13312K), 0 survivors (0K)
 Metaspace       used 521K, committed 704K, reserved 1114112K
  class space    used 28K, committed 128K, reserved 1048576K
}
Event: 0.676 GC heap after
{Heap after GC invocations=1 (full 0):
 garbage-first heap   total 65536K, used 1479K [0x00000000c1600000, 0x0000000100000000)
  region size 1024K, 2 young (2048K), 2 survivors (2048K)
 Metaspace       used 521K, committed 704K, reserved 1114112K
  class space    used 28K, committed 128K, reserved 1048576K
}
Event: 1.573 GC heap before
{Heap before GC invocations=1 (full 0):
 garbage-first heap   total 65536K, used 20935K [0x00000000c1600000, 0x0000000100000000)
  region size 1024K, 21 young (21504K), 2 survivors (2048K)
 Metaspace       used 2510K, committed 2688K, reserved 1114112K
  class space    used 249K, committed 320K, reserved 1048576K
}
Event: 1.583 GC heap after
{Heap after GC invocations=2 (full 0):
 garbage-first heap   total 65536K, used 3212K [0x00000000c1600000, 0x0000000100000000)
  region size 1024K, 3 young (3072K), 3 survivors (3072K)
 Metaspace       used 2510K, committed 2688K, reserved 1114112K
  class space    used 249K, committed 320K, reserved 1048576K
}
Event: 4.467 GC heap before
{Heap before GC invocations=2 (full 0):
 garbage-first heap   total 65536K, used 41100K [0x00000000c1600000, 0x0000000100000000)
  region size 1024K, 38 young (38912K), 3 survivors (3072K)
 Metaspace       used 12236K, committed 12544K, reserved 1114112K
  class space    used 1578K, committed 1728K, reserved 1048576K
}
Event: 4.480 GC heap after
{Heap after GC invocations=3 (full 0):
 garbage-first heap   total 65536K, used 12389K [0x00000000c1600000, 0x0000000100000000)
  region size 1024K, 5 young (5120K), 5 survivors (5120K)
 Metaspace       used 12236K, committed 12544K, reserved 1114112K
  class space    used 1578K, committed 1728K, reserved 1048576K
}
Event: 7.866 GC heap before
{Heap before GC invocations=3 (full 0):
 garbage-first heap   total 65536K, used 62565K [0x00000000c1600000, 0x0000000100000000)
  region size 1024K, 36 young (36864K), 5 survivors (5120K)
 Metaspace       used 18135K, committed 18432K, reserved 1114112K
  class space    used 2580K, committed 2688K, reserved 1048576K
}
Event: 7.887 GC heap after
{Heap after GC invocations=4 (full 0):
 garbage-first heap   total 74752K, used 37204K [0x00000000c1600000, 0x0000000100000000)
  region size 1024K, 5 young (5120K), 5 survivors (5120K)
 Metaspace       used 18135K, committed 18432K, reserved 1114112K
  class space    used 2580K, committed 2688K, reserved 1048576K
}

Dll operation events (20 events):
Event: 1.971 Loaded shared library C:\Users\Admin\.openjfx\cache\17.0.6\api-ms-win-crt-locale-l1-1-0.dll
Event: 1.978 Loaded shared library C:\Users\Admin\.openjfx\cache\17.0.6\api-ms-win-crt-math-l1-1-0.dll
Event: 1.988 Loaded shared library C:\Users\Admin\.openjfx\cache\17.0.6\api-ms-win-crt-multibyte-l1-1-0.dll
Event: 1.999 Loaded shared library C:\Users\Admin\.openjfx\cache\17.0.6\api-ms-win-crt-private-l1-1-0.dll
Event: 2.006 Loaded shared library C:\Users\Admin\.openjfx\cache\17.0.6\api-ms-win-crt-process-l1-1-0.dll
Event: 2.015 Loaded shared library C:\Users\Admin\.openjfx\cache\17.0.6\api-ms-win-crt-runtime-l1-1-0.dll
Event: 2.033 Loaded shared library C:\Users\Admin\.openjfx\cache\17.0.6\api-ms-win-crt-stdio-l1-1-0.dll
Event: 2.040 Loaded shared library C:\Users\Admin\.openjfx\cache\17.0.6\api-ms-win-crt-string-l1-1-0.dll
Event: 2.051 Loaded shared library C:\Users\Admin\.openjfx\cache\17.0.6\api-ms-win-crt-time-l1-1-0.dll
Event: 2.057 Loaded shared library C:\Users\Admin\.openjfx\cache\17.0.6\api-ms-win-crt-utility-l1-1-0.dll
Event: 2.159 Loaded shared library C:\Users\Admin\.openjfx\cache\17.0.6\ucrtbase.dll
Event: 2.171 Loaded shared library C:\Users\Admin\.openjfx\cache\17.0.6\vcruntime140.dll
Event: 2.177 Loaded shared library C:\Users\Admin\.openjfx\cache\17.0.6\vcruntime140_1.dll
Event: 2.201 Loaded shared library C:\Users\Admin\.openjfx\cache\17.0.6\msvcp140.dll
Event: 2.209 Loaded shared library C:\Users\Admin\.openjfx\cache\17.0.6\msvcp140_1.dll
Event: 2.222 Loaded shared library C:\Users\Admin\.openjfx\cache\17.0.6\msvcp140_2.dll
Event: 2.355 Loaded shared library C:\Users\Admin\.openjfx\cache\17.0.6\prism_d3d.dll
Event: 2.535 Loaded shared library C:\Users\Admin\.openjfx\cache\17.0.6\glass.dll
Event: 3.403 Loaded shared library C:\Users\Admin\.openjfx\cache\17.0.6\javafx_font.dll
Event: 3.943 Loaded shared library C:\Users\Admin\.openjfx\cache\17.0.6\javafx_iio.dll

Deoptimization events (20 events):
Event: 7.456 Thread 0x0000020f6a94e6e0 Uncommon trap: trap_request=0xffffffbe fr.pc=0x0000020f5996eab0 relative=0x0000000000000570
Event: 7.456 Thread 0x0000020f6a94e6e0 Uncommon trap: reason=profile_predicate action=maybe_recompile pc=0x0000020f5996eab0 method=com.sun.javafx.css.BitSet.addAll(Ljava/util/Collection;)Z @ 86 c2
Event: 7.456 Thread 0x0000020f6a94e6e0 DEOPT PACKING pc=0x0000020f5996eab0 sp=0x000000fef47fb040
Event: 7.456 Thread 0x0000020f6a94e6e0 DEOPT UNPACKING pc=0x0000020f59336da3 sp=0x000000fef47fafa0 mode 2
Event: 7.456 Thread 0x0000020f6a94e6e0 Uncommon trap: trap_request=0xffffffbe fr.pc=0x0000020f5996eab0 relative=0x0000000000000570
Event: 7.456 Thread 0x0000020f6a94e6e0 Uncommon trap: reason=profile_predicate action=maybe_recompile pc=0x0000020f5996eab0 method=com.sun.javafx.css.BitSet.addAll(Ljava/util/Collection;)Z @ 86 c2
Event: 7.456 Thread 0x0000020f6a94e6e0 DEOPT PACKING pc=0x0000020f5996eab0 sp=0x000000fef47fb040
Event: 7.456 Thread 0x0000020f6a94e6e0 DEOPT UNPACKING pc=0x0000020f59336da3 sp=0x000000fef47fafa0 mode 2
Event: 7.457 Thread 0x0000020f6a94e6e0 Uncommon trap: trap_request=0xffffffbe fr.pc=0x0000020f5996eab0 relative=0x0000000000000570
Event: 7.457 Thread 0x0000020f6a94e6e0 Uncommon trap: reason=profile_predicate action=maybe_recompile pc=0x0000020f5996eab0 method=com.sun.javafx.css.BitSet.addAll(Ljava/util/Collection;)Z @ 86 c2
Event: 7.457 Thread 0x0000020f6a94e6e0 DEOPT PACKING pc=0x0000020f5996eab0 sp=0x000000fef47fb580
Event: 7.457 Thread 0x0000020f6a94e6e0 DEOPT UNPACKING pc=0x0000020f59336da3 sp=0x000000fef47fb4e0 mode 2
Event: 7.457 Thread 0x0000020f6a94e6e0 Uncommon trap: trap_request=0xffffffbe fr.pc=0x0000020f5996eab0 relative=0x0000000000000570
Event: 7.457 Thread 0x0000020f6a94e6e0 Uncommon trap: reason=profile_predicate action=maybe_recompile pc=0x0000020f5996eab0 method=com.sun.javafx.css.BitSet.addAll(Ljava/util/Collection;)Z @ 86 c2
Event: 7.457 Thread 0x0000020f6a94e6e0 DEOPT PACKING pc=0x0000020f5996eab0 sp=0x000000fef47fb580
Event: 7.457 Thread 0x0000020f6a94e6e0 DEOPT UNPACKING pc=0x0000020f59336da3 sp=0x000000fef47fb4e0 mode 2
Event: 7.494 Thread 0x0000020f6a94e6e0 DEOPT PACKING pc=0x0000020f51eecb62 sp=0x000000fef47fa9d0
Event: 7.494 Thread 0x0000020f6a94e6e0 DEOPT UNPACKING pc=0x0000020f59337543 sp=0x000000fef47f9e38 mode 0
Event: 8.020 Thread 0x0000020f6a5984d0 DEOPT PACKING pc=0x0000020f5233e2b7 sp=0x000000fef3ffde70
Event: 8.020 Thread 0x0000020f6a5984d0 DEOPT UNPACKING pc=0x0000020f59337543 sp=0x000000fef3ffd228 mode 0

Classes loaded (20 events):
Event: 5.104 Loading class java/util/EnumMap$EnumMapIterator done
Event: 5.104 Loading class java/util/EnumMap$ValueIterator done
Event: 6.260 Loading class java/io/UnsupportedEncodingException
Event: 6.260 Loading class java/io/UnsupportedEncodingException done
Event: 6.874 Loading class java/lang/FdLibm$Hypot
Event: 6.875 Loading class java/lang/FdLibm$Hypot done
Event: 6.875 Loading class java/lang/FdLibm
Event: 6.875 Loading class java/lang/FdLibm done
Event: 7.115 Loading class java/util/BitSet
Event: 7.116 Loading class java/util/BitSet done
Event: 7.119 Loading class java/util/BitSet$1BitSetSpliterator
Event: 7.119 Loading class java/util/BitSet$1BitSetSpliterator done
Event: 7.121 Loading class java/util/stream/IntPipeline$1
Event: 7.121 Loading class java/util/stream/IntPipeline$1 done
Event: 7.121 Loading class java/util/stream/IntPipeline$1$1
Event: 7.121 Loading class java/util/stream/IntPipeline$1$1 done
Event: 8.025 Loading class java/lang/Throwable$WrappedPrintStream
Event: 8.025 Loading class java/lang/Throwable$PrintStreamOrWriter
Event: 8.025 Loading class java/lang/Throwable$PrintStreamOrWriter done
Event: 8.025 Loading class java/lang/Throwable$WrappedPrintStream done

Classes unloaded (0 events):
No events

Classes redefined (0 events):
No events

Internal exceptions (20 events):
Event: 4.497 Thread 0x0000020f6a94e6e0 Exception <a 'java/lang/NoSuchMethodError'{0x00000000c554b380}: 'java.lang.Object java.lang.invoke.DirectMethodHandle$Holder.invokeInterface(java.lang.Object, java.lang.Object, java.lang.Object)'> (0x00000000c554b380) 
thrown [s\open\src\hotspot\share\interpreter\linkResolver.cpp, line 774]
Event: 4.498 Thread 0x0000020f6a94e6e0 Exception <a 'java/lang/IncompatibleClassChangeError'{0x00000000c554ea50}: Found class java.lang.Object, but interface was expected> (0x00000000c554ea50) 
thrown [s\open\src\hotspot\share\interpreter\linkResolver.cpp, line 841]
Event: 4.591 Thread 0x0000020f6a94e6e0 Exception <a 'java/lang/NoSuchMethodError'{0x00000000c54e3550}: 'int java.lang.invoke.DirectMethodHandle$Holder.invokeSpecial(java.lang.Object, java.lang.Object, int)'> (0x00000000c54e3550) 
thrown [s\open\src\hotspot\share\interpreter\linkResolver.cpp, line 774]
Event: 4.632 Thread 0x0000020f6a94e6e0 Exception <a 'java/lang/NoSuchMethodError'{0x00000000c537ba30}: 'java.lang.Object java.lang.invoke.DirectMethodHandle$Holder.newInvokeSpecial(java.lang.Object, java.lang.Object, int)'> (0x00000000c537ba30) 
thrown [s\open\src\hotspot\share\interpreter\linkResolver.cpp, line 774]
Event: 4.676 Thread 0x0000020f6a5984d0 Exception <a 'java/lang/NoSuchMethodError'{0x00000000c53ea0a0}: 'int java.lang.invoke.DirectMethodHandle$Holder.invokeStaticInit(java.lang.Object, java.lang.Object)'> (0x00000000c53ea0a0) 
thrown [s\open\src\hotspot\share\interpreter\linkResolver.cpp, line 774]
Event: 6.338 Thread 0x0000020f6a94e6e0 Exception <a 'java/lang/NoSuchMethodError'{0x00000000c4e07bd0}: 'long java.lang.invoke.DirectMethodHandle$Holder.invokeStatic(java.lang.Object, java.lang.Object, java.lang.Object)'> (0x00000000c4e07bd0) 
thrown [s\open\src\hotspot\share\interpreter\linkResolver.cpp, line 774]
Event: 6.339 Thread 0x0000020f6a94e6e0 Exception <a 'java/lang/NoSuchMethodError'{0x00000000c4e0b248}: 'long java.lang.invoke.DirectMethodHandle$Holder.invokeStaticInit(java.lang.Object, java.lang.Object, java.lang.Object)'> (0x00000000c4e0b248) 
thrown [s\open\src\hotspot\share\interpreter\linkResolver.cpp, line 774]
Event: 6.346 Thread 0x0000020f6a94e6e0 Exception <a 'java/lang/NoSuchMethodError'{0x00000000c4e236e8}: 'java.lang.Object java.lang.invoke.DirectMethodHandle$Holder.newInvokeSpecial(java.lang.Object, java.lang.Object, long)'> (0x00000000c4e236e8) 
thrown [s\open\src\hotspot\share\interpreter\linkResolver.cpp, line 774]
Event: 6.347 Thread 0x0000020f6a94e6e0 Exception <a 'java/lang/NoSuchMethodError'{0x00000000c4e27270}: 'java.lang.Object java.lang.invoke.Invokers$Holder.linkToTargetMethod(java.lang.Object, long, java.lang.Object)'> (0x00000000c4e27270) 
thrown [s\open\src\hotspot\share\interpreter\linkResolver.cpp, line 774]
Event: 6.725 Thread 0x0000020f6a94e6e0 Exception <a 'java/lang/ClassNotFoundException'{0x00000000c4bd33a8}: com/sun/javafx/scene/control/skin/resources/controls> (0x00000000c4bd33a8) 
thrown [s\open\src\hotspot\share\prims\jni.cpp, line 536]
Event: 6.727 Thread 0x0000020f6a94e6e0 Exception <a 'java/lang/ClassNotFoundException'{0x00000000c4be1468}: com/sun/javafx/scene/control/skin/resources/controls_en> (0x00000000c4be1468) 
thrown [s\open\src\hotspot\share\prims\jni.cpp, line 536]
Event: 6.727 Thread 0x0000020f6a94e6e0 Exception <a 'java/lang/ClassNotFoundException'{0x00000000c4be2890}: com/sun/javafx/scene/control/skin/resources/controls_en_US> (0x00000000c4be2890) 
thrown [s\open\src\hotspot\share\prims\jni.cpp, line 536]
Event: 6.801 Thread 0x0000020f6a94e6e0 Implicit null exception at 0x0000020f598dd158 to 0x0000020f598dd1ee
Event: 6.804 Thread 0x0000020f6a94e6e0 Implicit null exception at 0x0000020f5991beac to 0x0000020f5991c114
Event: 6.806 Thread 0x0000020f6a94e6e0 Exception <a 'java/lang/NoSuchMethodError'{0x00000000c49560d0}: 'void java.lang.invoke.DirectMethodHandle$Holder.invokeSpecial(java.lang.Object, java.lang.Object, java.lang.Object, java.lang.Object, java.lang.Object, java.lang.Object)'> (0x00000000c49560d0) 
thrown [s\open\src\hotspot\share\interpreter\linkResolver.cpp, line 774]
Event: 6.815 Thread 0x0000020f6a94e6e0 Implicit null exception at 0x0000020f5991afac to 0x0000020f5991b1fc
Event: 7.149 Thread 0x0000020f6a94e6e0 Exception <a 'java/lang/NoSuchMethodError'{0x00000000c42b7968}: 'void java.lang.invoke.DirectMethodHandle$Holder.invokeSpecialIFC(java.lang.Object, java.lang.Object, java.lang.Object, java.lang.Object)'> (0x00000000c42b7968) 
thrown [s\open\src\hotspot\share\interpreter\linkResolver.cpp, line 774]
Event: 7.680 Thread 0x0000020f6a94e6e0 Exception <a 'java/lang/NoSuchMethodError'{0x00000000c3883e30}: 'void java.lang.invoke.DirectMethodHandle$Holder.invokeSpecial(java.lang.Object, java.lang.Object, int, int)'> (0x00000000c3883e30) 
thrown [s\open\src\hotspot\share\interpreter\linkResolver.cpp, line 774]
Event: 7.682 Thread 0x0000020f6a94e6e0 Exception <a 'java/lang/NoSuchMethodError'{0x00000000c388a8d8}: 'java.lang.Object java.lang.invoke.DirectMethodHandle$Holder.newInvokeSpecial(java.lang.Object, java.lang.Object, int, int)'> (0x00000000c388a8d8) 
thrown [s\open\src\hotspot\share\interpreter\linkResolver.cpp, line 774]
Event: 7.683 Thread 0x0000020f6a94e6e0 Exception <a 'java/lang/NoSuchMethodError'{0x00000000c388ed90}: 'java.lang.Object java.lang.invoke.DirectMethodHandle$Holder.invokeSpecial(java.lang.Object, java.lang.Object, java.lang.Object, int, int)'> (0x00000000c388ed90) 
thrown [s\open\src\hotspot\share\interpreter\linkResolver.cpp, line 774]

VM Operations (20 events):
Event: 3.412 Executing VM operation: HandshakeAllThreads
Event: 3.412 Executing VM operation: HandshakeAllThreads done
Event: 3.412 Executing VM operation: HandshakeAllThreads
Event: 3.413 Executing VM operation: HandshakeAllThreads done
Event: 4.394 Executing VM operation: ICBufferFull
Event: 4.394 Executing VM operation: ICBufferFull done
Event: 4.467 Executing VM operation: G1CollectForAllocation
Event: 4.481 Executing VM operation: G1CollectForAllocation done
Event: 5.481 Executing VM operation: Cleanup
Event: 5.481 Executing VM operation: Cleanup done
Event: 6.481 Executing VM operation: Cleanup
Event: 6.483 Executing VM operation: Cleanup done
Event: 6.803 Executing VM operation: HandshakeAllThreads
Event: 6.803 Executing VM operation: HandshakeAllThreads done
Event: 7.242 Executing VM operation: ICBufferFull
Event: 7.242 Executing VM operation: ICBufferFull done
Event: 7.604 Executing VM operation: ICBufferFull
Event: 7.604 Executing VM operation: ICBufferFull done
Event: 7.866 Executing VM operation: G1CollectForAllocation
Event: 7.887 Executing VM operation: G1CollectForAllocation done

Events (20 events):
Event: 0.120 Thread 0x0000020f6575f5d0 Thread added: 0x0000020f6575f5d0
Event: 0.121 Thread 0x0000020f65760100 Thread added: 0x0000020f65760100
Event: 0.121 Thread 0x0000020f65760c30 Thread added: 0x0000020f65760c30
Event: 0.121 Thread 0x0000020f65763570 Thread added: 0x0000020f65763570
Event: 0.121 Thread 0x0000020f65763ea0 Thread added: 0x0000020f65763ea0
Event: 0.122 Thread 0x0000020f65766b10 Thread added: 0x0000020f65766b10
Event: 0.123 Thread 0x0000020f6576bed0 Thread added: 0x0000020f6576bed0
Event: 0.123 Thread 0x0000020f6576d990 Thread added: 0x0000020f6576d990
Event: 0.236 Thread 0x0000020f6574d150 Thread added: 0x0000020f6574d150
Event: 0.375 Thread 0x0000020f69d02cf0 Thread added: 0x0000020f69d02cf0
Event: 1.308 Thread 0x0000020f6a147b60 Thread added: 0x0000020f6a147b60
Event: 1.308 Thread 0x0000020f6a19c3d0 Thread added: 0x0000020f6a19c3d0
Event: 2.140 Thread 0x0000020f69d02cf0 Thread exited: 0x0000020f69d02cf0
Event: 2.325 Thread 0x0000020f6a5984d0 Thread added: 0x0000020f6a5984d0
Event: 2.538 Thread 0x0000020f6a32ae40 Thread added: 0x0000020f6a32ae40
Event: 2.547 Thread 0x0000020f6a94e6e0 Thread added: 0x0000020f6a94e6e0
Event: 2.751 Thread 0x0000020f6abcdff0 Thread added: 0x0000020f6abcdff0
Event: 2.793 Thread 0x0000020f6a80d8c0 Thread added: 0x0000020f6a80d8c0
Event: 4.486 Thread 0x0000020f6ae4caa0 Thread added: 0x0000020f6ae4caa0
Event: 4.758 Thread 0x0000020f6ae4c550 Thread added: 0x0000020f6ae4c550


Dynamic libraries:
0x00007ff6f7de0000 - 0x00007ff6f7df0000 	C:\Program Files\Java\jdk-19\bin\java.exe
0x00007ffb6f5f0000 - 0x00007ffb6f7e8000 	C:\Windows\SYSTEM32\ntdll.dll
0x00007ffb6e9b0000 - 0x00007ffb6ea6f000 	C:\Windows\System32\KERNEL32.DLL
0x00007ffb6cf00000 - 0x00007ffb6d1f6000 	C:\Windows\System32\KERNELBASE.dll
0x00007ffb6d4b0000 - 0x00007ffb6d5b0000 	C:\Windows\System32\ucrtbase.dll
0x00007ffb464e0000 - 0x00007ffb464f8000 	C:\Program Files\Java\jdk-19\bin\jli.dll
0x00007ffb6dca0000 - 0x00007ffb6dd4f000 	C:\Windows\System32\ADVAPI32.dll
0x00007ffb6d930000 - 0x00007ffb6d9ce000 	C:\Windows\System32\msvcrt.dll
0x00007ffb3bcc0000 - 0x00007ffb3bcdb000 	C:\Program Files\Java\jdk-19\bin\VCRUNTIME140.dll
0x00007ffb6ea70000 - 0x00007ffb6eb0c000 	C:\Windows\System32\sechost.dll
0x00007ffb6eb40000 - 0x00007ffb6ec66000 	C:\Windows\System32\RPCRT4.dll
0x00007ffb6d700000 - 0x00007ffb6d89d000 	C:\Windows\System32\USER32.dll
0x00007ffb6cdf0000 - 0x00007ffb6ce12000 	C:\Windows\System32\win32u.dll
0x00007ffb6eb10000 - 0x00007ffb6eb3c000 	C:\Windows\System32\GDI32.dll
0x00007ffb59be0000 - 0x00007ffb59e7a000 	C:\Windows\WinSxS\amd64_microsoft.windows.common-controls_6595b64144ccf1df_6.0.19041.1110_none_60b5254171f9507e\COMCTL32.dll
0x00007ffb6d390000 - 0x00007ffb6d4a5000 	C:\Windows\System32\gdi32full.dll
0x00007ffb6d5b0000 - 0x00007ffb6d64d000 	C:\Windows\System32\msvcp_win.dll
0x00007ffb63610000 - 0x00007ffb6361a000 	C:\Windows\SYSTEM32\VERSION.dll
0x00007ffb6de30000 - 0x00007ffb6de60000 	C:\Windows\System32\IMM32.DLL
0x00007ffb3cca0000 - 0x00007ffb3ccac000 	C:\Program Files\Java\jdk-19\bin\vcruntime140_1.dll
0x00007ffb04b00000 - 0x00007ffb04b8e000 	C:\Program Files\Java\jdk-19\bin\msvcp140.dll
0x00007ffb03e40000 - 0x00007ffb04b00000 	C:\Program Files\Java\jdk-19\bin\server\jvm.dll
0x00007ffb44170000 - 0x00007ffb44179000 	C:\Windows\SYSTEM32\WSOCK32.dll
0x00007ffb6dc30000 - 0x00007ffb6dc9b000 	C:\Windows\System32\WS2_32.dll
0x00007ffb4e9c0000 - 0x00007ffb4e9e7000 	C:\Windows\SYSTEM32\WINMM.dll
0x00007ffb6aa70000 - 0x00007ffb6aa82000 	C:\Windows\SYSTEM32\kernel.appcore.dll
0x00007ffb36060000 - 0x00007ffb3606a000 	C:\Program Files\Java\jdk-19\bin\jimage.dll
0x00007ffb5f360000 - 0x00007ffb5f544000 	C:\Windows\SYSTEM32\DBGHELP.DLL
0x00007ffb5efc0000 - 0x00007ffb5eff4000 	C:\Windows\SYSTEM32\dbgcore.DLL
0x00007ffb6ce20000 - 0x00007ffb6cea2000 	C:\Windows\System32\bcryptPrimitives.dll
0x00007ffb67880000 - 0x00007ffb6788e000 	C:\Program Files\Java\jdk-19\bin\instrument.dll
0x00007ffb04f70000 - 0x00007ffb04f96000 	C:\Program Files\Java\jdk-19\bin\java.dll
0x00007ffb03d60000 - 0x00007ffb03e37000 	C:\Program Files\Java\jdk-19\bin\jsvml.dll
0x00007ffb6de60000 - 0x00007ffb6e5a4000 	C:\Windows\System32\SHELL32.dll
0x00007ffb6ad80000 - 0x00007ffb6b513000 	C:\Windows\SYSTEM32\windows.storage.dll
0x00007ffb6f170000 - 0x00007ffb6f4c4000 	C:\Windows\System32\combase.dll
0x00007ffb6c640000 - 0x00007ffb6c66e000 	C:\Windows\SYSTEM32\Wldp.dll
0x00007ffb6d650000 - 0x00007ffb6d6fd000 	C:\Windows\System32\SHCORE.dll
0x00007ffb6e670000 - 0x00007ffb6e6c5000 	C:\Windows\System32\shlwapi.dll
0x00007ffb6cc10000 - 0x00007ffb6cc2f000 	C:\Windows\SYSTEM32\profapi.dll
0x00007ffb106f0000 - 0x00007ffb10703000 	C:\Program Files\Java\jdk-19\bin\net.dll
0x00007ffb64e70000 - 0x00007ffb64f7a000 	C:\Windows\SYSTEM32\WINHTTP.dll
0x00007ffb6c3a0000 - 0x00007ffb6c40a000 	C:\Windows\system32\mswsock.dll
0x00007ffb04f50000 - 0x00007ffb04f66000 	C:\Program Files\Java\jdk-19\bin\nio.dll
0x00007ffb04f30000 - 0x00007ffb04f48000 	C:\Program Files\Java\jdk-19\bin\zip.dll
0x00007ffb688d0000 - 0x00007ffb688ea000 	D:\OOP\IntelliJ IDEA Community Edition 2023.1\bin\breakgen64.dll
0x0000020f49d40000 - 0x0000020f49d43000 	C:\Users\Admin\.openjfx\cache\17.0.6\api-ms-win-core-console-l1-1-0.dll
0x0000020f47d30000 - 0x0000020f47d33000 	C:\Users\Admin\.openjfx\cache\17.0.6\api-ms-win-core-console-l1-2-0.dll
0x0000020f47fd0000 - 0x0000020f47fd3000 	C:\Users\Admin\.openjfx\cache\17.0.6\api-ms-win-core-datetime-l1-1-0.dll
0x0000020f49d50000 - 0x0000020f49d53000 	C:\Users\Admin\.openjfx\cache\17.0.6\api-ms-win-core-debug-l1-1-0.dll
0x0000020f49d60000 - 0x0000020f49d63000 	C:\Users\Admin\.openjfx\cache\17.0.6\api-ms-win-core-errorhandling-l1-1-0.dll
0x0000020f49d70000 - 0x0000020f49d74000 	C:\Users\Admin\.openjfx\cache\17.0.6\api-ms-win-core-file-l1-1-0.dll
0x0000020f49d80000 - 0x0000020f49d83000 	C:\Users\Admin\.openjfx\cache\17.0.6\api-ms-win-core-file-l1-2-0.dll
0x0000020f49d90000 - 0x0000020f49d93000 	C:\Users\Admin\.openjfx\cache\17.0.6\api-ms-win-core-file-l2-1-0.dll
0x0000020f49da0000 - 0x0000020f49da3000 	C:\Users\Admin\.openjfx\cache\17.0.6\api-ms-win-core-handle-l1-1-0.dll
0x0000020f49db0000 - 0x0000020f49db3000 	C:\Users\Admin\.openjfx\cache\17.0.6\api-ms-win-core-heap-l1-1-0.dll
0x0000020f49dc0000 - 0x0000020f49dc3000 	C:\Users\Admin\.openjfx\cache\17.0.6\api-ms-win-core-interlocked-l1-1-0.dll
0x0000020f49dd0000 - 0x0000020f49dd3000 	C:\Users\Admin\.openjfx\cache\17.0.6\api-ms-win-core-libraryloader-l1-1-0.dll
0x0000020f49de0000 - 0x0000020f49de3000 	C:\Users\Admin\.openjfx\cache\17.0.6\api-ms-win-core-localization-l1-2-0.dll
0x0000020f49df0000 - 0x0000020f49df3000 	C:\Users\Admin\.openjfx\cache\17.0.6\api-ms-win-core-memory-l1-1-0.dll
0x0000020f65930000 - 0x0000020f65933000 	C:\Users\Admin\.openjfx\cache\17.0.6\api-ms-win-core-namedpipe-l1-1-0.dll
0x0000020f65940000 - 0x0000020f65943000 	C:\Users\Admin\.openjfx\cache\17.0.6\api-ms-win-core-processenvironment-l1-1-0.dll
0x0000020f65950000 - 0x0000020f65953000 	C:\Users\Admin\.openjfx\cache\17.0.6\api-ms-win-core-processthreads-l1-1-0.dll
0x0000020f65960000 - 0x0000020f65963000 	C:\Users\Admin\.openjfx\cache\17.0.6\api-ms-win-core-processthreads-l1-1-1.dll
0x0000020f65970000 - 0x0000020f65973000 	C:\Users\Admin\.openjfx\cache\17.0.6\api-ms-win-core-profile-l1-1-0.dll
0x0000020f65980000 - 0x0000020f65983000 	C:\Users\Admin\.openjfx\cache\17.0.6\api-ms-win-core-rtlsupport-l1-1-0.dll
0x0000020f65990000 - 0x0000020f65993000 	C:\Users\Admin\.openjfx\cache\17.0.6\api-ms-win-core-string-l1-1-0.dll
0x0000020f659a0000 - 0x0000020f659a3000 	C:\Users\Admin\.openjfx\cache\17.0.6\api-ms-win-core-synch-l1-1-0.dll
0x0000020f659b0000 - 0x0000020f659b3000 	C:\Users\Admin\.openjfx\cache\17.0.6\api-ms-win-core-synch-l1-2-0.dll
0x0000020f659c0000 - 0x0000020f659c3000 	C:\Users\Admin\.openjfx\cache\17.0.6\api-ms-win-core-sysinfo-l1-1-0.dll
0x0000020f659d0000 - 0x0000020f659d3000 	C:\Users\Admin\.openjfx\cache\17.0.6\api-ms-win-core-timezone-l1-1-0.dll
0x0000020f659e0000 - 0x0000020f659e3000 	C:\Users\Admin\.openjfx\cache\17.0.6\api-ms-win-core-util-l1-1-0.dll
0x0000020f659f0000 - 0x0000020f659f3000 	C:\Users\Admin\.openjfx\cache\17.0.6\api-ms-win-crt-conio-l1-1-0.dll
0x0000020f65a00000 - 0x0000020f65a04000 	C:\Users\Admin\.openjfx\cache\17.0.6\api-ms-win-crt-convert-l1-1-0.dll
0x0000020f65a10000 - 0x0000020f65a13000 	C:\Users\Admin\.openjfx\cache\17.0.6\api-ms-win-crt-environment-l1-1-0.dll
0x0000020f65a20000 - 0x0000020f65a23000 	C:\Users\Admin\.openjfx\cache\17.0.6\api-ms-win-crt-filesystem-l1-1-0.dll
0x0000020f65a30000 - 0x0000020f65a33000 	C:\Users\Admin\.openjfx\cache\17.0.6\api-ms-win-crt-heap-l1-1-0.dll
0x0000020f65a40000 - 0x0000020f65a43000 	C:\Users\Admin\.openjfx\cache\17.0.6\api-ms-win-crt-locale-l1-1-0.dll
0x0000020f65a50000 - 0x0000020f65a55000 	C:\Users\Admin\.openjfx\cache\17.0.6\api-ms-win-crt-math-l1-1-0.dll
0x0000020f65a60000 - 0x0000020f65a65000 	C:\Users\Admin\.openjfx\cache\17.0.6\api-ms-win-crt-multibyte-l1-1-0.dll
0x0000020f65a70000 - 0x0000020f65a80000 	C:\Users\Admin\.openjfx\cache\17.0.6\api-ms-win-crt-private-l1-1-0.dll
0x0000020f65a80000 - 0x0000020f65a83000 	C:\Users\Admin\.openjfx\cache\17.0.6\api-ms-win-crt-process-l1-1-0.dll
0x0000020f65a90000 - 0x0000020f65a94000 	C:\Users\Admin\.openjfx\cache\17.0.6\api-ms-win-crt-runtime-l1-1-0.dll
0x0000020f65aa0000 - 0x0000020f65aa4000 	C:\Users\Admin\.openjfx\cache\17.0.6\api-ms-win-crt-stdio-l1-1-0.dll
0x0000020f65ab0000 - 0x0000020f65ab4000 	C:\Users\Admin\.openjfx\cache\17.0.6\api-ms-win-crt-string-l1-1-0.dll
0x0000020f65ac0000 - 0x0000020f65ac3000 	C:\Users\Admin\.openjfx\cache\17.0.6\api-ms-win-crt-time-l1-1-0.dll
0x0000020f65ad0000 - 0x0000020f65ad3000 	C:\Users\Admin\.openjfx\cache\17.0.6\api-ms-win-crt-utility-l1-1-0.dll
0x00007ffb3d020000 - 0x00007ffb3d11c000 	C:\Users\Admin\.openjfx\cache\17.0.6\ucrtbase.dll
0x00007ffb688b0000 - 0x00007ffb688ca000 	C:\Users\Admin\.openjfx\cache\17.0.6\vcruntime140.dll
0x00007ffb688a0000 - 0x00007ffb688ac000 	C:\Users\Admin\.openjfx\cache\17.0.6\vcruntime140_1.dll
0x00007ffb3cd60000 - 0x00007ffb3cded000 	C:\Users\Admin\.openjfx\cache\17.0.6\msvcp140.dll
0x00007ffb68890000 - 0x00007ffb68899000 	C:\Users\Admin\.openjfx\cache\17.0.6\msvcp140_1.dll
0x00007ffb60390000 - 0x00007ffb603bf000 	C:\Users\Admin\.openjfx\cache\17.0.6\msvcp140_2.dll
0x00007ffb450f0000 - 0x00007ffb4511a000 	C:\Users\Admin\.openjfx\cache\17.0.6\prism_d3d.dll
0x00007ffb1fad0000 - 0x00007ffb1fc9d000 	C:\Windows\system32\d3d9.dll
0x00007ffb6aa90000 - 0x00007ffb6aabf000 	C:\Windows\SYSTEM32\dwmapi.dll
0x00007ffb6a6b0000 - 0x00007ffb6a74e000 	C:\Windows\system32\uxtheme.dll
0x00007ffb0dff0000 - 0x00007ffb1052d000 	C:\Windows\SYSTEM32\igdumdim64.dll
0x00007ffb6e6d0000 - 0x00007ffb6e79d000 	C:\Windows\System32\OLEAUT32.dll
0x00007ffb6daf0000 - 0x00007ffb6dc1a000 	C:\Windows\System32\ole32.dll
0x00007ffb6ec70000 - 0x00007ffb6f0d8000 	C:\Windows\System32\SETUPAPI.dll
0x00007ffb6ceb0000 - 0x00007ffb6cefe000 	C:\Windows\System32\cfgmgr32.dll
0x00007ffb6d200000 - 0x00007ffb6d227000 	C:\Windows\System32\bcrypt.dll
0x00007ffb450a0000 - 0x00007ffb450e2000 	C:\Users\Admin\.openjfx\cache\17.0.6\glass.dll
0x00007ffb6f4d0000 - 0x00007ffb6f5aa000 	C:\Windows\System32\COMDLG32.dll
0x00007ffb6d9d0000 - 0x00007ffb6dae4000 	C:\Windows\System32\MSCTF.dll
0x00007ffb60ff0000 - 0x00007ffb61a30000 	C:\Windows\SYSTEM32\igdusc64.dll
0x00007ffb63620000 - 0x00007ffb6365b000 	C:\Windows\SYSTEM32\dxcore.dll
0x00007ffb461c0000 - 0x00007ffb461d4000 	C:\Users\Admin\.openjfx\cache\17.0.6\javafx_font.dll
0x00007ffb4abc0000 - 0x00007ffb4ae3f000 	C:\Windows\SYSTEM32\dwrite.dll
0x00007ffb43d40000 - 0x00007ffb43d6d000 	C:\Users\Admin\.openjfx\cache\17.0.6\javafx_iio.dll
0x00007ffb6e5b0000 - 0x00007ffb6e659000 	C:\Windows\System32\clbcatq.dll
0x00007ffb64cb0000 - 0x00007ffb64e64000 	C:\Windows\SYSTEM32\WindowsCodecs.dll
0x00007ffb49370000 - 0x00007ffb493ae000 	C:\Windows\system32\dataexchange.dll
0x00007ffb68e00000 - 0x00007ffb69063000 	C:\Windows\system32\d3d11.dll
0x00007ffb698e0000 - 0x00007ffb69ac3000 	C:\Windows\system32\dcomp.dll
0x00007ffb6b6a0000 - 0x00007ffb6b793000 	C:\Windows\system32\dxgi.dll
0x00007ffb65320000 - 0x00007ffb65527000 	C:\Windows\system32\twinapi.appcore.dll
0x00007ffb3d240000 - 0x00007ffb3d274000 	C:\Program Files\Common Files\Microsoft Shared\Ink\rtscom.dll
0x00007ffb4de60000 - 0x00007ffb4df59000 	C:\Windows\SYSTEM32\textinputframework.dll
0x00007ffb69e90000 - 0x00007ffb6a1ee000 	C:\Windows\System32\CoreUIComponents.dll
0x00007ffb6a1f0000 - 0x00007ffb6a2e2000 	C:\Windows\System32\CoreMessaging.dll
0x00007ffb6bde0000 - 0x00007ffb6be13000 	C:\Windows\SYSTEM32\ntmarta.dll
0x00007ffb69630000 - 0x00007ffb69784000 	C:\Windows\SYSTEM32\wintypes.dll

dbghelp: loaded successfully - version: 4.0.5 - missing functions: none
symbol engine: initialized successfully - sym options: 0x614 - pdb path: .;C:\Program Files\Java\jdk-19\bin;C:\Windows\SYSTEM32;C:\Windows\WinSxS\amd64_microsoft.windows.common-controls_6595b64144ccf1df_6.0.19041.1110_none_60b5254171f9507e;C:\Program Files\Java\jdk-19\bin\server;D:\OOP\IntelliJ IDEA Community Edition 2023.1\bin;C:\Users\Admin\.openjfx\cache\17.0.6;C:\Program Files\Common Files\Microsoft Shared\Ink

VM Arguments:
jvm_args: -javaagent:D:\OOP\IntelliJ IDEA Community Edition 2023.1\lib\idea_rt.jar=50699:D:\OOP\IntelliJ IDEA Community Edition 2023.1\bin -Dfile.encoding=UTF-8 -Dsun.stdout.encoding=UTF-8 -Dsun.stderr.encoding=UTF-8 --module-path=C:\Users\Admin\.m2\repository\org\apache\poi\poi-ooxml\5.1.0\poi-ooxml-5.1.0.jar;C:\Users\Admin\.m2\repository\org\openjfx\javafx-base\17.0.6\javafx-base-17.0.6-win.jar;C:\Users\Admin\.m2\repository\com\zaxxer\SparseBitSet\1.2\SparseBitSet-1.2.jar;C:\Users\Admin\.m2\repository\org\apache\poi\poi\5.1.0\poi-5.1.0.jar;C:\Users\Admin\.m2\repository\org\apache\commons\commons-math3\3.6.1\commons-math3-3.6.1.jar;C:\Users\Admin\.m2\repository\org\apache\xmlbeans\xmlbeans\5.0.2\xmlbeans-5.0.2.jar;C:\Users\Admin\.m2\repository\commons-codec\commons-codec\1.15\commons-codec-1.15.jar;C:\Users\Admin\.m2\repository\org\apache\commons\commons-collections4\4.4\commons-collections4-4.4.jar;C:\Users\Admin\.m2\repository\org\apache\poi\poi-ooxml-lite\5.1.0\poi-ooxml-lite-5.1.0.jar;C:\Users\Admin\.m2\repository\org\hibernate\hibernate-core\5.4.12.Final\hibernate-core-5.4.12.Final.jar;C:\Users\Admin\.m2\repository\org\apache\commons\commons-compress\1.21\commons-compress-1.21.jar;C:\Users\Admin\.m2\repository\org\apache\logging\log4j\log4j-api\2.14.1\log4j-api-2.14.1.jar;C:\Users\Admin\.m2\repository\org\openjfx\javafx-controls\17.0.6\javafx-controls-17.0.6-win.jar;C:\Users\Admin\.m2\repository\org\openjfx\javafx-fxml\17.0.6\javafx-fxml-17.0.6-win.jar;C:\Users\Admin\.m2\repository\javax\persistence\javax.persistence-api\2.2\javax.persistence-api-2.2.jar;C:\Users\Admin\.m2\repository\org\openjfx\javafx-graphics\17.0.6\javafx-graphics-17.0.6-win.jar;C:\Users\Admin\.m2\repository\commons-io\commons-io\2.11.0\commons-io-2.11.0.jar;C:\Users\Admin\ssss\target\classes -Djdk.module.main=com.example.project 
java_command: com.example.project/com.example.project.Main1
java_class_path (initial): C:\Users\Admin\.m2\repository\org\apache\logging\log4j\log4j-core\2.14.1\log4j-core-2.14.1.jar;C:\Users\Admin\.m2\repository\com\github\virtuald\curvesapi\1.06\curvesapi-1.06.jar;C:\Users\Admin\.m2\repository\org\openjfx\javafx-controls\17.0.6\javafx-controls-17.0.6.jar;C:\Users\Admin\.m2\repository\org\openjfx\javafx-graphics\17.0.6\javafx-graphics-17.0.6.jar;C:\Users\Admin\.m2\repository\org\openjfx\javafx-base\17.0.6\javafx-base-17.0.6.jar;C:\Users\Admin\.m2\repository\org\openjfx\javafx-fxml\17.0.6\javafx-fxml-17.0.6.jar;C:\Users\Admin\.m2\repository\org\jboss\logging\jboss-logging\3.3.2.Final\jboss-logging-3.3.2.Final.jar;C:\Users\Admin\.m2\repository\org\javassist\javassist\3.24.0-GA\javassist-3.24.0-GA.jar;C:\Users\Admin\.m2\repository\net\bytebuddy\byte-buddy\1.10.7\byte-buddy-1.10.7.jar;C:\Users\Admin\.m2\repository\antlr\antlr\2.7.7\antlr-2.7.7.jar;C:\Users\Admin\.m2\repository\org\jboss\spec\javax\transaction\jboss-transaction-api_1.2_spec\1.1.1.Final\jboss-transaction-api_1.2_spec-1.1.1.Final.jar;C:\Users\Admin\.m2\repository\org\jboss\jandex\2.1.1.Final\jandex-2.1.1.Final.jar;C:\Users\Admin\.m2\repository\com\fasterxml\classmate\1.5.1\classmate-1.5.1.jar;C:\Users\Admin\.m2\repository\javax\activation\javax.activation-api\1.2.0\javax.activation-api-1.2.0.jar;C:\Users\Admin\.m2\repository\org\dom4j\dom4j\2.1.1\dom4j-2.1.1.jar;C:\Users\Admin\.m2\repository\org\hibernate\common\hibernate-commons-annotations\5.1.0.Final\hibernate-commons-annotations-5.1.0.Final.jar;C:\Users\Admin\.m2\repository\javax\xml\bind\jaxb-api\2.3.1\jaxb-api-2.3.1.jar;C:\Users\Admin\.m2\repository\org\glassfish\jaxb\jaxb-runtime\2.3.1\jaxb-runtime-2.3.1.jar;C:\Users\Admin\.m2\repository\org\glassfish\jaxb\txw2\2.3.1\txw2-2.3.1.jar;C:\Users\Admin\.m2\repository\com\sun\istack\istack-commons-runtime\3.0.7\istack-commons-runtime-3.0.7.jar;C:\Users\Admin\.m2\repository\org\jvnet\staxex\stax-ex\1.8\stax-ex-1.8.jar;C:\Users\Admin\.m2\repository\com\sun\xml\fastinfoset\FastInfoset\1.2.15\FastInfoset-1.2.15.jar;C:\Users\Admin\.m2\repository\com\microsoft\sqlserver\mssql-jdbc\7.4.1.jre8\mssql-jdbc-7.4.1.jre8.jar
Launcher Type: SUN_STANDARD

[Global flags]
     intx CICompilerCount                          = 3                                         {product} {ergonomic}
     uint ConcGCThreads                            = 1                                         {product} {ergonomic}
     uint G1ConcRefinementThreads                  = 4                                         {product} {ergonomic}
   size_t G1HeapRegionSize                         = 1048576                                   {product} {ergonomic}
    uintx GCDrainStackTargetSize                   = 64                                        {product} {ergonomic}
   size_t InitialHeapSize                          = 67108864                                  {product} {ergonomic}
   size_t MarkStackSize                            = 4194304                                   {product} {ergonomic}
   size_t MaxHeapSize                              = 1050673152                                {product} {ergonomic}
   size_t MaxNewSize                               = 630194176                                 {product} {ergonomic}
   size_t MinHeapDeltaBytes                        = 1048576                                   {product} {ergonomic}
   size_t MinHeapSize                              = 8388608                                   {product} {ergonomic}
    uintx NonNMethodCodeHeapSize                   = 5832780                                {pd product} {ergonomic}
    uintx NonProfiledCodeHeapSize                  = 122912730                              {pd product} {ergonomic}
    uintx ProfiledCodeHeapSize                     = 122912730                              {pd product} {ergonomic}
    uintx ReservedCodeCacheSize                    = 251658240                              {pd product} {ergonomic}
     bool SegmentedCodeCache                       = true                                      {product} {ergonomic}
   size_t SoftMaxHeapSize                          = 1050673152                             {manageable} {ergonomic}
     bool UseCompressedClassPointers               = true                           {product lp64_product} {ergonomic}
     bool UseCompressedOops                        = true                           {product lp64_product} {ergonomic}
     bool UseG1GC                                  = true                                      {product} {ergonomic}
     bool UseLargePagesIndividualAllocation        = false                                  {pd product} {ergonomic}

Logging:
Log output configuration:
 #0: stdout all=warning uptime,level,tags foldmultilines=false
 #1: stderr all=off uptime,level,tags foldmultilines=false

Environment Variables:
JAVA_HOME=C:\Program Files\Java\jdk-19
PATH=C:\Program Files\Common Files\Oracle\Java\javapath;C:\Windows\system32;C:\Windows;C:\Windows\System32\Wbem;C:\Windows\System32\WindowsPowerShell\v1.0\;C:\Windows\System32\OpenSSH\;C:\Program Files (x86)\Microsoft SQL Server\160\DTS\Binn\;C:\Program Files\Azure Data Studio\bin;C:\Program Files (x86)\Microsoft SQL Server\160\Tools\Binn\;C:\Program Files\Microsoft SQL Server\160\Tools\Binn\;C:\Program Files\Microsoft SQL Server\Client SDK\ODBC\170\Tools\Binn\;C:\Program Files\Microsoft SQL Server\160\DTS\Binn\;C:\Program Files\Git\cmd;C:\Program Files\Java\jdk-19\bin;C:\Users\Admin\AppData\Local\Microsoft\WindowsApps;C:\Program Files (x86)\mingw-w64\i686-8.1.0-posix-dwarf-rt_v6-rev0\mingw32\bin;C:\Program Files (x86)\mingw-w64\i686-8.1.0-posix-dwarf-rt_v6-rev0\mingw32\bin;C:\Users\Admin\AppData\Local\Programs\Microsoft VS Code\bin;D:\OOP\IntelliJ IDEA 2023.1\bin;;C:\Program Files\Java\jdk-19\bin;;D:\OOP\IntelliJ IDEA Community Edition 2023.1\bin;;C:\Program Files\Azure Data Studio\bin
USERNAME=Admin
OS=Windows_NT
PROCESSOR_IDENTIFIER=Intel64 Family 6 Model 61 Stepping 4, GenuineIntel
TMP=C:\Users\Admin\AppData\Local\Temp
TEMP=C:\Users\Admin\AppData\Local\Temp



---------------  S Y S T E M  ---------------

OS:
 Windows 10 , 64 bit Build 19041 (10.0.19041.3031)
OS uptime: 0 days 0:39 hours

CPU: total 4 (initial active 4) (2 cores per cpu, 2 threads per core) family 6 model 61 stepping 4 microcode 0x2d, cx8, cmov, fxsr, ht, mmx, 3dnowpref, sse, sse2, sse3, ssse3, sse4.1, sse4.2, popcnt, lzcnt, tsc, tscinvbit, avx, avx2, aes, erms, clmul, bmi1, bmi2, adx, fma, vzeroupper, clflush, rdtscp

Memory: 4k page, system-wide physical 4007M (331M free)
TotalPageFile size 8103M (AvailPageFile size 34M)
current process WorkingSet (physical memory assigned to process): 209M, peak: 212M
current process commit charge ("private bytes"): 261M, peak: 268M

vm_info: Java HotSpot(TM) 64-Bit Server VM (19.0.2+7-44) for windows-amd64 JRE (19.0.2+7-44), built on 2022-11-30T18:02:09Z by "mach5one" with MS VC++ 17.1 (VS2022)

END.
