#
# There is insufficient memory for the Java Runtime Environment to continue.
# Native memory allocation (malloc) failed to allocate 739376 bytes for Chunk::new
# Possible reasons:
#   The system is out of physical RAM or swap space
#   The process is running with CompressedOops enabled, and the Java Heap may be blocking the growth of the native heap
# Possible solutions:
#   Reduce memory load on the system
#   Increase physical memory or swap space
#   Check if swap backing store is full
#   Decrease Java heap size (-Xmx/-Xms)
#   Decrease number of Java threads
#   Decrease Java thread stack sizes (-Xss)
#   Set larger code cache with -XX:ReservedCodeCacheSize=
#   JVM is running with Unscaled Compressed Oops mode in which the Java heap is
#     placed in the first 4GB address space. The Java Heap base address is the
#     maximum limit for the native heap growth. Please use -XX:HeapBaseMinAddress
#     to set the Java Heap base and to place the Java Heap above 4GB virtual address.
# This output file may be truncated or incomplete.
#
#  Out of Memory Error (arena.cpp:184), pid=1068, tid=11572
#
# JRE version: Java(TM) SE Runtime Environment (19.0.2+7) (build 19.0.2+7-44)
# Java VM: Java HotSpot(TM) 64-Bit Server VM (19.0.2+7-44, mixed mode, sharing, tiered, compressed oops, compressed class ptrs, g1 gc, windows-amd64)
# No core dump will be written. Minidumps are not enabled by default on client versions of Windows
#

---------------  S U M M A R Y ------------

Command Line: -javaagent:D:\OOP\IntelliJ IDEA Community Edition 2023.1\lib\idea_rt.jar=50977:D:\OOP\IntelliJ IDEA Community Edition 2023.1\bin -Dfile.encoding=UTF-8 -Dsun.stdout.encoding=UTF-8 -Dsun.stderr.encoding=UTF-8 --module-path=C:\Users\Admin\ssss\target\classes;C:\Users\Admin\.m2\repository\org\openjfx\javafx-base\17.0.6\javafx-base-17.0.6-win.jar;C:\Users\Admin\.m2\repository\org\apache\poi\poi-ooxml\5.1.0\poi-ooxml-5.1.0.jar;C:\Users\Admin\.m2\repository\com\zaxxer\SparseBitSet\1.2\SparseBitSet-1.2.jar;C:\Users\Admin\.m2\repository\org\apache\poi\poi-ooxml-lite\5.1.0\poi-ooxml-lite-5.1.0.jar;C:\Users\Admin\.m2\repository\org\hibernate\hibernate-core\5.4.12.Final\hibernate-core-5.4.12.Final.jar;C:\Users\Admin\.m2\repository\org\apache\commons\commons-collections4\4.4\commons-collections4-4.4.jar;C:\Users\Admin\.m2\repository\org\apache\commons\commons-math3\3.6.1\commons-math3-3.6.1.jar;C:\Users\Admin\.m2\repository\commons-codec\commons-codec\1.15\commons-codec-1.15.jar;C:\Users\Admin\.m2\repository\commons-io\commons-io\2.11.0\commons-io-2.11.0.jar;C:\Users\Admin\.m2\repository\org\openjfx\javafx-controls\17.0.6\javafx-controls-17.0.6-win.jar;C:\Users\Admin\.m2\repository\org\apache\logging\log4j\log4j-api\2.14.1\log4j-api-2.14.1.jar;C:\Users\Admin\.m2\repository\org\apache\xmlbeans\xmlbeans\5.0.2\xmlbeans-5.0.2.jar;C:\Users\Admin\.m2\repository\org\apache\poi\poi\5.1.0\poi-5.1.0.jar;C:\Users\Admin\.m2\repository\org\openjfx\javafx-fxml\17.0.6\javafx-fxml-17.0.6-win.jar;C:\Users\Admin\.m2\repository\org\openjfx\javafx-graphics\17.0.6\javafx-graphics-17.0.6-win.jar;C:\Users\Admin\.m2\repository\javax\persistence\javax.persistence-api\2.2\javax.persistence-api-2.2.jar;C:\Users\Admin\.m2\repository\org\apache\commons\commons-compress\1.21\commons-compress-1.21.jar -Djdk.module.main=com.example.project com.example.project/com.example.project.Main1

Host: Intel(R) Core(TM) i5-5200U CPU @ 2.20GHz, 4 cores, 3G,  Windows 10 , 64 bit Build 19041 (10.0.19041.3031)
Time: Thu Jun 29 21:39:24 2023 SE Asia Standard Time elapsed time: 44.997502 seconds (0d 0h 0m 44s)

---------------  T H R E A D  ---------------

Current thread (0x000002654fd3c1b0):  JavaThread "C2 CompilerThread0" daemon [_thread_in_native, id=11572, stack(0x000000b630300000,0x000000b630400000)]


Current CompileTask:
C2:  44997 7106       4       com.sun.javafx.css.StyleManager$Cache::getStyleMap (400 bytes)

Stack: [0x000000b630300000,0x000000b630400000]
Native frames: (J=compiled Java code, j=interpreted, Vv=VM code, C=native code)
V  [jvm.dll+0x6ee21a]
V  [jvm.dll+0x85765e]
V  [jvm.dll+0x85904e]
V  [jvm.dll+0x859703]
V  [jvm.dll+0x28298f]
V  [jvm.dll+0xc9adf]
V  [jvm.dll+0xc9e65]
V  [jvm.dll+0x3bca12]
V  [jvm.dll+0x3860e1]
V  [jvm.dll+0x38555a]
V  [jvm.dll+0x24c3d9]
V  [jvm.dll+0x24b781]
V  [jvm.dll+0x1d6ce1]
V  [jvm.dll+0x25b25a]
V  [jvm.dll+0x2596e8]
V  [jvm.dll+0x807588]
V  [jvm.dll+0x80125a]
V  [jvm.dll+0x6ecf0b]
C  [ucrtbase.dll+0x21bb2]
C  [KERNEL32.DLL+0x17614]
C  [ntdll.dll+0x526f1]


---------------  P R O C E S S  ---------------

Threads class SMR info:
_java_thread_list=0x000002655a83c6c0, length=21, elements={
0x00000265344034a0, 0x000002654fd2c560, 0x000002654fd2dc30, 0x000002654fd31940,
0x000002654fd32470, 0x000002654fd35550, 0x000002654fd36760, 0x000002654fd3c1b0,
0x000002654fd3cb20, 0x000002654fd3e410, 0x0000026554065a20, 0x00000265546b0a30,
0x0000026554624e10, 0x0000026554e2b770, 0x0000026554ea5510, 0x0000026554ea8210,
0x000002655521c0e0, 0x0000026554e712f0, 0x000002655493fae0, 0x0000026554940030,
0x0000026554940ad0
}

Java Threads: ( => current thread )
  0x00000265344034a0 JavaThread "main" [_thread_blocked, id=11392, stack(0x000000b62f600000,0x000000b62f700000)]
  0x000002654fd2c560 JavaThread "Reference Handler" daemon [_thread_blocked, id=3852, stack(0x000000b62fd00000,0x000000b62fe00000)]
  0x000002654fd2dc30 JavaThread "Finalizer" daemon [_thread_blocked, id=3020, stack(0x000000b62fe00000,0x000000b62ff00000)]
  0x000002654fd31940 JavaThread "Signal Dispatcher" daemon [_thread_blocked, id=1924, stack(0x000000b62ff00000,0x000000b630000000)]
  0x000002654fd32470 JavaThread "Attach Listener" daemon [_thread_blocked, id=1676, stack(0x000000b630000000,0x000000b630100000)]
  0x000002654fd35550 JavaThread "Service Thread" daemon [_thread_blocked, id=11708, stack(0x000000b630100000,0x000000b630200000)]
  0x000002654fd36760 JavaThread "Monitor Deflation Thread" daemon [_thread_blocked, id=9148, stack(0x000000b630200000,0x000000b630300000)]
=>0x000002654fd3c1b0 JavaThread "C2 CompilerThread0" daemon [_thread_in_native, id=11572, stack(0x000000b630300000,0x000000b630400000)]
  0x000002654fd3cb20 JavaThread "C1 CompilerThread0" daemon [_thread_blocked, id=692, stack(0x000000b630400000,0x000000b630500000)]
  0x000002654fd3e410 JavaThread "Sweeper thread" daemon [_thread_blocked, id=8152, stack(0x000000b630500000,0x000000b630600000)]
  0x0000026554065a20 JavaThread "Common-Cleaner" daemon [_thread_blocked, id=8280, stack(0x000000b630600000,0x000000b630700000)]
  0x00000265546b0a30 JavaThread "Monitor Ctrl-Break" daemon [_thread_in_native, id=7424, stack(0x000000b630a00000,0x000000b630b00000)]
  0x0000026554624e10 JavaThread "Notification Thread" daemon [_thread_blocked, id=1184, stack(0x000000b630b00000,0x000000b630c00000)]
  0x0000026554e2b770 JavaThread "QuantumRenderer-0" daemon [_thread_blocked, id=11144, stack(0x000000b630700000,0x000000b630800000)]
  0x0000026554ea5510 JavaThread "InvokeLaterDispatcher" daemon [_thread_blocked, id=4116, stack(0x000000b630e00000,0x000000b630f00000)]
  0x0000026554ea8210 JavaThread "JavaFX Application Thread" [_thread_in_native, id=4548, stack(0x000000b630f00000,0x000000b631000000)]
  0x000002655521c0e0 JavaThread "Thread-1" daemon [_thread_in_native, id=11912, stack(0x000000b631300000,0x000000b631400000)]
  0x0000026554e712f0 JavaThread "JavaFX-Launcher" [_thread_blocked, id=11056, stack(0x000000b631400000,0x000000b631500000)]
  0x000002655493fae0 JavaThread "Hibernate Connection Pool Validation Thread" daemon [_thread_blocked, id=6304, stack(0x000000b631600000,0x000000b631700000)]
  0x0000026554940030 JavaThread "Prism Font Disposer" daemon [_thread_blocked, id=2568, stack(0x000000b631b00000,0x000000b631c00000)]
  0x0000026554940ad0 JavaThread "Cleaner-0" daemon [_thread_blocked, id=8476, stack(0x000000b631c00000,0x000000b631d00000)]

Other Threads:
  0x00000265344c3c90 VMThread "VM Thread" [stack: 0x000000b62fc00000,0x000000b62fd00000] [id=9308]
  0x00000265542e24d0 WatcherThread "VM Periodic Task Thread" [stack: 0x000000b630c00000,0x000000b630d00000] [id=884]
  0x0000026534443cc0 WorkerThread "GC Thread#0" [stack: 0x000000b62f700000,0x000000b62f800000] [id=2436]
  0x00000265544b3560 WorkerThread "GC Thread#1" [stack: 0x000000b630800000,0x000000b630900000] [id=2452]
  0x00000265544db3c0 WorkerThread "GC Thread#2" [stack: 0x000000b630900000,0x000000b630a00000] [id=2756]
  0x00000265547c7c80 WorkerThread "GC Thread#3" [stack: 0x000000b630d00000,0x000000b630e00000] [id=10880]
  0x000002653444c960 ConcurrentGCThread "G1 Main Marker" [stack: 0x000000b62f800000,0x000000b62f900000] [id=8448]
  0x000002653444d390 WorkerThread "G1 Conc#0" [stack: 0x000000b62f900000,0x000000b62fa00000] [id=10084]
  0x000002653449ee50 ConcurrentGCThread "G1 Refine#0" [stack: 0x000000b62fa00000,0x000000b62fb00000] [id=4628]
  0x000002653449f990 ConcurrentGCThread "G1 Service" [stack: 0x000000b62fb00000,0x000000b62fc00000] [id=1708]

Threads with active compile tasks:
C2 CompilerThread0    45061 7106       4       com.sun.javafx.css.StyleManager$Cache::getStyleMap (400 bytes)

VM state: not at safepoint (normal execution)

VM Mutex/Monitor currently owned by a thread: None

Heap address: 0x00000000c1600000, size: 1002 MB, Compressed Oops mode: 32-bit

CDS archive(s) mapped at: [0x0000000800000000-0x0000000800c40000-0x0000000800c40000), size 12845056, SharedBaseAddress: 0x0000000800000000, ArchiveRelocationMode: 0.
Compressed class space mapped at: 0x0000000801000000-0x0000000841000000, reserved size: 1073741824
Narrow klass base: 0x0000000800000000, Narrow klass shift: 0, Narrow klass range: 0x100000000

GC Precious Log:
 CardTable entry size: 512
 Card Set container configuration: InlinePtr #cards 5 size 8 Array Of Cards #cards 12 size 40 Howl #buckets 4 coarsen threshold 1843 Howl Bitmap #cards 512 size 80 coarsen threshold 460 Card regions per heap region 1 cards per card region 2048
 CPUs: 4 total, 4 available
 Memory: 4007M
 Large Page Support: Disabled
 NUMA Support: Disabled
 Compressed Oops: Enabled (32-bit)
 Heap Region Size: 1M
 Heap Min Capacity: 8M
 Heap Initial Capacity: 64M
 Heap Max Capacity: 1002M
 Pre-touch: Disabled
 Parallel Workers: 4
 Concurrent Workers: 1
 Concurrent Refinement Workers: 4
 Periodic GC: Disabled

Heap:
 garbage-first heap   total 81920K, used 55993K [0x00000000c1600000, 0x0000000100000000)
  region size 1024K, 9 young (9216K), 3 survivors (3072K)
 Metaspace       used 54791K, committed 55232K, reserved 1114112K
  class space    used 7208K, committed 7424K, reserved 1048576K

Heap Regions: E=young(eden), S=young(survivor), O=old, HS=humongous(starts), HC=humongous(continues), CS=collection set, F=free, OA=open archive, CA=closed archive, TAMS=top-at-mark-start (previous, next)
|   0|0x00000000c1600000, 0x00000000c1700000, 0x00000000c1700000|100%| O|  |TAMS 0x00000000c1700000, 0x00000000c1600000| Untracked 
|   1|0x00000000c1700000, 0x00000000c1800000, 0x00000000c1800000|100%|HS|  |TAMS 0x00000000c1800000, 0x00000000c1700000| Complete 
|   2|0x00000000c1800000, 0x00000000c1900000, 0x00000000c1900000|100%| O|  |TAMS 0x00000000c1900000, 0x00000000c1800000| Untracked 
|   3|0x00000000c1900000, 0x00000000c1a00000, 0x00000000c1a00000|100%|HS|  |TAMS 0x00000000c1a00000, 0x00000000c1900000| Complete 
|   4|0x00000000c1a00000, 0x00000000c1b00000, 0x00000000c1b00000|100%|HC|  |TAMS 0x00000000c1b00000, 0x00000000c1a00000| Complete 
|   5|0x00000000c1b00000, 0x00000000c1c00000, 0x00000000c1c00000|100%| O|  |TAMS 0x00000000c1c00000, 0x00000000c1b00000| Untracked 
|   6|0x00000000c1c00000, 0x00000000c1d00000, 0x00000000c1d00000|100%| O|  |TAMS 0x00000000c1d00000, 0x00000000c1c00000| Untracked 
|   7|0x00000000c1d00000, 0x00000000c1e00000, 0x00000000c1e00000|100%| O|  |TAMS 0x00000000c1e00000, 0x00000000c1d00000| Untracked 
|   8|0x00000000c1e00000, 0x00000000c1f00000, 0x00000000c1f00000|100%| O|  |TAMS 0x00000000c1f00000, 0x00000000c1e00000| Untracked 
|   9|0x00000000c1f00000, 0x00000000c2000000, 0x00000000c2000000|100%| O|  |TAMS 0x00000000c2000000, 0x00000000c1f00000| Untracked 
|  10|0x00000000c2000000, 0x00000000c2100000, 0x00000000c2100000|100%| O|  |TAMS 0x00000000c2100000, 0x00000000c2000000| Untracked 
|  11|0x00000000c2100000, 0x00000000c2200000, 0x00000000c2200000|100%| O|  |TAMS 0x00000000c2200000, 0x00000000c2100000| Untracked 
|  12|0x00000000c2200000, 0x00000000c2300000, 0x00000000c2300000|100%| O|  |TAMS 0x00000000c2300000, 0x00000000c2200000| Untracked 
|  13|0x00000000c2300000, 0x00000000c2400000, 0x00000000c2400000|100%| O|  |TAMS 0x00000000c2400000, 0x00000000c2300000| Untracked 
|  14|0x00000000c2400000, 0x00000000c2500000, 0x00000000c2500000|100%| O|  |TAMS 0x00000000c2500000, 0x00000000c2400000| Untracked 
|  15|0x00000000c2500000, 0x00000000c2600000, 0x00000000c2600000|100%| O|  |TAMS 0x00000000c2600000, 0x00000000c2500000| Untracked 
|  16|0x00000000c2600000, 0x00000000c2700000, 0x00000000c2700000|100%| O|  |TAMS 0x00000000c2700000, 0x00000000c2600000| Untracked 
|  17|0x00000000c2700000, 0x00000000c2800000, 0x00000000c2800000|100%| O|  |TAMS 0x00000000c2800000, 0x00000000c2700000| Untracked 
|  18|0x00000000c2800000, 0x00000000c2900000, 0x00000000c2900000|100%| O|  |TAMS 0x00000000c2900000, 0x00000000c2800000| Untracked 
|  19|0x00000000c2900000, 0x00000000c2a00000, 0x00000000c2a00000|100%|HS|  |TAMS 0x00000000c2a00000, 0x00000000c2900000| Complete 
|  20|0x00000000c2a00000, 0x00000000c2b00000, 0x00000000c2b00000|100%|HC|  |TAMS 0x00000000c2b00000, 0x00000000c2a00000| Complete 
|  21|0x00000000c2b00000, 0x00000000c2c00000, 0x00000000c2c00000|100%|HS|  |TAMS 0x00000000c2c00000, 0x00000000c2b00000| Complete 
|  22|0x00000000c2c00000, 0x00000000c2d00000, 0x00000000c2d00000|100%|HC|  |TAMS 0x00000000c2d00000, 0x00000000c2c00000| Complete 
|  23|0x00000000c2d00000, 0x00000000c2e00000, 0x00000000c2e00000|100%|HS|  |TAMS 0x00000000c2e00000, 0x00000000c2d00000| Complete 
|  24|0x00000000c2e00000, 0x00000000c2f00000, 0x00000000c2f00000|100%|HC|  |TAMS 0x00000000c2f00000, 0x00000000c2e00000| Complete 
|  25|0x00000000c2f00000, 0x00000000c3000000, 0x00000000c3000000|100%|HC|  |TAMS 0x00000000c3000000, 0x00000000c2f00000| Complete 
|  26|0x00000000c3000000, 0x00000000c3100000, 0x00000000c3100000|100%|HS|  |TAMS 0x00000000c3100000, 0x00000000c3000000| Complete 
|  27|0x00000000c3100000, 0x00000000c3200000, 0x00000000c3200000|100%|HC|  |TAMS 0x00000000c3200000, 0x00000000c3100000| Complete 
|  28|0x00000000c3200000, 0x00000000c3300000, 0x00000000c3300000|100%| O|  |TAMS 0x00000000c32d2400, 0x00000000c3200000| Untracked 
|  29|0x00000000c3300000, 0x00000000c3400000, 0x00000000c3400000|100%|HS|  |TAMS 0x00000000c3400000, 0x00000000c3300000| Complete 
|  30|0x00000000c3400000, 0x00000000c3500000, 0x00000000c3500000|100%|HC|  |TAMS 0x00000000c3500000, 0x00000000c3400000| Complete 
|  31|0x00000000c3500000, 0x00000000c3600000, 0x00000000c3600000|100%|HC|  |TAMS 0x00000000c3600000, 0x00000000c3500000| Complete 
|  32|0x00000000c3600000, 0x00000000c3700000, 0x00000000c3700000|100%|HS|  |TAMS 0x00000000c3700000, 0x00000000c3600000| Complete 
|  33|0x00000000c3700000, 0x00000000c3800000, 0x00000000c3800000|100%|HC|  |TAMS 0x00000000c3800000, 0x00000000c3700000| Complete 
|  34|0x00000000c3800000, 0x00000000c3900000, 0x00000000c3900000|100%|HS|  |TAMS 0x00000000c3800000, 0x00000000c3800000| Complete 
|  35|0x00000000c3900000, 0x00000000c3a00000, 0x00000000c3a00000|100%|HC|  |TAMS 0x00000000c3900000, 0x00000000c3900000| Complete 
|  36|0x00000000c3a00000, 0x00000000c3b00000, 0x00000000c3b00000|100%|HC|  |TAMS 0x00000000c3a00000, 0x00000000c3a00000| Complete 
|  37|0x00000000c3b00000, 0x00000000c3c00000, 0x00000000c3c00000|100%|HS|  |TAMS 0x00000000c3b00000, 0x00000000c3b00000| Complete 
|  38|0x00000000c3c00000, 0x00000000c3d00000, 0x00000000c3d00000|100%|HC|  |TAMS 0x00000000c3c00000, 0x00000000c3c00000| Complete 
|  39|0x00000000c3d00000, 0x00000000c3e00000, 0x00000000c3e00000|100%|HC|  |TAMS 0x00000000c3d00000, 0x00000000c3d00000| Complete 
|  40|0x00000000c3e00000, 0x00000000c3f00000, 0x00000000c3f00000|100%| O|  |TAMS 0x00000000c3e00000, 0x00000000c3e00000| Untracked 
|  41|0x00000000c3f00000, 0x00000000c3f00000, 0x00000000c4000000|  0%| F|  |TAMS 0x00000000c3f00000, 0x00000000c3f00000| Untracked 
|  42|0x00000000c4000000, 0x00000000c4000000, 0x00000000c4100000|  0%| F|  |TAMS 0x00000000c4000000, 0x00000000c4000000| Untracked 
|  43|0x00000000c4100000, 0x00000000c4100000, 0x00000000c4200000|  0%| F|  |TAMS 0x00000000c4100000, 0x00000000c4100000| Untracked 
|  44|0x00000000c4200000, 0x00000000c4200000, 0x00000000c4300000|  0%| F|  |TAMS 0x00000000c4200000, 0x00000000c4200000| Untracked 
|  45|0x00000000c4300000, 0x00000000c4400000, 0x00000000c4400000|100%|HS|  |TAMS 0x00000000c4300000, 0x00000000c4300000| Complete 
|  46|0x00000000c4400000, 0x00000000c4500000, 0x00000000c4500000|100%|HC|  |TAMS 0x00000000c4400000, 0x00000000c4400000| Complete 
|  47|0x00000000c4500000, 0x00000000c4600000, 0x00000000c4600000|100%|HC|  |TAMS 0x00000000c4500000, 0x00000000c4500000| Complete 
|  48|0x00000000c4600000, 0x00000000c4700000, 0x00000000c4700000|100%| O|  |TAMS 0x00000000c4600000, 0x00000000c4600000| Untracked 
|  49|0x00000000c4700000, 0x00000000c4800000, 0x00000000c4800000|100%| O|  |TAMS 0x00000000c4700000, 0x00000000c4700000| Untracked 
|  50|0x00000000c4800000, 0x00000000c48ae600, 0x00000000c4900000| 68%| O|  |TAMS 0x00000000c4800000, 0x00000000c4800000| Untracked 
|  51|0x00000000c4900000, 0x00000000c4900000, 0x00000000c4a00000|  0%| F|  |TAMS 0x00000000c4900000, 0x00000000c4900000| Untracked 
|  52|0x00000000c4a00000, 0x00000000c4a00000, 0x00000000c4b00000|  0%| F|  |TAMS 0x00000000c4a00000, 0x00000000c4a00000| Untracked 
|  53|0x00000000c4b00000, 0x00000000c4b00000, 0x00000000c4c00000|  0%| F|  |TAMS 0x00000000c4b00000, 0x00000000c4b00000| Untracked 
|  54|0x00000000c4c00000, 0x00000000c4c00000, 0x00000000c4d00000|  0%| F|  |TAMS 0x00000000c4c00000, 0x00000000c4c00000| Untracked 
|  55|0x00000000c4d00000, 0x00000000c4d00000, 0x00000000c4e00000|  0%| F|  |TAMS 0x00000000c4d00000, 0x00000000c4d00000| Untracked 
|  56|0x00000000c4e00000, 0x00000000c4e00000, 0x00000000c4f00000|  0%| F|  |TAMS 0x00000000c4e00000, 0x00000000c4e00000| Untracked 
|  57|0x00000000c4f00000, 0x00000000c4f00000, 0x00000000c5000000|  0%| F|  |TAMS 0x00000000c4f00000, 0x00000000c4f00000| Untracked 
|  58|0x00000000c5000000, 0x00000000c5000000, 0x00000000c5100000|  0%| F|  |TAMS 0x00000000c5000000, 0x00000000c5000000| Untracked 
|  59|0x00000000c5100000, 0x00000000c5200000, 0x00000000c5200000|100%| S|CS|TAMS 0x00000000c5100000, 0x00000000c5100000| Complete 
|  60|0x00000000c5200000, 0x00000000c5300000, 0x00000000c5300000|100%| S|CS|TAMS 0x00000000c5200000, 0x00000000c5200000| Complete 
|  61|0x00000000c5300000, 0x00000000c5400000, 0x00000000c5400000|100%| S|CS|TAMS 0x00000000c5300000, 0x00000000c5300000| Complete 
|  62|0x00000000c5400000, 0x00000000c5400000, 0x00000000c5500000|  0%| F|  |TAMS 0x00000000c5400000, 0x00000000c5400000| Untracked 
|  63|0x00000000c5500000, 0x00000000c5500000, 0x00000000c5600000|  0%| F|  |TAMS 0x00000000c5500000, 0x00000000c5500000| Untracked 
|  64|0x00000000c5600000, 0x00000000c5600000, 0x00000000c5700000|  0%| F|  |TAMS 0x00000000c5600000, 0x00000000c5600000| Untracked 
|  65|0x00000000c5700000, 0x00000000c5700000, 0x00000000c5800000|  0%| F|  |TAMS 0x00000000c5700000, 0x00000000c5700000| Untracked 
|  66|0x00000000c5800000, 0x00000000c5800000, 0x00000000c5900000|  0%| F|  |TAMS 0x00000000c5800000, 0x00000000c5800000| Untracked 
|  67|0x00000000c5900000, 0x00000000c5900000, 0x00000000c5a00000|  0%| F|  |TAMS 0x00000000c5900000, 0x00000000c5900000| Untracked 
|  68|0x00000000c5a00000, 0x00000000c5a00000, 0x00000000c5b00000|  0%| F|  |TAMS 0x00000000c5a00000, 0x00000000c5a00000| Untracked 
|  69|0x00000000c5b00000, 0x00000000c5b00000, 0x00000000c5c00000|  0%| F|  |TAMS 0x00000000c5b00000, 0x00000000c5b00000| Untracked 
|  70|0x00000000c5c00000, 0x00000000c5c00000, 0x00000000c5d00000|  0%| F|  |TAMS 0x00000000c5c00000, 0x00000000c5c00000| Untracked 
|  71|0x00000000c5d00000, 0x00000000c5d00000, 0x00000000c5e00000|  0%| F|  |TAMS 0x00000000c5d00000, 0x00000000c5d00000| Untracked 
|  72|0x00000000c5e00000, 0x00000000c5e00000, 0x00000000c5f00000|  0%| F|  |TAMS 0x00000000c5e00000, 0x00000000c5e00000| Untracked 
|  73|0x00000000c5f00000, 0x00000000c5f00000, 0x00000000c6000000|  0%| F|  |TAMS 0x00000000c5f00000, 0x00000000c5f00000| Untracked 
|  74|0x00000000c6000000, 0x00000000c60cd2c0, 0x00000000c6100000| 80%| E|  |TAMS 0x00000000c6000000, 0x00000000c6000000| Complete 
|  75|0x00000000c6100000, 0x00000000c6200000, 0x00000000c6200000|100%| E|CS|TAMS 0x00000000c6100000, 0x00000000c6100000| Complete 
|  76|0x00000000c6200000, 0x00000000c6300000, 0x00000000c6300000|100%| E|CS|TAMS 0x00000000c6200000, 0x00000000c6200000| Complete 
|  77|0x00000000c6300000, 0x00000000c6400000, 0x00000000c6400000|100%| E|CS|TAMS 0x00000000c6300000, 0x00000000c6300000| Complete 
|  78|0x00000000c6400000, 0x00000000c6500000, 0x00000000c6500000|100%| E|CS|TAMS 0x00000000c6400000, 0x00000000c6400000| Complete 
|  79|0x00000000c6500000, 0x00000000c6600000, 0x00000000c6600000|100%| E|CS|TAMS 0x00000000c6500000, 0x00000000c6500000| Complete 

Card table byte_map: [0x000002654b570000,0x000002654b770000] _byte_map_base: 0x000002654af65000

Marking Bits (Prev, Next): (CMBitMap*) 0x00000265344442f0, (CMBitMap*) 0x0000026534444330
 Prev Bits: [0x000002654b970000, 0x000002654c918000)
 Next Bits: [0x000002654c920000, 0x000002654d8c8000)

Polling page: 0x00000265322c0000

Metaspace:

Usage:
  Non-class:     46.47 MB used.
      Class:      7.04 MB used.
       Both:     53.51 MB used.

Virtual space:
  Non-class space:       64.00 MB reserved,      46.69 MB ( 73%) committed,  1 nodes.
      Class space:        1.00 GB reserved,       7.25 MB ( <1%) committed,  1 nodes.
             Both:        1.06 GB reserved,      53.94 MB (  5%) committed. 

Chunk freelists:
   Non-Class:  1.02 MB
       Class:  749.00 KB
        Both:  1.75 MB

MaxMetaspaceSize: unlimited
CompressedClassSpaceSize: 1.00 GB
Initial GC threshold: 21.00 MB
Current GC threshold: 88.12 MB
CDS: on
MetaspaceReclaimPolicy: balanced
 - commit_granule_bytes: 65536.
 - commit_granule_words: 8192.
 - virtual_space_node_default_size: 8388608.
 - enlarge_chunks_in_place: 1.
 - new_chunks_are_fully_committed: 0.
 - uncommit_free_chunks: 1.
 - use_allocation_guard: 0.


Internal statistics:

num_allocs_failed_limit: 6.
num_arena_births: 520.
num_arena_deaths: 0.
num_vsnodes_births: 2.
num_vsnodes_deaths: 0.
num_space_committed: 863.
num_space_uncommitted: 0.
num_chunks_returned_to_freelist: 6.
num_chunks_taken_from_freelist: 2114.
num_chunk_merges: 3.
num_chunk_splits: 1554.
num_chunks_enlarged: 1305.
num_inconsistent_stats: 0.

CodeHeap 'non-profiled nmethods': size=120000Kb used=3230Kb max_used=3230Kb free=116769Kb
 bounds [0x0000026543e40000, 0x0000026544170000, 0x000002654b370000]
CodeHeap 'profiled nmethods': size=120000Kb used=15463Kb max_used=15463Kb free=104536Kb
 bounds [0x000002653c370000, 0x000002653d290000, 0x00000265438a0000]
CodeHeap 'non-nmethods': size=5760Kb used=1723Kb max_used=1772Kb free=4036Kb
 bounds [0x00000265438a0000, 0x0000026543b10000, 0x0000026543e40000]
 total_blobs=8164 nmethods=7116 adapters=957
 compilation: enabled
              stopped_count=0, restarted_count=0
 full_count=0

Compilation events (20 events):
Event: 44.900 Thread 0x000002654fd3cb20 7112       3       javafx.scene.effect.Effect$1::getBounds (11 bytes)
Event: 44.901 Thread 0x000002654fd3cb20 nmethod 7112 0x000002653d269990 code [0x000002653d269b40, 0x000002653d269d28]
Event: 44.901 Thread 0x000002654fd3cb20 7113       3       javafx.scene.effect.Effect::getInputBounds (30 bytes)
Event: 44.901 Thread 0x000002654fd3cb20 nmethod 7113 0x000002653d269e10 code [0x000002653d269fe0, 0x000002653d26a418]
Event: 44.901 Thread 0x000002654fd3cb20 7114       3       javafx.scene.Node$$Lambda$146/0x0000000801100ff0::getGeomBounds (7 bytes)
Event: 44.902 Thread 0x000002654fd3cb20 nmethod 7114 0x000002653d26a610 code [0x000002653d26a7c0, 0x000002653d26a9e8]
Event: 44.902 Thread 0x000002654fd3cb20 7115       3       javafx.scene.control.skin.LabeledSkinBase::updateDisplayedText (996 bytes)
Event: 44.942 Thread 0x000002654fd3cb20 nmethod 7115 0x000002653d26ab10 code [0x000002653d26c180, 0x000002653d27c958]
Event: 44.942 Thread 0x000002654fd3cb20 7122       3       com.sun.javafx.geom.transform.AffineBase::<init> (5 bytes)
Event: 44.942 Thread 0x000002654fd3cb20 nmethod 7122 0x000002653d281b90 code [0x000002653d281d40, 0x000002653d281ef8]
Event: 44.942 Thread 0x000002654fd3cb20 7121       3       com.sun.scenario.effect.ImageData::unref (103 bytes)
Event: 44.943 Thread 0x000002654fd3cb20 nmethod 7121 0x000002653d282010 code [0x000002653d282240, 0x000002653d282ba8]
Event: 44.943 Thread 0x000002654fd3cb20 7116       3       javafx.stage.PopupWindow::updateWindow (379 bytes)
Event: 44.954 Thread 0x000002654fd3cb20 nmethod 7116 0x000002653d282e10 code [0x000002653d283480, 0x000002653d287248]
Event: 44.954 Thread 0x000002654fd3cb20 7117       3       javafx.stage.Window::setWidth (22 bytes)
Event: 44.955 Thread 0x000002654fd3cb20 nmethod 7117 0x000002653d288d90 code [0x000002653d288fc0, 0x000002653d2898f8]
Event: 44.955 Thread 0x000002654fd3cb20 7119       1       javafx.stage.Screen::getVisualBounds (5 bytes)
Event: 44.956 Thread 0x000002654fd3cb20 nmethod 7119 0x0000026544167590 code [0x0000026544167720, 0x00000265441677d8]
Event: 44.956 Thread 0x000002654fd3cb20 7120       1       javafx.stage.Screen::getBounds (5 bytes)
Event: 44.956 Thread 0x000002654fd3cb20 nmethod 7120 0x0000026544167890 code [0x0000026544167a20, 0x0000026544167ad8]

GC Heap History (20 events):
Event: 10.469 GC heap before
{Heap before GC invocations=6 (full 0):
 garbage-first heap   total 58368K, used 18606K [0x00000000c1600000, 0x0000000100000000)
  region size 1024K, 6 young (6144K), 5 survivors (5120K)
 Metaspace       used 35183K, committed 35520K, reserved 1114112K
  class space    used 4394K, committed 4544K, reserved 1048576K
}
Event: 10.483 GC heap after
{Heap after GC invocations=7 (full 0):
 garbage-first heap   total 58368K, used 17953K [0x00000000c1600000, 0x0000000100000000)
  region size 1024K, 1 young (1024K), 1 survivors (1024K)
 Metaspace       used 35183K, committed 35520K, reserved 1114112K
  class space    used 4394K, committed 4544K, reserved 1048576K
}
Event: 10.756 GC heap before
{Heap before GC invocations=7 (full 0):
 garbage-first heap   total 58368K, used 20001K [0x00000000c1600000, 0x0000000100000000)
  region size 1024K, 4 young (4096K), 1 survivors (1024K)
 Metaspace       used 35798K, committed 36096K, reserved 1114112K
  class space    used 4473K, committed 4608K, reserved 1048576K
}
Event: 10.761 GC heap after
{Heap after GC invocations=8 (full 0):
 garbage-first heap   total 58368K, used 17484K [0x00000000c1600000, 0x0000000100000000)
  region size 1024K, 1 young (1024K), 1 survivors (1024K)
 Metaspace       used 35798K, committed 36096K, reserved 1114112K
  class space    used 4473K, committed 4608K, reserved 1048576K
}
Event: 15.689 GC heap before
{Heap before GC invocations=9 (full 0):
 garbage-first heap   total 58368K, used 43084K [0x00000000c1600000, 0x0000000100000000)
  region size 1024K, 26 young (26624K), 1 survivors (1024K)
 Metaspace       used 41788K, committed 42112K, reserved 1114112K
  class space    used 5325K, committed 5504K, reserved 1048576K
}
Event: 15.694 GC heap after
{Heap after GC invocations=10 (full 0):
 garbage-first heap   total 58368K, used 18568K [0x00000000c1600000, 0x0000000100000000)
  region size 1024K, 2 young (2048K), 2 survivors (2048K)
 Metaspace       used 41788K, committed 42112K, reserved 1114112K
  class space    used 5325K, committed 5504K, reserved 1048576K
}
Event: 18.429 GC heap before
{Heap before GC invocations=10 (full 0):
 garbage-first heap   total 58368K, used 19592K [0x00000000c1600000, 0x0000000100000000)
  region size 1024K, 3 young (3072K), 2 survivors (2048K)
 Metaspace       used 41975K, committed 42304K, reserved 1114112K
  class space    used 5333K, committed 5504K, reserved 1048576K
}
Event: 18.433 GC heap after
{Heap after GC invocations=11 (full 0):
 garbage-first heap   total 58368K, used 18533K [0x00000000c1600000, 0x0000000100000000)
  region size 1024K, 1 young (1024K), 1 survivors (1024K)
 Metaspace       used 41975K, committed 42304K, reserved 1114112K
  class space    used 5333K, committed 5504K, reserved 1048576K
}
Event: 23.752 GC heap before
{Heap before GC invocations=11 (full 0):
 garbage-first heap   total 58368K, used 45157K [0x00000000c1600000, 0x0000000100000000)
  region size 1024K, 26 young (26624K), 1 survivors (1024K)
 Metaspace       used 49390K, committed 49792K, reserved 1114112K
  class space    used 6314K, committed 6528K, reserved 1048576K
}
Event: 23.756 GC heap after
{Heap after GC invocations=12 (full 0):
 garbage-first heap   total 58368K, used 22379K [0x00000000c1600000, 0x0000000100000000)
  region size 1024K, 2 young (2048K), 2 survivors (2048K)
 Metaspace       used 49390K, committed 49792K, reserved 1114112K
  class space    used 6314K, committed 6528K, reserved 1048576K
}
Event: 23.900 GC heap before
{Heap before GC invocations=12 (full 0):
 garbage-first heap   total 58368K, used 29547K [0x00000000c1600000, 0x0000000100000000)
  region size 1024K, 5 young (5120K), 2 survivors (2048K)
 Metaspace       used 49903K, committed 50368K, reserved 1114112K
  class space    used 6442K, committed 6656K, reserved 1048576K
}
Event: 23.905 GC heap after
{Heap after GC invocations=13 (full 0):
 garbage-first heap   total 58368K, used 27862K [0x00000000c1600000, 0x0000000100000000)
  region size 1024K, 3 young (3072K), 3 survivors (3072K)
 Metaspace       used 49903K, committed 50368K, reserved 1114112K
  class space    used 6442K, committed 6656K, reserved 1048576K
}
Event: 23.934 GC heap before
{Heap before GC invocations=13 (full 0):
 garbage-first heap   total 58368K, used 29910K [0x00000000c1600000, 0x0000000100000000)
  region size 1024K, 4 young (4096K), 3 survivors (3072K)
 Metaspace       used 49928K, committed 50368K, reserved 1114112K
  class space    used 6442K, committed 6656K, reserved 1048576K
}
Event: 23.939 GC heap after
{Heap after GC invocations=14 (full 0):
 garbage-first heap   total 70656K, used 30000K [0x00000000c1600000, 0x0000000100000000)
  region size 1024K, 1 young (1024K), 1 survivors (1024K)
 Metaspace       used 49928K, committed 50368K, reserved 1114112K
  class space    used 6442K, committed 6656K, reserved 1048576K
}
Event: 23.964 GC heap before
{Heap before GC invocations=14 (full 0):
 garbage-first heap   total 70656K, used 33072K [0x00000000c1600000, 0x0000000100000000)
  region size 1024K, 2 young (2048K), 1 survivors (1024K)
 Metaspace       used 49945K, committed 50368K, reserved 1114112K
  class space    used 6442K, committed 6656K, reserved 1048576K
}
Event: 23.967 GC heap after
{Heap after GC invocations=15 (full 0):
 garbage-first heap   total 70656K, used 33046K [0x00000000c1600000, 0x0000000100000000)
  region size 1024K, 1 young (1024K), 1 survivors (1024K)
 Metaspace       used 49945K, committed 50368K, reserved 1114112K
  class space    used 6442K, committed 6656K, reserved 1048576K
}
Event: 27.863 GC heap before
{Heap before GC invocations=16 (full 0):
 garbage-first heap   total 70656K, used 57622K [0x00000000c1600000, 0x0000000100000000)
  region size 1024K, 24 young (24576K), 1 survivors (1024K)
 Metaspace       used 53666K, committed 54144K, reserved 1114112K
  class space    used 7189K, committed 7424K, reserved 1048576K
}
Event: 27.870 GC heap after
{Heap after GC invocations=17 (full 0):
 garbage-first heap   total 70656K, used 37852K [0x00000000c1600000, 0x0000000100000000)
  region size 1024K, 4 young (4096K), 4 survivors (4096K)
 Metaspace       used 53666K, committed 54144K, reserved 1114112K
  class space    used 7189K, committed 7424K, reserved 1048576K
}
Event: 36.400 GC heap before
{Heap before GC invocations=18 (full 0):
 garbage-first heap   total 81920K, used 65500K [0x00000000c1600000, 0x0000000100000000)
  region size 1024K, 22 young (22528K), 4 survivors (4096K)
 Metaspace       used 54539K, committed 54976K, reserved 1114112K
  class space    used 7205K, committed 7424K, reserved 1048576K
}
Event: 36.413 GC heap after
{Heap after GC invocations=19 (full 0):
 garbage-first heap   total 81920K, used 50873K [0x00000000c1600000, 0x0000000100000000)
  region size 1024K, 3 young (3072K), 3 survivors (3072K)
 Metaspace       used 54539K, committed 54976K, reserved 1114112K
  class space    used 7205K, committed 7424K, reserved 1048576K
}

Dll operation events (20 events):
Event: 1.754 Loaded shared library C:\Users\Admin\.openjfx\cache\17.0.6\api-ms-win-crt-process-l1-1-0.dll
Event: 1.763 Loaded shared library C:\Users\Admin\.openjfx\cache\17.0.6\api-ms-win-crt-runtime-l1-1-0.dll
Event: 1.785 Loaded shared library C:\Users\Admin\.openjfx\cache\17.0.6\api-ms-win-crt-stdio-l1-1-0.dll
Event: 1.793 Loaded shared library C:\Users\Admin\.openjfx\cache\17.0.6\api-ms-win-crt-string-l1-1-0.dll
Event: 1.799 Loaded shared library C:\Users\Admin\.openjfx\cache\17.0.6\api-ms-win-crt-time-l1-1-0.dll
Event: 1.804 Loaded shared library C:\Users\Admin\.openjfx\cache\17.0.6\api-ms-win-crt-utility-l1-1-0.dll
Event: 1.839 Loaded shared library C:\Users\Admin\.openjfx\cache\17.0.6\ucrtbase.dll
Event: 1.850 Loaded shared library C:\Users\Admin\.openjfx\cache\17.0.6\vcruntime140.dll
Event: 1.856 Loaded shared library C:\Users\Admin\.openjfx\cache\17.0.6\vcruntime140_1.dll
Event: 1.880 Loaded shared library C:\Users\Admin\.openjfx\cache\17.0.6\msvcp140.dll
Event: 1.886 Loaded shared library C:\Users\Admin\.openjfx\cache\17.0.6\msvcp140_1.dll
Event: 1.899 Loaded shared library C:\Users\Admin\.openjfx\cache\17.0.6\msvcp140_2.dll
Event: 2.015 Loaded shared library C:\Users\Admin\.openjfx\cache\17.0.6\prism_d3d.dll
Event: 2.213 Loaded shared library C:\Users\Admin\.openjfx\cache\17.0.6\glass.dll
Event: 2.939 Loaded shared library C:\Users\Admin\.openjfx\cache\17.0.6\javafx_font.dll
Event: 3.471 Loaded shared library C:\Users\Admin\.openjfx\cache\17.0.6\javafx_iio.dll
Event: 3.689 Loaded shared library C:\Program Files\Java\jdk-19\bin\management.dll
Event: 3.696 Loaded shared library C:\Program Files\Java\jdk-19\bin\management_ext.dll
Event: 4.867 Loaded shared library C:\Program Files\Java\jdk-19\bin\verify.dll
Event: 7.919 Loaded shared library C:\Program Files\Java\jdk-19\bin\sunmscapi.dll

Deoptimization events (20 events):
Event: 39.757 Thread 0x0000026554ea8210 Uncommon trap: trap_request=0xffffff45 fr.pc=0x00000265440bb7a4 relative=0x00000000000001a4
Event: 39.757 Thread 0x0000026554ea8210 Uncommon trap: reason=unstable_if action=reinterpret pc=0x00000265440bb7a4 method=com.sun.javafx.util.Utils.HSBtoRGB(DDD)[D @ 34 c2
Event: 39.757 Thread 0x0000026554ea8210 DEOPT PACKING pc=0x00000265440bb7a4 sp=0x000000b630ffdbf0
Event: 39.757 Thread 0x0000026554ea8210 DEOPT UNPACKING pc=0x0000026543906da3 sp=0x000000b630ffda68 mode 2
Event: 39.763 Thread 0x0000026554ea8210 Uncommon trap: trap_request=0xfffffff4 fr.pc=0x00000265440cdda0 relative=0x0000000000000560
Event: 39.763 Thread 0x0000026554ea8210 Uncommon trap: reason=null_check action=make_not_entrant pc=0x00000265440cdda0 method=javafx.scene.Node$MiscProperties.getClip()Ljavafx/scene/Node; @ 20 c2
Event: 39.763 Thread 0x0000026554ea8210 DEOPT PACKING pc=0x00000265440cdda0 sp=0x000000b630ffe510
Event: 39.763 Thread 0x0000026554ea8210 DEOPT UNPACKING pc=0x0000026543906da3 sp=0x000000b630ffe400 mode 2
Event: 39.763 Thread 0x0000026554ea8210 Uncommon trap: trap_request=0xfffffff4 fr.pc=0x0000026544104c58 relative=0x00000000000007d8
Event: 39.763 Thread 0x0000026554ea8210 Uncommon trap: reason=null_check action=make_not_entrant pc=0x0000026544104c58 method=javafx.scene.Node$MiscProperties.getClip()Ljavafx/scene/Node; @ 20 c2
Event: 39.763 Thread 0x0000026554ea8210 DEOPT PACKING pc=0x0000026544104c58 sp=0x000000b630ffe270
Event: 39.763 Thread 0x0000026554ea8210 DEOPT UNPACKING pc=0x0000026543906da3 sp=0x000000b630ffe168 mode 2
Event: 39.773 Thread 0x0000026554ea8210 Uncommon trap: trap_request=0xfffffff4 fr.pc=0x0000026544083d78 relative=0x00000000000000d8
Event: 39.774 Thread 0x0000026554ea8210 Uncommon trap: reason=null_check action=make_not_entrant pc=0x0000026544083d78 method=javafx.scene.Node$MiscProperties.getClip()Ljavafx/scene/Node; @ 20 c2
Event: 39.774 Thread 0x0000026554ea8210 DEOPT PACKING pc=0x0000026544083d78 sp=0x000000b630ffe4c0
Event: 39.774 Thread 0x0000026554ea8210 DEOPT UNPACKING pc=0x0000026543906da3 sp=0x000000b630ffe3f0 mode 2
Event: 42.450 Thread 0x0000026554ea8210 DEOPT PACKING pc=0x000002653cee17da sp=0x000000b630ffc700
Event: 42.450 Thread 0x0000026554ea8210 DEOPT UNPACKING pc=0x0000026543907543 sp=0x000000b630ffbbf0 mode 0
Event: 42.451 Thread 0x0000026554ea8210 DEOPT PACKING pc=0x000002653cd4aaf0 sp=0x000000b630ffc8c0
Event: 42.451 Thread 0x0000026554ea8210 DEOPT UNPACKING pc=0x0000026543907543 sp=0x000000b630ffbdb0 mode 0

Classes loaded (20 events):
Event: 19.773 Loading class sun/misc/Unsafe
Event: 19.773 Loading class sun/misc/Unsafe done
Event: 21.886 Loading class java/util/EnumMap$Values
Event: 21.887 Loading class java/util/EnumMap$Values done
Event: 21.887 Loading class java/util/EnumMap$ValueIterator
Event: 21.888 Loading class java/util/EnumMap$EnumMapIterator
Event: 21.888 Loading class java/util/EnumMap$EnumMapIterator done
Event: 21.888 Loading class java/util/EnumMap$ValueIterator done
Event: 24.070 Loading class jdk/internal/math/FDBigInteger
Event: 24.072 Loading class jdk/internal/math/FDBigInteger done
Event: 24.350 Loading class java/util/BitSet$1BitSetSpliterator
Event: 24.351 Loading class java/util/BitSet$1BitSetSpliterator done
Event: 24.352 Loading class java/util/stream/IntPipeline$1
Event: 24.352 Loading class java/util/stream/IntPipeline$1 done
Event: 24.352 Loading class java/util/stream/IntPipeline$1$1
Event: 24.353 Loading class java/util/stream/IntPipeline$1$1 done
Event: 24.687 Loading class java/lang/FdLibm$Hypot
Event: 24.687 Loading class java/lang/FdLibm$Hypot done
Event: 24.687 Loading class java/lang/FdLibm
Event: 24.688 Loading class java/lang/FdLibm done

Classes unloaded (0 events):
No events

Classes redefined (0 events):
No events

Internal exceptions (20 events):
Event: 24.139 Thread 0x0000026554ea8210 Exception <a 'java/lang/ClassCastException'{0x00000000c5ae7868}: class java.lang.String cannot be cast to class javafx.scene.paint.Paint (java.lang.String is in module java.base of loader 'bootstrap'; javafx.scene.paint.Paint is in module javafx.graphics of loader 'app')> (0x00000000c5ae7868) 
thrown [s\open\src\hotspot\share\interpreter\interpreterRuntime.cpp, line 448]
Event: 24.201 Thread 0x0000026554ea8210 Exception <a 'java/lang/ClassNotFoundException'{0x00000000c574e3a8}: com/sun/javafx/scene/control/skin/resources/controls> (0x00000000c574e3a8) 
thrown [s\open\src\hotspot\share\prims\jni.cpp, line 536]
Event: 24.203 Thread 0x0000026554ea8210 Exception <a 'java/lang/ClassNotFoundException'{0x00000000c575c9b0}: com/sun/javafx/scene/control/skin/resources/controls_en> (0x00000000c575c9b0) 
thrown [s\open\src\hotspot\share\prims\jni.cpp, line 536]
Event: 24.204 Thread 0x0000026554ea8210 Exception <a 'java/lang/ClassNotFoundException'{0x00000000c575e320}: com/sun/javafx/scene/control/skin/resources/controls_en_US> (0x00000000c575e320) 
thrown [s\open\src\hotspot\share\prims\jni.cpp, line 536]
Event: 24.375 Thread 0x0000026554ea8210 Exception <a 'java/lang/NoSuchMethodError'{0x00000000c547e8d8}: 'void java.lang.invoke.DirectMethodHandle$Holder.invokeSpecialIFC(java.lang.Object, java.lang.Object, java.lang.Object, java.lang.Object)'> (0x00000000c547e8d8) 
thrown [s\open\src\hotspot\share\interpreter\linkResolver.cpp, line 774]
Event: 24.631 Thread 0x0000026554ea8210 Exception <a 'java/lang/NoSuchMethodError'{0x00000000c4f009b8}: 'void java.lang.invoke.DirectMethodHandle$Holder.invokeSpecial(java.lang.Object, java.lang.Object, java.lang.Object, java.lang.Object, java.lang.Object, java.lang.Object)'> (0x00000000c4f009b8) 
thrown [s\open\src\hotspot\share\interpreter\linkResolver.cpp, line 774]
Event: 24.799 Thread 0x0000026554ea8210 Exception <a 'java/lang/ClassCastException'{0x00000000c4b86a40}: class java.lang.String cannot be cast to class javafx.scene.paint.Paint (java.lang.String is in module java.base of loader 'bootstrap'; javafx.scene.paint.Paint is in module javafx.graphics of loader 'app')> (0x00000000c4b86a40) 
thrown [s\open\src\hotspot\share\interpreter\interpreterRuntime.cpp, line 448]
Event: 24.802 Thread 0x0000026554ea8210 Exception <a 'java/lang/ClassCastException'{0x00000000c4b98f10}: class java.lang.String cannot be cast to class javafx.scene.paint.Paint (java.lang.String is in module java.base of loader 'bootstrap'; javafx.scene.paint.Paint is in module javafx.graphics of loader 'app')> (0x00000000c4b98f10) 
thrown [s\open\src\hotspot\share\interpreter\interpreterRuntime.cpp, line 448]
Event: 24.924 Thread 0x0000026554ea8210 Exception <a 'java/lang/NoSuchMethodError'{0x00000000c4815b70}: 'void java.lang.invoke.DirectMethodHandle$Holder.invokeSpecial(java.lang.Object, java.lang.Object, int, int)'> (0x00000000c4815b70) 
thrown [s\open\src\hotspot\share\interpreter\linkResolver.cpp, line 774]
Event: 24.925 Thread 0x0000026554ea8210 Exception <a 'java/lang/NoSuchMethodError'{0x00000000c481c988}: 'java.lang.Object java.lang.invoke.DirectMethodHandle$Holder.newInvokeSpecial(java.lang.Object, java.lang.Object, int, int)'> (0x00000000c481c988) 
thrown [s\open\src\hotspot\share\interpreter\linkResolver.cpp, line 774]
Event: 24.926 Thread 0x0000026554ea8210 Exception <a 'java/lang/NoSuchMethodError'{0x00000000c48213a0}: 'java.lang.Object java.lang.invoke.DirectMethodHandle$Holder.invokeSpecial(java.lang.Object, java.lang.Object, java.lang.Object, int, int)'> (0x00000000c48213a0) 
thrown [s\open\src\hotspot\share\interpreter\linkResolver.cpp, line 774]
Event: 25.052 Thread 0x0000026554ea8210 Exception <a 'java/lang/ClassCastException'{0x00000000c48e8140}: class java.lang.String cannot be cast to class javafx.scene.paint.Paint (java.lang.String is in module java.base of loader 'bootstrap'; javafx.scene.paint.Paint is in module javafx.graphics of loader 'app')> (0x00000000c48e8140) 
thrown [s\open\src\hotspot\share\interpreter\interpreterRuntime.cpp, line 448]
Event: 25.054 Thread 0x0000026554ea8210 Exception <a 'java/lang/ClassCastException'{0x00000000c48f04f8}: class java.lang.String cannot be cast to class javafx.scene.paint.Paint (java.lang.String is in module java.base of loader 'bootstrap'; javafx.scene.paint.Paint is in module javafx.graphics of loader 'app')> (0x00000000c48f04f8) 
thrown [s\open\src\hotspot\share\interpreter\interpreterRuntime.cpp, line 448]
Event: 26.619 Thread 0x0000026554ea8210 Exception <a 'java/lang/ClassCastException'{0x00000000c454eeb0}: class java.lang.String cannot be cast to class javafx.scene.paint.Paint (java.lang.String is in module java.base of loader 'bootstrap'; javafx.scene.paint.Paint is in module javafx.graphics of loader 'app')> (0x00000000c454eeb0) 
thrown [s\open\src\hotspot\share\interpreter\interpreterRuntime.cpp, line 448]
Event: 27.987 Thread 0x0000026554ea8210 Exception <a 'java/io/FileNotFoundException'{0x00000000c5a8f050}> (0x00000000c5a8f050) 
thrown [s\open\src\hotspot\share\prims\jni.cpp, line 517]
Event: 27.995 Thread 0x0000026554ea8210 Implicit null exception at 0x00000265440666ea to 0x0000026544066748
Event: 28.351 Thread 0x0000026554e2b770 Exception <a 'java/lang/NoSuchMethodError'{0x00000000c60cdf28}: 'java.lang.Object java.lang.invoke.DirectMethodHandle$Holder.invokeStaticInit(java.lang.Object, int)'> (0x00000000c60cdf28) 
thrown [s\open\src\hotspot\share\interpreter\linkResolver.cpp, line 774]
Event: 39.763 Thread 0x0000026554ea8210 Implicit null exception at 0x00000265440cd8c6 to 0x00000265440cdd90
Event: 39.763 Thread 0x0000026554ea8210 Implicit null exception at 0x00000265441046fa to 0x0000026544104c3c
Event: 39.773 Thread 0x0000026554ea8210 Implicit null exception at 0x0000026544083d1e to 0x0000026544083d6c

VM Operations (20 events):
Event: 31.931 Executing VM operation: Cleanup
Event: 31.931 Executing VM operation: Cleanup done
Event: 33.931 Executing VM operation: Cleanup
Event: 33.932 Executing VM operation: Cleanup done
Event: 34.932 Executing VM operation: Cleanup
Event: 34.932 Executing VM operation: Cleanup done
Event: 35.933 Executing VM operation: Cleanup
Event: 35.933 Executing VM operation: Cleanup done
Event: 36.400 Executing VM operation: G1CollectForAllocation
Event: 36.413 Executing VM operation: G1CollectForAllocation done
Event: 38.414 Executing VM operation: Cleanup
Event: 38.414 Executing VM operation: Cleanup done
Event: 39.415 Executing VM operation: Cleanup
Event: 39.415 Executing VM operation: Cleanup done
Event: 40.415 Executing VM operation: Cleanup
Event: 40.415 Executing VM operation: Cleanup done
Event: 43.417 Executing VM operation: Cleanup
Event: 43.417 Executing VM operation: Cleanup done
Event: 44.418 Executing VM operation: Cleanup
Event: 44.418 Executing VM operation: Cleanup done

Events (20 events):
Event: 11.639 Thread 0x000002655a7da000 Thread added: 0x000002655a7da000
Event: 12.087 Thread 0x000002655a7da000 Thread exited: 0x000002655a7da000
Event: 19.266 Thread 0x00000265546752c0 Thread added: 0x00000265546752c0
Event: 19.363 Thread 0x0000026554940030 Thread added: 0x0000026554940030
Event: 19.762 Thread 0x0000026554940ad0 Thread added: 0x0000026554940ad0
Event: 19.763 Thread 0x00000265546752c0 Thread exited: 0x00000265546752c0
Event: 23.906 Thread 0x000002655bb13680 Thread added: 0x000002655bb13680
Event: 25.595 Thread 0x000002655bb13680 Thread exited: 0x000002655bb13680
Event: 26.635 Thread 0x000002655a8c9500 Thread added: 0x000002655a8c9500
Event: 27.033 Thread 0x000002655a8c9500 Thread exited: 0x000002655a8c9500
Event: 28.196 Thread 0x0000026554f1fa60 Thread added: 0x0000026554f1fa60
Event: 28.857 Thread 0x0000026554f1fa60 Thread exited: 0x0000026554f1fa60
Event: 28.879 Thread 0x0000026554f1fa60 Thread added: 0x0000026554f1fa60
Event: 29.293 Thread 0x0000026554f1fa60 Thread exited: 0x0000026554f1fa60
Event: 29.385 Thread 0x000002655ad6f990 Thread added: 0x000002655ad6f990
Event: 29.953 Thread 0x000002655ad6f990 Thread exited: 0x000002655ad6f990
Event: 31.363 Thread 0x0000026555a1abc0 Thread added: 0x0000026555a1abc0
Event: 31.689 Thread 0x0000026555a1abc0 Thread exited: 0x0000026555a1abc0
Event: 31.853 Thread 0x000002655bda1290 Thread added: 0x000002655bda1290
Event: 32.544 Thread 0x000002655bda1290 Thread exited: 0x000002655bda1290


Dynamic libraries:
0x00007ff728030000 - 0x00007ff728040000 	C:\Program Files\Java\jdk-19\bin\java.exe
0x00007ffcd4ff0000 - 0x00007ffcd51e8000 	C:\Windows\SYSTEM32\ntdll.dll
0x00007ffcd4ef0000 - 0x00007ffcd4faf000 	C:\Windows\System32\KERNEL32.DLL
0x00007ffcd2a90000 - 0x00007ffcd2d86000 	C:\Windows\System32\KERNELBASE.dll
0x00007ffcd26d0000 - 0x00007ffcd27d0000 	C:\Windows\System32\ucrtbase.dll
0x00007ffc7cd10000 - 0x00007ffc7cd28000 	C:\Program Files\Java\jdk-19\bin\jli.dll
0x00007ffcd3d80000 - 0x00007ffcd3e2f000 	C:\Windows\System32\ADVAPI32.dll
0x00007ffcd40a0000 - 0x00007ffcd413e000 	C:\Windows\System32\msvcrt.dll
0x00007ffcd48f0000 - 0x00007ffcd498c000 	C:\Windows\System32\sechost.dll
0x00007ffcd33f0000 - 0x00007ffcd3516000 	C:\Windows\System32\RPCRT4.dll
0x00007ffcd4140000 - 0x00007ffcd42dd000 	C:\Windows\System32\USER32.dll
0x00007ffcd2d90000 - 0x00007ffcd2db2000 	C:\Windows\System32\win32u.dll
0x00007ffcd3390000 - 0x00007ffcd33bc000 	C:\Windows\System32\GDI32.dll
0x00007ffcd2970000 - 0x00007ffcd2a85000 	C:\Windows\System32\gdi32full.dll
0x00007ffcd27d0000 - 0x00007ffcd286d000 	C:\Windows\System32\msvcp_win.dll
0x00007ffcbd270000 - 0x00007ffcbd50a000 	C:\Windows\WinSxS\amd64_microsoft.windows.common-controls_6595b64144ccf1df_6.0.19041.1110_none_60b5254171f9507e\COMCTL32.dll
0x00007ffcc2350000 - 0x00007ffcc235a000 	C:\Windows\SYSTEM32\VERSION.dll
0x00007ffc86c50000 - 0x00007ffc86c6b000 	C:\Program Files\Java\jdk-19\bin\VCRUNTIME140.dll
0x00007ffcd4a50000 - 0x00007ffcd4a80000 	C:\Windows\System32\IMM32.DLL
0x00007ffccb9f0000 - 0x00007ffccb9fc000 	C:\Program Files\Java\jdk-19\bin\vcruntime140_1.dll
0x00007ffc6a5a0000 - 0x00007ffc6a62e000 	C:\Program Files\Java\jdk-19\bin\msvcp140.dll
0x00007ffc694f0000 - 0x00007ffc6a1b0000 	C:\Program Files\Java\jdk-19\bin\server\jvm.dll
0x00007ffccdd20000 - 0x00007ffccdd29000 	C:\Windows\SYSTEM32\WSOCK32.dll
0x00007ffcd46c0000 - 0x00007ffcd472b000 	C:\Windows\System32\WS2_32.dll
0x00007ffcb3590000 - 0x00007ffcb35b7000 	C:\Windows\SYSTEM32\WINMM.dll
0x00007ffcd04a0000 - 0x00007ffcd04b2000 	C:\Windows\SYSTEM32\kernel.appcore.dll
0x00007ffccc460000 - 0x00007ffccc46a000 	C:\Program Files\Java\jdk-19\bin\jimage.dll
0x00007ffcbf0d0000 - 0x00007ffcbf2b4000 	C:\Windows\SYSTEM32\DBGHELP.DLL
0x00007ffcc24c0000 - 0x00007ffcc24f4000 	C:\Windows\SYSTEM32\dbgcore.DLL
0x00007ffcd2df0000 - 0x00007ffcd2e72000 	C:\Windows\System32\bcryptPrimitives.dll
0x00007ffccffb0000 - 0x00007ffccffbe000 	C:\Program Files\Java\jdk-19\bin\instrument.dll
0x00007ffccc430000 - 0x00007ffccc456000 	C:\Program Files\Java\jdk-19\bin\java.dll
0x00007ffc6a860000 - 0x00007ffc6a937000 	C:\Program Files\Java\jdk-19\bin\jsvml.dll
0x00007ffcd3520000 - 0x00007ffcd3c64000 	C:\Windows\System32\SHELL32.dll
0x00007ffcd0780000 - 0x00007ffcd0f13000 	C:\Windows\SYSTEM32\windows.storage.dll
0x00007ffcd42e0000 - 0x00007ffcd4634000 	C:\Windows\System32\combase.dll
0x00007ffcd2040000 - 0x00007ffcd206e000 	C:\Windows\SYSTEM32\Wldp.dll
0x00007ffcd3cd0000 - 0x00007ffcd3d7d000 	C:\Windows\System32\SHCORE.dll
0x00007ffcd3c70000 - 0x00007ffcd3cc5000 	C:\Windows\System32\shlwapi.dll
0x00007ffcd2610000 - 0x00007ffcd262f000 	C:\Windows\SYSTEM32\profapi.dll
0x00007ffccc410000 - 0x00007ffccc423000 	C:\Program Files\Java\jdk-19\bin\net.dll
0x00007ffcca5f0000 - 0x00007ffcca6fa000 	C:\Windows\SYSTEM32\WINHTTP.dll
0x00007ffcd1da0000 - 0x00007ffcd1e0a000 	C:\Windows\system32\mswsock.dll
0x00007ffccc340000 - 0x00007ffccc356000 	C:\Program Files\Java\jdk-19\bin\nio.dll
0x00007ffccc320000 - 0x00007ffccc338000 	C:\Program Files\Java\jdk-19\bin\zip.dll
0x00007ffccff90000 - 0x00007ffccffaa000 	D:\OOP\IntelliJ IDEA Community Edition 2023.1\bin\breakgen64.dll
0x00000265325a0000 - 0x00000265325a3000 	C:\Users\Admin\.openjfx\cache\17.0.6\api-ms-win-core-console-l1-1-0.dll
0x0000026534350000 - 0x0000026534353000 	C:\Users\Admin\.openjfx\cache\17.0.6\api-ms-win-core-console-l1-2-0.dll
0x0000026534360000 - 0x0000026534363000 	C:\Users\Admin\.openjfx\cache\17.0.6\api-ms-win-core-datetime-l1-1-0.dll
0x0000026534370000 - 0x0000026534373000 	C:\Users\Admin\.openjfx\cache\17.0.6\api-ms-win-core-debug-l1-1-0.dll
0x0000026534380000 - 0x0000026534383000 	C:\Users\Admin\.openjfx\cache\17.0.6\api-ms-win-core-errorhandling-l1-1-0.dll
0x0000026534390000 - 0x0000026534394000 	C:\Users\Admin\.openjfx\cache\17.0.6\api-ms-win-core-file-l1-1-0.dll
0x00000265343a0000 - 0x00000265343a3000 	C:\Users\Admin\.openjfx\cache\17.0.6\api-ms-win-core-file-l1-2-0.dll
0x00000265343b0000 - 0x00000265343b3000 	C:\Users\Admin\.openjfx\cache\17.0.6\api-ms-win-core-file-l2-1-0.dll
0x00000265343c0000 - 0x00000265343c3000 	C:\Users\Admin\.openjfx\cache\17.0.6\api-ms-win-core-handle-l1-1-0.dll
0x000002654ff00000 - 0x000002654ff03000 	C:\Users\Admin\.openjfx\cache\17.0.6\api-ms-win-core-heap-l1-1-0.dll
0x000002654ff10000 - 0x000002654ff13000 	C:\Users\Admin\.openjfx\cache\17.0.6\api-ms-win-core-interlocked-l1-1-0.dll
0x000002654ff20000 - 0x000002654ff23000 	C:\Users\Admin\.openjfx\cache\17.0.6\api-ms-win-core-libraryloader-l1-1-0.dll
0x000002654ff30000 - 0x000002654ff33000 	C:\Users\Admin\.openjfx\cache\17.0.6\api-ms-win-core-localization-l1-2-0.dll
0x000002654ff40000 - 0x000002654ff43000 	C:\Users\Admin\.openjfx\cache\17.0.6\api-ms-win-core-memory-l1-1-0.dll
0x000002654ff50000 - 0x000002654ff53000 	C:\Users\Admin\.openjfx\cache\17.0.6\api-ms-win-core-namedpipe-l1-1-0.dll
0x000002654ff60000 - 0x000002654ff63000 	C:\Users\Admin\.openjfx\cache\17.0.6\api-ms-win-core-processenvironment-l1-1-0.dll
0x000002654ff70000 - 0x000002654ff73000 	C:\Users\Admin\.openjfx\cache\17.0.6\api-ms-win-core-processthreads-l1-1-0.dll
0x000002654ff80000 - 0x000002654ff83000 	C:\Users\Admin\.openjfx\cache\17.0.6\api-ms-win-core-processthreads-l1-1-1.dll
0x000002654ff90000 - 0x000002654ff93000 	C:\Users\Admin\.openjfx\cache\17.0.6\api-ms-win-core-profile-l1-1-0.dll
0x000002654ffa0000 - 0x000002654ffa3000 	C:\Users\Admin\.openjfx\cache\17.0.6\api-ms-win-core-rtlsupport-l1-1-0.dll
0x000002654ffb0000 - 0x000002654ffb3000 	C:\Users\Admin\.openjfx\cache\17.0.6\api-ms-win-core-string-l1-1-0.dll
0x000002654ffc0000 - 0x000002654ffc3000 	C:\Users\Admin\.openjfx\cache\17.0.6\api-ms-win-core-synch-l1-1-0.dll
0x000002654ffd0000 - 0x000002654ffd3000 	C:\Users\Admin\.openjfx\cache\17.0.6\api-ms-win-core-synch-l1-2-0.dll
0x000002654ffe0000 - 0x000002654ffe3000 	C:\Users\Admin\.openjfx\cache\17.0.6\api-ms-win-core-sysinfo-l1-1-0.dll
0x000002654fff0000 - 0x000002654fff3000 	C:\Users\Admin\.openjfx\cache\17.0.6\api-ms-win-core-timezone-l1-1-0.dll
0x0000026555bd0000 - 0x0000026555bd3000 	C:\Users\Admin\.openjfx\cache\17.0.6\api-ms-win-core-util-l1-1-0.dll
0x0000026555be0000 - 0x0000026555be3000 	C:\Users\Admin\.openjfx\cache\17.0.6\api-ms-win-crt-conio-l1-1-0.dll
0x0000026555bf0000 - 0x0000026555bf4000 	C:\Users\Admin\.openjfx\cache\17.0.6\api-ms-win-crt-convert-l1-1-0.dll
0x0000026555c00000 - 0x0000026555c03000 	C:\Users\Admin\.openjfx\cache\17.0.6\api-ms-win-crt-environment-l1-1-0.dll
0x0000026555c10000 - 0x0000026555c13000 	C:\Users\Admin\.openjfx\cache\17.0.6\api-ms-win-crt-filesystem-l1-1-0.dll
0x0000026555c20000 - 0x0000026555c23000 	C:\Users\Admin\.openjfx\cache\17.0.6\api-ms-win-crt-heap-l1-1-0.dll
0x0000026555c30000 - 0x0000026555c33000 	C:\Users\Admin\.openjfx\cache\17.0.6\api-ms-win-crt-locale-l1-1-0.dll
0x0000026555c40000 - 0x0000026555c45000 	C:\Users\Admin\.openjfx\cache\17.0.6\api-ms-win-crt-math-l1-1-0.dll
0x0000026555c50000 - 0x0000026555c55000 	C:\Users\Admin\.openjfx\cache\17.0.6\api-ms-win-crt-multibyte-l1-1-0.dll
0x0000026555c60000 - 0x0000026555c70000 	C:\Users\Admin\.openjfx\cache\17.0.6\api-ms-win-crt-private-l1-1-0.dll
0x0000026555c70000 - 0x0000026555c73000 	C:\Users\Admin\.openjfx\cache\17.0.6\api-ms-win-crt-process-l1-1-0.dll
0x0000026555c80000 - 0x0000026555c84000 	C:\Users\Admin\.openjfx\cache\17.0.6\api-ms-win-crt-runtime-l1-1-0.dll
0x0000026555c90000 - 0x0000026555c94000 	C:\Users\Admin\.openjfx\cache\17.0.6\api-ms-win-crt-stdio-l1-1-0.dll
0x0000026555ca0000 - 0x0000026555ca4000 	C:\Users\Admin\.openjfx\cache\17.0.6\api-ms-win-crt-string-l1-1-0.dll
0x0000026555cb0000 - 0x0000026555cb3000 	C:\Users\Admin\.openjfx\cache\17.0.6\api-ms-win-crt-time-l1-1-0.dll
0x0000026555cc0000 - 0x0000026555cc3000 	C:\Users\Admin\.openjfx\cache\17.0.6\api-ms-win-crt-utility-l1-1-0.dll
0x00007ffcc2160000 - 0x00007ffcc225c000 	C:\Users\Admin\.openjfx\cache\17.0.6\ucrtbase.dll
0x00007ffcce0f0000 - 0x00007ffcce10a000 	C:\Users\Admin\.openjfx\cache\17.0.6\vcruntime140.dll
0x00007ffcce0e0000 - 0x00007ffcce0ec000 	C:\Users\Admin\.openjfx\cache\17.0.6\vcruntime140_1.dll
0x00007ffccb090000 - 0x00007ffccb11d000 	C:\Users\Admin\.openjfx\cache\17.0.6\msvcp140.dll
0x00007ffcce0d0000 - 0x00007ffcce0d9000 	C:\Users\Admin\.openjfx\cache\17.0.6\msvcp140_1.dll
0x00007ffccd5d0000 - 0x00007ffccd5ff000 	C:\Users\Admin\.openjfx\cache\17.0.6\msvcp140_2.dll
0x00007ffccd430000 - 0x00007ffccd45a000 	C:\Users\Admin\.openjfx\cache\17.0.6\prism_d3d.dll
0x00007ffc84970000 - 0x00007ffc84b3d000 	C:\Windows\system32\d3d9.dll
0x00007ffcd0470000 - 0x00007ffcd049f000 	C:\Windows\SYSTEM32\dwmapi.dll
0x00007ffcd00b0000 - 0x00007ffcd014e000 	C:\Windows\system32\uxtheme.dll
0x00007ffc7d2b0000 - 0x00007ffc7f7ed000 	C:\Windows\SYSTEM32\igdumdim64.dll
0x00007ffcd3e30000 - 0x00007ffcd3efd000 	C:\Windows\System32\OLEAUT32.dll
0x00007ffcd3260000 - 0x00007ffcd338a000 	C:\Windows\System32\ole32.dll
0x00007ffcd4a80000 - 0x00007ffcd4ee8000 	C:\Windows\System32\SETUPAPI.dll
0x00007ffcd2920000 - 0x00007ffcd296e000 	C:\Windows\System32\cfgmgr32.dll
0x00007ffcd2dc0000 - 0x00007ffcd2de7000 	C:\Windows\System32\bcrypt.dll
0x00007ffccb040000 - 0x00007ffccb082000 	C:\Users\Admin\.openjfx\cache\17.0.6\glass.dll
0x00007ffcd3f00000 - 0x00007ffcd3fda000 	C:\Windows\System32\COMDLG32.dll
0x00007ffcd3050000 - 0x00007ffcd3164000 	C:\Windows\System32\MSCTF.dll
0x00007ffcc40e0000 - 0x00007ffcc4b20000 	C:\Windows\SYSTEM32\igdusc64.dll
0x00007ffcc6760000 - 0x00007ffcc679b000 	C:\Windows\SYSTEM32\dxcore.dll
0x00007ffccd410000 - 0x00007ffccd424000 	C:\Users\Admin\.openjfx\cache\17.0.6\javafx_font.dll
0x00007ffcc3e20000 - 0x00007ffcc409f000 	C:\Windows\SYSTEM32\dwrite.dll
0x00007ffccc290000 - 0x00007ffccc2bd000 	C:\Users\Admin\.openjfx\cache\17.0.6\javafx_iio.dll
0x00007ffccdaf0000 - 0x00007ffccdafa000 	C:\Program Files\Java\jdk-19\bin\management.dll
0x00007ffccda60000 - 0x00007ffccda6b000 	C:\Program Files\Java\jdk-19\bin\management_ext.dll
0x00007ffcd4a40000 - 0x00007ffcd4a48000 	C:\Windows\System32\PSAPI.DLL
0x00007ffcbeeb0000 - 0x00007ffcbeec7000 	C:\Windows\system32\napinsp.dll
0x00007ffcb6190000 - 0x00007ffcb61ab000 	C:\Windows\system32\pnrpnsp.dll
0x00007ffcad110000 - 0x00007ffcad125000 	C:\Windows\system32\wshbth.dll
0x00007ffcce0b0000 - 0x00007ffcce0cd000 	C:\Windows\system32\NLAapi.dll
0x00007ffcd1a90000 - 0x00007ffcd1acc000 	C:\Windows\SYSTEM32\IPHLPAPI.DLL
0x00007ffcd1b20000 - 0x00007ffcd1bea000 	C:\Windows\SYSTEM32\DNSAPI.dll
0x00007ffcd33e0000 - 0x00007ffcd33e8000 	C:\Windows\System32\NSI.dll
0x00007ffcb6130000 - 0x00007ffcb6142000 	C:\Windows\System32\winrnr.dll
0x00007ffcc9150000 - 0x00007ffcc915a000 	C:\Windows\System32\rasadhlp.dll
0x00007ffcca400000 - 0x00007ffcca482000 	C:\Windows\System32\fwpuclnt.dll
0x00007ffccda70000 - 0x00007ffccda80000 	C:\Program Files\Java\jdk-19\bin\verify.dll
0x00007ffcd1f90000 - 0x00007ffcd1fa8000 	C:\Windows\SYSTEM32\CRYPTSP.dll
0x00007ffcd16c0000 - 0x00007ffcd16f4000 	C:\Windows\system32\rsaenh.dll
0x00007ffcd25d0000 - 0x00007ffcd25fe000 	C:\Windows\SYSTEM32\USERENV.dll

dbghelp: loaded successfully - version: 4.0.5 - missing functions: none
symbol engine: initialized successfully - sym options: 0x614 - pdb path: .;C:\Program Files\Java\jdk-19\bin;C:\Windows\SYSTEM32;C:\Windows\WinSxS\amd64_microsoft.windows.common-controls_6595b64144ccf1df_6.0.19041.1110_none_60b5254171f9507e;C:\Program Files\Java\jdk-19\bin\server;D:\OOP\IntelliJ IDEA Community Edition 2023.1\bin;C:\Users\Admin\.openjfx\cache\17.0.6;C:\Program Files\Common Files\Microsoft Shared\Ink

VM Arguments:
jvm_args: -javaagent:D:\OOP\IntelliJ IDEA Community Edition 2023.1\lib\idea_rt.jar=50977:D:\OOP\IntelliJ IDEA Community Edition 2023.1\bin -Dfile.encoding=UTF-8 -Dsun.stdout.encoding=UTF-8 -Dsun.stderr.encoding=UTF-8 --module-path=C:\Users\Admin\ssss\target\classes;C:\Users\Admin\.m2\repository\org\openjfx\javafx-base\17.0.6\javafx-base-17.0.6-win.jar;C:\Users\Admin\.m2\repository\org\apache\poi\poi-ooxml\5.1.0\poi-ooxml-5.1.0.jar;C:\Users\Admin\.m2\repository\com\zaxxer\SparseBitSet\1.2\SparseBitSet-1.2.jar;C:\Users\Admin\.m2\repository\org\apache\poi\poi-ooxml-lite\5.1.0\poi-ooxml-lite-5.1.0.jar;C:\Users\Admin\.m2\repository\org\hibernate\hibernate-core\5.4.12.Final\hibernate-core-5.4.12.Final.jar;C:\Users\Admin\.m2\repository\org\apache\commons\commons-collections4\4.4\commons-collections4-4.4.jar;C:\Users\Admin\.m2\repository\org\apache\commons\commons-math3\3.6.1\commons-math3-3.6.1.jar;C:\Users\Admin\.m2\repository\commons-codec\commons-codec\1.15\commons-codec-1.15.jar;C:\Users\Admin\.m2\repository\commons-io\commons-io\2.11.0\commons-io-2.11.0.jar;C:\Users\Admin\.m2\repository\org\openjfx\javafx-controls\17.0.6\javafx-controls-17.0.6-win.jar;C:\Users\Admin\.m2\repository\org\apache\logging\log4j\log4j-api\2.14.1\log4j-api-2.14.1.jar;C:\Users\Admin\.m2\repository\org\apache\xmlbeans\xmlbeans\5.0.2\xmlbeans-5.0.2.jar;C:\Users\Admin\.m2\repository\org\apache\poi\poi\5.1.0\poi-5.1.0.jar;C:\Users\Admin\.m2\repository\org\openjfx\javafx-fxml\17.0.6\javafx-fxml-17.0.6-win.jar;C:\Users\Admin\.m2\repository\org\openjfx\javafx-graphics\17.0.6\javafx-graphics-17.0.6-win.jar;C:\Users\Admin\.m2\repository\javax\persistence\javax.persistence-api\2.2\javax.persistence-api-2.2.jar;C:\Users\Admin\.m2\repository\org\apache\commons\commons-compress\1.21\commons-compress-1.21.jar -Djdk.module.main=com.example.project 
java_command: com.example.project/com.example.project.Main1
java_class_path (initial): C:\Users\Admin\.m2\repository\org\apache\logging\log4j\log4j-core\2.14.1\log4j-core-2.14.1.jar;C:\Users\Admin\.m2\repository\com\github\virtuald\curvesapi\1.06\curvesapi-1.06.jar;C:\Users\Admin\.m2\repository\org\openjfx\javafx-controls\17.0.6\javafx-controls-17.0.6.jar;C:\Users\Admin\.m2\repository\org\openjfx\javafx-graphics\17.0.6\javafx-graphics-17.0.6.jar;C:\Users\Admin\.m2\repository\org\openjfx\javafx-base\17.0.6\javafx-base-17.0.6.jar;C:\Users\Admin\.m2\repository\org\openjfx\javafx-fxml\17.0.6\javafx-fxml-17.0.6.jar;C:\Users\Admin\.m2\repository\org\jboss\logging\jboss-logging\3.3.2.Final\jboss-logging-3.3.2.Final.jar;C:\Users\Admin\.m2\repository\org\javassist\javassist\3.24.0-GA\javassist-3.24.0-GA.jar;C:\Users\Admin\.m2\repository\net\bytebuddy\byte-buddy\1.10.7\byte-buddy-1.10.7.jar;C:\Users\Admin\.m2\repository\antlr\antlr\2.7.7\antlr-2.7.7.jar;C:\Users\Admin\.m2\repository\org\jboss\spec\javax\transaction\jboss-transaction-api_1.2_spec\1.1.1.Final\jboss-transaction-api_1.2_spec-1.1.1.Final.jar;C:\Users\Admin\.m2\repository\org\jboss\jandex\2.1.1.Final\jandex-2.1.1.Final.jar;C:\Users\Admin\.m2\repository\com\fasterxml\classmate\1.5.1\classmate-1.5.1.jar;C:\Users\Admin\.m2\repository\javax\activation\javax.activation-api\1.2.0\javax.activation-api-1.2.0.jar;C:\Users\Admin\.m2\repository\org\dom4j\dom4j\2.1.1\dom4j-2.1.1.jar;C:\Users\Admin\.m2\repository\org\hibernate\common\hibernate-commons-annotations\5.1.0.Final\hibernate-commons-annotations-5.1.0.Final.jar;C:\Users\Admin\.m2\repository\javax\xml\bind\jaxb-api\2.3.1\jaxb-api-2.3.1.jar;C:\Users\Admin\.m2\repository\org\glassfish\jaxb\jaxb-runtime\2.3.1\jaxb-runtime-2.3.1.jar;C:\Users\Admin\.m2\repository\org\glassfish\jaxb\txw2\2.3.1\txw2-2.3.1.jar;C:\Users\Admin\.m2\repository\com\sun\istack\istack-commons-runtime\3.0.7\istack-commons-runtime-3.0.7.jar;C:\Users\Admin\.m2\repository\org\jvnet\staxex\stax-ex\1.8\stax-ex-1.8.jar;C:\Users\Admin\.m2\repository\com\sun\xml\fastinfoset\FastInfoset\1.2.15\FastInfoset-1.2.15.jar;C:\Users\Admin\.m2\repository\com\microsoft\sqlserver\mssql-jdbc\7.4.1.jre8\mssql-jdbc-7.4.1.jre8.jar
Launcher Type: SUN_STANDARD

[Global flags]
     intx CICompilerCount                          = 3                                         {product} {ergonomic}
     uint ConcGCThreads                            = 1                                         {product} {ergonomic}
     uint G1ConcRefinementThreads                  = 4                                         {product} {ergonomic}
   size_t G1HeapRegionSize                         = 1048576                                   {product} {ergonomic}
    uintx GCDrainStackTargetSize                   = 64                                        {product} {ergonomic}
   size_t InitialHeapSize                          = 67108864                                  {product} {ergonomic}
   size_t MarkStackSize                            = 4194304                                   {product} {ergonomic}
   size_t MaxHeapSize                              = 1050673152                                {product} {ergonomic}
   size_t MaxNewSize                               = 630194176                                 {product} {ergonomic}
   size_t MinHeapDeltaBytes                        = 1048576                                   {product} {ergonomic}
   size_t MinHeapSize                              = 8388608                                   {product} {ergonomic}
    uintx NonNMethodCodeHeapSize                   = 5832780                                {pd product} {ergonomic}
    uintx NonProfiledCodeHeapSize                  = 122912730                              {pd product} {ergonomic}
    uintx ProfiledCodeHeapSize                     = 122912730                              {pd product} {ergonomic}
    uintx ReservedCodeCacheSize                    = 251658240                              {pd product} {ergonomic}
     bool SegmentedCodeCache                       = true                                      {product} {ergonomic}
   size_t SoftMaxHeapSize                          = 1050673152                             {manageable} {ergonomic}
     bool UseCompressedClassPointers               = true                           {product lp64_product} {ergonomic}
     bool UseCompressedOops                        = true                           {product lp64_product} {ergonomic}
     bool UseG1GC                                  = true                                      {product} {ergonomic}
     bool UseLargePagesIndividualAllocation        = false                                  {pd product} {ergonomic}

Logging:
Log output configuration:
 #0: stdout all=warning uptime,level,tags foldmultilines=false
 #1: stderr all=off uptime,level,tags foldmultilines=false

Environment Variables:
JAVA_HOME=C:\Program Files\Java\jdk-19
PATH=C:\Program Files\Common Files\Oracle\Java\javapath;C:\Windows\system32;C:\Windows;C:\Windows\System32\Wbem;C:\Windows\System32\WindowsPowerShell\v1.0\;C:\Windows\System32\OpenSSH\;C:\Program Files (x86)\Microsoft SQL Server\160\DTS\Binn\;C:\Program Files\Azure Data Studio\bin;C:\Program Files (x86)\Microsoft SQL Server\160\Tools\Binn\;C:\Program Files\Microsoft SQL Server\160\Tools\Binn\;C:\Program Files\Microsoft SQL Server\Client SDK\ODBC\170\Tools\Binn\;C:\Program Files\Microsoft SQL Server\160\DTS\Binn\;C:\Program Files\Git\cmd;C:\Program Files\Java\jdk-19\bin;C:\Users\Admin\AppData\Local\Microsoft\WindowsApps;C:\Program Files (x86)\mingw-w64\i686-8.1.0-posix-dwarf-rt_v6-rev0\mingw32\bin;C:\Program Files (x86)\mingw-w64\i686-8.1.0-posix-dwarf-rt_v6-rev0\mingw32\bin;C:\Users\Admin\AppData\Local\Programs\Microsoft VS Code\bin;D:\OOP\IntelliJ IDEA 2023.1\bin;;C:\Program Files\Java\jdk-19\bin;;D:\OOP\IntelliJ IDEA Community Edition 2023.1\bin;;C:\Program Files\Azure Data Studio\bin
USERNAME=Admin
OS=Windows_NT
PROCESSOR_IDENTIFIER=Intel64 Family 6 Model 61 Stepping 4, GenuineIntel
TMP=C:\Users\Admin\AppData\Local\Temp
TEMP=C:\Users\Admin\AppData\Local\Temp



---------------  S Y S T E M  ---------------

OS:
 Windows 10 , 64 bit Build 19041 (10.0.19041.3031)
OS uptime: 0 days 0:47 hours

CPU: total 4 (initial active 4) (2 cores per cpu, 2 threads per core) family 6 model 61 stepping 4 microcode 0x2d, cx8, cmov, fxsr, ht, mmx, 3dnowpref, sse, sse2, sse3, ssse3, sse4.1, sse4.2, popcnt, lzcnt, tsc, tscinvbit, avx, avx2, aes, erms, clmul, bmi1, bmi2, adx, fma, vzeroupper, clflush, rdtscp

Memory: 4k page, system-wide physical 4007M (416M free)
TotalPageFile size 8103M (AvailPageFile size 5M)
current process WorkingSet (physical memory assigned to process): 290M, peak: 316M
current process commit charge ("private bytes"): 327M, peak: 355M

vm_info: Java HotSpot(TM) 64-Bit Server VM (19.0.2+7-44) for windows-amd64 JRE (19.0.2+7-44), built on 2022-11-30T18:02:09Z by "mach5one" with MS VC++ 17.1 (VS2022)

END.
