#
# There is insufficient memory for the Java Runtime Environment to continue.
# Native memory allocation (malloc) failed to allocate 65552 bytes for Chunk::new
# Possible reasons:
#   The system is out of physical RAM or swap space
#   The process is running with CompressedOops enabled, and the Java Heap may be blocking the growth of the native heap
# Possible solutions:
#   Reduce memory load on the system
#   Increase physical memory or swap space
#   Check if swap backing store is full
#   Decrease Java heap size (-Xmx/-Xms)
#   Decrease number of Java threads
#   Decrease Java thread stack sizes (-Xss)
#   Set larger code cache with -XX:ReservedCodeCacheSize=
#   JVM is running with Unscaled Compressed Oops mode in which the Java heap is
#     placed in the first 4GB address space. The Java Heap base address is the
#     maximum limit for the native heap growth. Please use -XX:HeapBaseMinAddress
#     to set the Java Heap base and to place the Java Heap above 4GB virtual address.
# This output file may be truncated or incomplete.
#
#  Out of Memory Error (arena.cpp:184), pid=8392, tid=11392
#
# JRE version: Java(TM) SE Runtime Environment (19.0.2+7) (build 19.0.2+7-44)
# Java VM: Java HotSpot(TM) 64-Bit Server VM (19.0.2+7-44, mixed mode, sharing, tiered, compressed oops, compressed class ptrs, g1 gc, windows-amd64)
# No core dump will be written. Minidumps are not enabled by default on client versions of Windows
#

---------------  S U M M A R Y ------------

Command Line: -javaagent:D:\OOP\IntelliJ IDEA Community Edition 2023.1\lib\idea_rt.jar=50798:D:\OOP\IntelliJ IDEA Community Edition 2023.1\bin -Dfile.encoding=UTF-8 -Dsun.stdout.encoding=UTF-8 -Dsun.stderr.encoding=UTF-8 --module-path=C:\Users\Admin\ssss\target\classes;C:\Users\Admin\.m2\repository\org\openjfx\javafx-base\17.0.6\javafx-base-17.0.6-win.jar;C:\Users\Admin\.m2\repository\org\apache\poi\poi-ooxml\5.1.0\poi-ooxml-5.1.0.jar;C:\Users\Admin\.m2\repository\com\zaxxer\SparseBitSet\1.2\SparseBitSet-1.2.jar;C:\Users\Admin\.m2\repository\org\apache\poi\poi-ooxml-lite\5.1.0\poi-ooxml-lite-5.1.0.jar;C:\Users\Admin\.m2\repository\org\hibernate\hibernate-core\5.4.12.Final\hibernate-core-5.4.12.Final.jar;C:\Users\Admin\.m2\repository\org\apache\commons\commons-collections4\4.4\commons-collections4-4.4.jar;C:\Users\Admin\.m2\repository\org\apache\commons\commons-math3\3.6.1\commons-math3-3.6.1.jar;C:\Users\Admin\.m2\repository\commons-codec\commons-codec\1.15\commons-codec-1.15.jar;C:\Users\Admin\.m2\repository\commons-io\commons-io\2.11.0\commons-io-2.11.0.jar;C:\Users\Admin\.m2\repository\org\openjfx\javafx-controls\17.0.6\javafx-controls-17.0.6-win.jar;C:\Users\Admin\.m2\repository\org\apache\logging\log4j\log4j-api\2.14.1\log4j-api-2.14.1.jar;C:\Users\Admin\.m2\repository\org\apache\xmlbeans\xmlbeans\5.0.2\xmlbeans-5.0.2.jar;C:\Users\Admin\.m2\repository\org\apache\poi\poi\5.1.0\poi-5.1.0.jar;C:\Users\Admin\.m2\repository\org\openjfx\javafx-fxml\17.0.6\javafx-fxml-17.0.6-win.jar;C:\Users\Admin\.m2\repository\org\openjfx\javafx-graphics\17.0.6\javafx-graphics-17.0.6-win.jar;C:\Users\Admin\.m2\repository\javax\persistence\javax.persistence-api\2.2\javax.persistence-api-2.2.jar;C:\Users\Admin\.m2\repository\org\apache\commons\commons-compress\1.21\commons-compress-1.21.jar -Djdk.module.main=com.example.project com.example.project/com.example.project.Main1

Host: Intel(R) Core(TM) i5-5200U CPU @ 2.20GHz, 4 cores, 3G,  Windows 10 , 64 bit Build 19041 (10.0.19041.3031)
Time: Thu Jun 29 21:32:40 2023 SE Asia Standard Time elapsed time: 48.835133 seconds (0d 0h 0m 48s)

---------------  T H R E A D  ---------------

Current thread (0x000001ef70240230):  JavaThread "C2 CompilerThread0" daemon [_thread_in_native, id=11392, stack(0x000000ba45a00000,0x000000ba45b00000)]


Current CompileTask:
C2:  48835 7812   !   4       com.sun.javafx.css.StyleManager::findMatchingStyles (1267 bytes)

Stack: [0x000000ba45a00000,0x000000ba45b00000]
Native frames: (J=compiled Java code, j=interpreted, Vv=VM code, C=native code)
V  [jvm.dll+0x6ee21a]
V  [jvm.dll+0x85765e]
V  [jvm.dll+0x85904e]
V  [jvm.dll+0x859703]
V  [jvm.dll+0x28298f]
V  [jvm.dll+0xc9adf]
V  [jvm.dll+0xc9e65]
V  [jvm.dll+0xc9c04]
V  [jvm.dll+0x74305c]
V  [jvm.dll+0x5fb15f]
V  [jvm.dll+0x5e06b8]
V  [jvm.dll+0x5e2956]
V  [jvm.dll+0x5ece78]
V  [jvm.dll+0x5e5dce]
V  [jvm.dll+0x5e9e79]
V  [jvm.dll+0x5e94f9]
V  [jvm.dll+0x5e93e0]
V  [jvm.dll+0x5e9567]
V  [jvm.dll+0x5e9567]
V  [jvm.dll+0x5e9567]
V  [jvm.dll+0x5e9567]
V  [jvm.dll+0x5e9567]
V  [jvm.dll+0x5f0f2b]
V  [jvm.dll+0x25590c]
V  [jvm.dll+0x24e1a7]
V  [jvm.dll+0x24b673]
V  [jvm.dll+0x1d6ce1]
V  [jvm.dll+0x25b25a]
V  [jvm.dll+0x2596e8]
V  [jvm.dll+0x807588]
V  [jvm.dll+0x80125a]
V  [jvm.dll+0x6ecf0b]
C  [ucrtbase.dll+0x21bb2]
C  [KERNEL32.DLL+0x17614]
C  [ntdll.dll+0x526f1]


---------------  P R O C E S S  ---------------

Threads class SMR info:
_java_thread_list=0x000001ef7b311150, length=21, elements={
0x000001ef529c78c0, 0x000001ef702348d0, 0x000001ef70235860, 0x000001ef70238370,
0x000001ef7023cb20, 0x000001ef7023f480, 0x000001ef7023f9c0, 0x000001ef70240230,
0x000001ef70244970, 0x000001ef70257d80, 0x000001ef702fe830, 0x000001ef745941f0,
0x000001ef74a71040, 0x000001ef7454c4d0, 0x000001ef74fa7a90, 0x000001ef751415c0,
0x000001ef7480d410, 0x000001ef75383570, 0x000001ef75ac9030, 0x000001ef75ac8040,
0x000001ef75ac6060
}

Java Threads: ( => current thread )
  0x000001ef529c78c0 JavaThread "main" [_thread_blocked, id=10960, stack(0x000000ba44d00000,0x000000ba44e00000)]
  0x000001ef702348d0 JavaThread "Reference Handler" daemon [_thread_blocked, id=3676, stack(0x000000ba45400000,0x000000ba45500000)]
  0x000001ef70235860 JavaThread "Finalizer" daemon [_thread_blocked, id=7092, stack(0x000000ba45500000,0x000000ba45600000)]
  0x000001ef70238370 JavaThread "Signal Dispatcher" daemon [_thread_blocked, id=8748, stack(0x000000ba45600000,0x000000ba45700000)]
  0x000001ef7023cb20 JavaThread "Attach Listener" daemon [_thread_blocked, id=3964, stack(0x000000ba45700000,0x000000ba45800000)]
  0x000001ef7023f480 JavaThread "Service Thread" daemon [_thread_blocked, id=3728, stack(0x000000ba45800000,0x000000ba45900000)]
  0x000001ef7023f9c0 JavaThread "Monitor Deflation Thread" daemon [_thread_blocked, id=4396, stack(0x000000ba45900000,0x000000ba45a00000)]
=>0x000001ef70240230 JavaThread "C2 CompilerThread0" daemon [_thread_in_native, id=11392, stack(0x000000ba45a00000,0x000000ba45b00000)]
  0x000001ef70244970 JavaThread "C1 CompilerThread0" daemon [_thread_blocked, id=544, stack(0x000000ba45b00000,0x000000ba45c00000)]
  0x000001ef70257d80 JavaThread "Sweeper thread" daemon [_thread_blocked, id=8580, stack(0x000000ba45c00000,0x000000ba45d00000)]
  0x000001ef702fe830 JavaThread "Common-Cleaner" daemon [_thread_blocked, id=8616, stack(0x000000ba45d00000,0x000000ba45e00000)]
  0x000001ef745941f0 JavaThread "Monitor Ctrl-Break" daemon [_thread_in_native, id=3940, stack(0x000000ba46100000,0x000000ba46200000)]
  0x000001ef74a71040 JavaThread "Notification Thread" daemon [_thread_blocked, id=6780, stack(0x000000ba46200000,0x000000ba46300000)]
  0x000001ef7454c4d0 JavaThread "QuantumRenderer-0" daemon [_thread_blocked, id=4516, stack(0x000000ba45e00000,0x000000ba45f00000)]
  0x000001ef74fa7a90 JavaThread "InvokeLaterDispatcher" daemon [_thread_blocked, id=6404, stack(0x000000ba46500000,0x000000ba46600000)]
  0x000001ef751415c0 JavaThread "JavaFX Application Thread" [_thread_in_native, id=2584, stack(0x000000ba46600000,0x000000ba46700000)]
  0x000001ef7480d410 JavaThread "Thread-1" daemon [_thread_in_native, id=5368, stack(0x000000ba46a00000,0x000000ba46b00000)]
  0x000001ef75383570 JavaThread "JavaFX-Launcher" [_thread_blocked, id=8604, stack(0x000000ba46b00000,0x000000ba46c00000)]
  0x000001ef75ac9030 JavaThread "Hibernate Connection Pool Validation Thread" daemon [_thread_blocked, id=2504, stack(0x000000ba46d00000,0x000000ba46e00000)]
  0x000001ef75ac8040 JavaThread "Prism Font Disposer" daemon [_thread_blocked, id=4152, stack(0x000000ba47100000,0x000000ba47200000)]
  0x000001ef75ac6060 JavaThread "Cleaner-0" daemon [_thread_blocked, id=1568, stack(0x000000ba47200000,0x000000ba47300000)]

Other Threads:
  0x000001ef52a8bfd0 VMThread "VM Thread" [stack: 0x000000ba45300000,0x000000ba45400000] [id=6216]
  0x000001ef748c03a0 WatcherThread "VM Periodic Task Thread" [stack: 0x000000ba46300000,0x000000ba46400000] [id=4548]
  0x000001ef52a09f20 WorkerThread "GC Thread#0" [stack: 0x000000ba44e00000,0x000000ba44f00000] [id=8632]
  0x000001ef747b4210 WorkerThread "GC Thread#1" [stack: 0x000000ba45f00000,0x000000ba46000000] [id=8116]
  0x000001ef748d0fe0 WorkerThread "GC Thread#2" [stack: 0x000000ba46000000,0x000000ba46100000] [id=5604]
  0x000001ef74a617e0 WorkerThread "GC Thread#3" [stack: 0x000000ba46400000,0x000000ba46500000] [id=11464]
  0x000001ef52a13c80 ConcurrentGCThread "G1 Main Marker" [stack: 0x000000ba44f00000,0x000000ba45000000] [id=6776]
  0x000001ef52a14f00 WorkerThread "G1 Conc#0" [stack: 0x000000ba45000000,0x000000ba45100000] [id=8380]
  0x000001ef52a67b00 ConcurrentGCThread "G1 Refine#0" [stack: 0x000000ba45100000,0x000000ba45200000] [id=12052]
  0x000001ef52a68d00 ConcurrentGCThread "G1 Service" [stack: 0x000000ba45200000,0x000000ba45300000] [id=9040]

Threads with active compile tasks:
C2 CompilerThread0    48953 7812   !   4       com.sun.javafx.css.StyleManager::findMatchingStyles (1267 bytes)

VM state: not at safepoint (normal execution)

VM Mutex/Monitor currently owned by a thread: None

Heap address: 0x00000000c1600000, size: 1002 MB, Compressed Oops mode: 32-bit

CDS archive(s) mapped at: [0x0000000800000000-0x0000000800c40000-0x0000000800c40000), size 12845056, SharedBaseAddress: 0x0000000800000000, ArchiveRelocationMode: 0.
Compressed class space mapped at: 0x0000000801000000-0x0000000841000000, reserved size: 1073741824
Narrow klass base: 0x0000000800000000, Narrow klass shift: 0, Narrow klass range: 0x100000000

GC Precious Log:
 CardTable entry size: 512
 Card Set container configuration: InlinePtr #cards 5 size 8 Array Of Cards #cards 12 size 40 Howl #buckets 4 coarsen threshold 1843 Howl Bitmap #cards 512 size 80 coarsen threshold 460 Card regions per heap region 1 cards per card region 2048
 CPUs: 4 total, 4 available
 Memory: 4007M
 Large Page Support: Disabled
 NUMA Support: Disabled
 Compressed Oops: Enabled (32-bit)
 Heap Region Size: 1M
 Heap Min Capacity: 8M
 Heap Initial Capacity: 64M
 Heap Max Capacity: 1002M
 Pre-touch: Disabled
 Parallel Workers: 4
 Concurrent Workers: 1
 Concurrent Refinement Workers: 4
 Periodic GC: Disabled

Heap:
 garbage-first heap   total 121856K, used 88076K [0x00000000c1600000, 0x0000000100000000)
  region size 1024K, 4 young (4096K), 1 survivors (1024K)
 Metaspace       used 55371K, committed 55872K, reserved 1114112K
  class space    used 7260K, committed 7488K, reserved 1048576K

Heap Regions: E=young(eden), S=young(survivor), O=old, HS=humongous(starts), HC=humongous(continues), CS=collection set, F=free, OA=open archive, CA=closed archive, TAMS=top-at-mark-start (previous, next)
|   0|0x00000000c1600000, 0x00000000c1700000, 0x00000000c1700000|100%|HS|  |TAMS 0x00000000c1700000, 0x00000000c1600000| Complete 
|   1|0x00000000c1700000, 0x00000000c1800000, 0x00000000c1800000|100%| O|  |TAMS 0x00000000c1800000, 0x00000000c1700000| Untracked 
|   2|0x00000000c1800000, 0x00000000c1900000, 0x00000000c1900000|100%|HS|  |TAMS 0x00000000c1800000, 0x00000000c1800000| Complete 
|   3|0x00000000c1900000, 0x00000000c1a00000, 0x00000000c1a00000|100%|HC|  |TAMS 0x00000000c1900000, 0x00000000c1900000| Complete 
|   4|0x00000000c1a00000, 0x00000000c1b00000, 0x00000000c1b00000|100%| O|  |TAMS 0x00000000c1b00000, 0x00000000c1a00000| Untracked 
|   5|0x00000000c1b00000, 0x00000000c1c00000, 0x00000000c1c00000|100%| O|  |TAMS 0x00000000c1c00000, 0x00000000c1b00000| Untracked 
|   6|0x00000000c1c00000, 0x00000000c1d00000, 0x00000000c1d00000|100%| O|  |TAMS 0x00000000c1d00000, 0x00000000c1c00000| Untracked 
|   7|0x00000000c1d00000, 0x00000000c1e00000, 0x00000000c1e00000|100%| O|  |TAMS 0x00000000c1e00000, 0x00000000c1d00000| Untracked 
|   8|0x00000000c1e00000, 0x00000000c1f00000, 0x00000000c1f00000|100%| O|  |TAMS 0x00000000c1f00000, 0x00000000c1e00000| Untracked 
|   9|0x00000000c1f00000, 0x00000000c2000000, 0x00000000c2000000|100%| O|  |TAMS 0x00000000c2000000, 0x00000000c1f00000| Untracked 
|  10|0x00000000c2000000, 0x00000000c2100000, 0x00000000c2100000|100%| O|  |TAMS 0x00000000c2100000, 0x00000000c2000000| Untracked 
|  11|0x00000000c2100000, 0x00000000c2200000, 0x00000000c2200000|100%| O|  |TAMS 0x00000000c2200000, 0x00000000c2100000| Untracked 
|  12|0x00000000c2200000, 0x00000000c2300000, 0x00000000c2300000|100%| O|  |TAMS 0x00000000c2300000, 0x00000000c2200000| Untracked 
|  13|0x00000000c2300000, 0x00000000c2400000, 0x00000000c2400000|100%| O|  |TAMS 0x00000000c2400000, 0x00000000c2300000| Untracked 
|  14|0x00000000c2400000, 0x00000000c2500000, 0x00000000c2500000|100%| O|  |TAMS 0x00000000c2500000, 0x00000000c2400000| Untracked 
|  15|0x00000000c2500000, 0x00000000c2600000, 0x00000000c2600000|100%| O|  |TAMS 0x00000000c2600000, 0x00000000c2500000| Untracked 
|  16|0x00000000c2600000, 0x00000000c2700000, 0x00000000c2700000|100%| O|  |TAMS 0x00000000c2700000, 0x00000000c2600000| Untracked 
|  17|0x00000000c2700000, 0x00000000c2800000, 0x00000000c2800000|100%|HS|  |TAMS 0x00000000c2800000, 0x00000000c2700000| Complete 
|  18|0x00000000c2800000, 0x00000000c2900000, 0x00000000c2900000|100%|HC|  |TAMS 0x00000000c2900000, 0x00000000c2800000| Complete 
|  19|0x00000000c2900000, 0x00000000c2a00000, 0x00000000c2a00000|100%| O|  |TAMS 0x00000000c2a00000, 0x00000000c2900000| Untracked 
|  20|0x00000000c2a00000, 0x00000000c2b00000, 0x00000000c2b00000|100%| O|  |TAMS 0x00000000c2b00000, 0x00000000c2a00000| Untracked 
|  21|0x00000000c2b00000, 0x00000000c2c00000, 0x00000000c2c00000|100%| O|  |TAMS 0x00000000c2c00000, 0x00000000c2b00000| Untracked 
|  22|0x00000000c2c00000, 0x00000000c2d00000, 0x00000000c2d00000|100%|HS|  |TAMS 0x00000000c2d00000, 0x00000000c2c00000| Complete 
|  23|0x00000000c2d00000, 0x00000000c2e00000, 0x00000000c2e00000|100%|HC|  |TAMS 0x00000000c2e00000, 0x00000000c2d00000| Complete 
|  24|0x00000000c2e00000, 0x00000000c2f00000, 0x00000000c2f00000|100%|HS|  |TAMS 0x00000000c2f00000, 0x00000000c2e00000| Complete 
|  25|0x00000000c2f00000, 0x00000000c3000000, 0x00000000c3000000|100%|HC|  |TAMS 0x00000000c3000000, 0x00000000c2f00000| Complete 
|  26|0x00000000c3000000, 0x00000000c3100000, 0x00000000c3100000|100%|HS|  |TAMS 0x00000000c3100000, 0x00000000c3000000| Complete 
|  27|0x00000000c3100000, 0x00000000c3200000, 0x00000000c3200000|100%|HC|  |TAMS 0x00000000c3200000, 0x00000000c3100000| Complete 
|  28|0x00000000c3200000, 0x00000000c3300000, 0x00000000c3300000|100%|HC|  |TAMS 0x00000000c3300000, 0x00000000c3200000| Complete 
|  29|0x00000000c3300000, 0x00000000c3400000, 0x00000000c3400000|100%|HS|  |TAMS 0x00000000c3400000, 0x00000000c3300000| Complete 
|  30|0x00000000c3400000, 0x00000000c3500000, 0x00000000c3500000|100%|HC|  |TAMS 0x00000000c3500000, 0x00000000c3400000| Complete 
|  31|0x00000000c3500000, 0x00000000c3600000, 0x00000000c3600000|100%|HS|  |TAMS 0x00000000c3600000, 0x00000000c3500000| Complete 
|  32|0x00000000c3600000, 0x00000000c3700000, 0x00000000c3700000|100%|HC|  |TAMS 0x00000000c3700000, 0x00000000c3600000| Complete 
|  33|0x00000000c3700000, 0x00000000c3800000, 0x00000000c3800000|100%|HS|  |TAMS 0x00000000c3800000, 0x00000000c3700000| Complete 
|  34|0x00000000c3800000, 0x00000000c3900000, 0x00000000c3900000|100%|HC|  |TAMS 0x00000000c3900000, 0x00000000c3800000| Complete 
|  35|0x00000000c3900000, 0x00000000c3a00000, 0x00000000c3a00000|100%|HS|  |TAMS 0x00000000c3a00000, 0x00000000c3900000| Complete 
|  36|0x00000000c3a00000, 0x00000000c3b00000, 0x00000000c3b00000|100%|HC|  |TAMS 0x00000000c3b00000, 0x00000000c3a00000| Complete 
|  37|0x00000000c3b00000, 0x00000000c3c00000, 0x00000000c3c00000|100%|HS|  |TAMS 0x00000000c3c00000, 0x00000000c3b00000| Complete 
|  38|0x00000000c3c00000, 0x00000000c3d00000, 0x00000000c3d00000|100%|HC|  |TAMS 0x00000000c3d00000, 0x00000000c3c00000| Complete 
|  39|0x00000000c3d00000, 0x00000000c3e00000, 0x00000000c3e00000|100%| O|  |TAMS 0x00000000c3e00000, 0x00000000c3d00000| Untracked 
|  40|0x00000000c3e00000, 0x00000000c3f00000, 0x00000000c3f00000|100%| O|  |TAMS 0x00000000c3f00000, 0x00000000c3e00000| Untracked 
|  41|0x00000000c3f00000, 0x00000000c4000000, 0x00000000c4000000|100%|HS|  |TAMS 0x00000000c4000000, 0x00000000c3f00000| Complete 
|  42|0x00000000c4000000, 0x00000000c4100000, 0x00000000c4100000|100%|HC|  |TAMS 0x00000000c4100000, 0x00000000c4000000| Complete 
|  43|0x00000000c4100000, 0x00000000c4200000, 0x00000000c4200000|100%| O|  |TAMS 0x00000000c4200000, 0x00000000c4100000| Untracked 
|  44|0x00000000c4200000, 0x00000000c4300000, 0x00000000c4300000|100%| O|  |TAMS 0x00000000c4300000, 0x00000000c4200000| Untracked 
|  45|0x00000000c4300000, 0x00000000c4400000, 0x00000000c4400000|100%|HS|  |TAMS 0x00000000c4400000, 0x00000000c4300000| Complete 
|  46|0x00000000c4400000, 0x00000000c4500000, 0x00000000c4500000|100%|HC|  |TAMS 0x00000000c4500000, 0x00000000c4400000| Complete 
|  47|0x00000000c4500000, 0x00000000c4600000, 0x00000000c4600000|100%|HS|  |TAMS 0x00000000c4600000, 0x00000000c4500000| Complete 
|  48|0x00000000c4600000, 0x00000000c4700000, 0x00000000c4700000|100%|HC|  |TAMS 0x00000000c4700000, 0x00000000c4600000| Complete 
|  49|0x00000000c4700000, 0x00000000c4800000, 0x00000000c4800000|100%|HC|  |TAMS 0x00000000c4800000, 0x00000000c4700000| Complete 
|  50|0x00000000c4800000, 0x00000000c4900000, 0x00000000c4900000|100%|HS|  |TAMS 0x00000000c4900000, 0x00000000c4800000| Complete 
|  51|0x00000000c4900000, 0x00000000c4a00000, 0x00000000c4a00000|100%|HC|  |TAMS 0x00000000c4a00000, 0x00000000c4900000| Complete 
|  52|0x00000000c4a00000, 0x00000000c4b00000, 0x00000000c4b00000|100%|HS|  |TAMS 0x00000000c4b00000, 0x00000000c4a00000| Complete 
|  53|0x00000000c4b00000, 0x00000000c4c00000, 0x00000000c4c00000|100%|HC|  |TAMS 0x00000000c4c00000, 0x00000000c4b00000| Complete 
|  54|0x00000000c4c00000, 0x00000000c4d00000, 0x00000000c4d00000|100%|HC|  |TAMS 0x00000000c4d00000, 0x00000000c4c00000| Complete 
|  55|0x00000000c4d00000, 0x00000000c4e00000, 0x00000000c4e00000|100%|HS|  |TAMS 0x00000000c4e00000, 0x00000000c4d00000| Complete 
|  56|0x00000000c4e00000, 0x00000000c4f00000, 0x00000000c4f00000|100%|HC|  |TAMS 0x00000000c4f00000, 0x00000000c4e00000| Complete 
|  57|0x00000000c4f00000, 0x00000000c4f00000, 0x00000000c5000000|  0%| F|  |TAMS 0x00000000c4f00000, 0x00000000c4f00000| Untracked 
|  58|0x00000000c5000000, 0x00000000c5100000, 0x00000000c5100000|100%| O|  |TAMS 0x00000000c5000000, 0x00000000c5000000| Untracked 
|  59|0x00000000c5100000, 0x00000000c5200000, 0x00000000c5200000|100%| O|  |TAMS 0x00000000c5100000, 0x00000000c5100000| Untracked 
|  60|0x00000000c5200000, 0x00000000c5300000, 0x00000000c5300000|100%| O|  |TAMS 0x00000000c5200000, 0x00000000c5200000| Untracked 
|  61|0x00000000c5300000, 0x00000000c5400000, 0x00000000c5400000|100%|HS|  |TAMS 0x00000000c5300000, 0x00000000c5300000| Complete 
|  62|0x00000000c5400000, 0x00000000c5500000, 0x00000000c5500000|100%|HC|  |TAMS 0x00000000c5400000, 0x00000000c5400000| Complete 
|  63|0x00000000c5500000, 0x00000000c5600000, 0x00000000c5600000|100%|HC|  |TAMS 0x00000000c5500000, 0x00000000c5500000| Complete 
|  64|0x00000000c5600000, 0x00000000c5700000, 0x00000000c5700000|100%|HS|  |TAMS 0x00000000c5600000, 0x00000000c5600000| Complete 
|  65|0x00000000c5700000, 0x00000000c5800000, 0x00000000c5800000|100%|HC|  |TAMS 0x00000000c5700000, 0x00000000c5700000| Complete 
|  66|0x00000000c5800000, 0x00000000c5900000, 0x00000000c5900000|100%|HC|  |TAMS 0x00000000c5800000, 0x00000000c5800000| Complete 
|  67|0x00000000c5900000, 0x00000000c5a00000, 0x00000000c5a00000|100%|HS|  |TAMS 0x00000000c5900000, 0x00000000c5900000| Complete 
|  68|0x00000000c5a00000, 0x00000000c5b00000, 0x00000000c5b00000|100%|HC|  |TAMS 0x00000000c5a00000, 0x00000000c5a00000| Complete 
|  69|0x00000000c5b00000, 0x00000000c5c00000, 0x00000000c5c00000|100%|HC|  |TAMS 0x00000000c5b00000, 0x00000000c5b00000| Complete 
|  70|0x00000000c5c00000, 0x00000000c5d00000, 0x00000000c5d00000|100%|HS|  |TAMS 0x00000000c5c00000, 0x00000000c5c00000| Complete 
|  71|0x00000000c5d00000, 0x00000000c5e00000, 0x00000000c5e00000|100%|HC|  |TAMS 0x00000000c5d00000, 0x00000000c5d00000| Complete 
|  72|0x00000000c5e00000, 0x00000000c5f00000, 0x00000000c5f00000|100%|HC|  |TAMS 0x00000000c5e00000, 0x00000000c5e00000| Complete 
|  73|0x00000000c5f00000, 0x00000000c6000000, 0x00000000c6000000|100%|HS|  |TAMS 0x00000000c5f00000, 0x00000000c5f00000| Complete 
|  74|0x00000000c6000000, 0x00000000c6100000, 0x00000000c6100000|100%|HC|  |TAMS 0x00000000c6000000, 0x00000000c6000000| Complete 
|  75|0x00000000c6100000, 0x00000000c6200000, 0x00000000c6200000|100%|HS|  |TAMS 0x00000000c6100000, 0x00000000c6100000| Complete 
|  76|0x00000000c6200000, 0x00000000c6300000, 0x00000000c6300000|100%|HC|  |TAMS 0x00000000c6200000, 0x00000000c6200000| Complete 
|  77|0x00000000c6300000, 0x00000000c6400000, 0x00000000c6400000|100%|HC|  |TAMS 0x00000000c6300000, 0x00000000c6300000| Complete 
|  78|0x00000000c6400000, 0x00000000c6500000, 0x00000000c6500000|100%|HS|  |TAMS 0x00000000c6400000, 0x00000000c6400000| Complete 
|  79|0x00000000c6500000, 0x00000000c6600000, 0x00000000c6600000|100%|HC|  |TAMS 0x00000000c6500000, 0x00000000c6500000| Complete 
|  80|0x00000000c6600000, 0x00000000c6700000, 0x00000000c6700000|100%| O|  |TAMS 0x00000000c6600000, 0x00000000c6600000| Untracked 
|  81|0x00000000c6700000, 0x00000000c6800000, 0x00000000c6800000|100%| O|  |TAMS 0x00000000c6700000, 0x00000000c6700000| Untracked 
|  82|0x00000000c6800000, 0x00000000c6900000, 0x00000000c6900000|100%| O|  |TAMS 0x00000000c6800000, 0x00000000c6800000| Untracked 
|  83|0x00000000c6900000, 0x00000000c6a00000, 0x00000000c6a00000|100%| O|  |TAMS 0x00000000c6900000, 0x00000000c6900000| Untracked 
|  84|0x00000000c6a00000, 0x00000000c6a85200, 0x00000000c6b00000| 52%| O|  |TAMS 0x00000000c6a00000, 0x00000000c6a00000| Untracked 
|  85|0x00000000c6b00000, 0x00000000c6b00000, 0x00000000c6c00000|  0%| F|  |TAMS 0x00000000c6b00000, 0x00000000c6b00000| Untracked 
|  86|0x00000000c6c00000, 0x00000000c6c00000, 0x00000000c6d00000|  0%| F|  |TAMS 0x00000000c6c00000, 0x00000000c6c00000| Untracked 
|  87|0x00000000c6d00000, 0x00000000c6d00000, 0x00000000c6e00000|  0%| F|  |TAMS 0x00000000c6d00000, 0x00000000c6d00000| Untracked 
|  88|0x00000000c6e00000, 0x00000000c6e00000, 0x00000000c6f00000|  0%| F|  |TAMS 0x00000000c6e00000, 0x00000000c6e00000| Untracked 
|  89|0x00000000c6f00000, 0x00000000c6f00000, 0x00000000c7000000|  0%| F|  |TAMS 0x00000000c6f00000, 0x00000000c6f00000| Untracked 
|  90|0x00000000c7000000, 0x00000000c7000000, 0x00000000c7100000|  0%| F|  |TAMS 0x00000000c7000000, 0x00000000c7000000| Untracked 
|  91|0x00000000c7100000, 0x00000000c7100000, 0x00000000c7200000|  0%| F|  |TAMS 0x00000000c7100000, 0x00000000c7100000| Untracked 
|  92|0x00000000c7200000, 0x00000000c7200000, 0x00000000c7300000|  0%| F|  |TAMS 0x00000000c7200000, 0x00000000c7200000| Untracked 
|  93|0x00000000c7300000, 0x00000000c7300000, 0x00000000c7400000|  0%| F|  |TAMS 0x00000000c7300000, 0x00000000c7300000| Untracked 
|  94|0x00000000c7400000, 0x00000000c7400000, 0x00000000c7500000|  0%| F|  |TAMS 0x00000000c7400000, 0x00000000c7400000| Untracked 
|  95|0x00000000c7500000, 0x00000000c7500000, 0x00000000c7600000|  0%| F|  |TAMS 0x00000000c7500000, 0x00000000c7500000| Untracked 
|  96|0x00000000c7600000, 0x00000000c7600000, 0x00000000c7700000|  0%| F|  |TAMS 0x00000000c7600000, 0x00000000c7600000| Untracked 
|  97|0x00000000c7700000, 0x00000000c7700000, 0x00000000c7800000|  0%| F|  |TAMS 0x00000000c7700000, 0x00000000c7700000| Untracked 
|  98|0x00000000c7800000, 0x00000000c7800000, 0x00000000c7900000|  0%| F|  |TAMS 0x00000000c7800000, 0x00000000c7800000| Untracked 
|  99|0x00000000c7900000, 0x00000000c7900000, 0x00000000c7a00000|  0%| F|  |TAMS 0x00000000c7900000, 0x00000000c7900000| Untracked 
| 100|0x00000000c7a00000, 0x00000000c7a00000, 0x00000000c7b00000|  0%| F|  |TAMS 0x00000000c7a00000, 0x00000000c7a00000| Untracked 
| 101|0x00000000c7b00000, 0x00000000c7b00000, 0x00000000c7c00000|  0%| F|  |TAMS 0x00000000c7b00000, 0x00000000c7b00000| Untracked 
| 102|0x00000000c7c00000, 0x00000000c7c00000, 0x00000000c7d00000|  0%| F|  |TAMS 0x00000000c7c00000, 0x00000000c7c00000| Untracked 
| 103|0x00000000c7d00000, 0x00000000c7d00000, 0x00000000c7e00000|  0%| F|  |TAMS 0x00000000c7d00000, 0x00000000c7d00000| Untracked 
| 104|0x00000000c7e00000, 0x00000000c7e00000, 0x00000000c7f00000|  0%| F|  |TAMS 0x00000000c7e00000, 0x00000000c7e00000| Untracked 
| 105|0x00000000c7f00000, 0x00000000c7f00000, 0x00000000c8000000|  0%| F|  |TAMS 0x00000000c7f00000, 0x00000000c7f00000| Untracked 
| 106|0x00000000c8000000, 0x00000000c8000000, 0x00000000c8100000|  0%| F|  |TAMS 0x00000000c8000000, 0x00000000c8000000| Untracked 
| 107|0x00000000c8100000, 0x00000000c8100000, 0x00000000c8200000|  0%| F|  |TAMS 0x00000000c8100000, 0x00000000c8100000| Untracked 
| 108|0x00000000c8200000, 0x00000000c8200000, 0x00000000c8300000|  0%| F|  |TAMS 0x00000000c8200000, 0x00000000c8200000| Untracked 
| 109|0x00000000c8300000, 0x00000000c8300000, 0x00000000c8400000|  0%| F|  |TAMS 0x00000000c8300000, 0x00000000c8300000| Untracked 
| 110|0x00000000c8400000, 0x00000000c8400000, 0x00000000c8500000|  0%| F|  |TAMS 0x00000000c8400000, 0x00000000c8400000| Untracked 
| 111|0x00000000c8500000, 0x00000000c8500000, 0x00000000c8600000|  0%| F|  |TAMS 0x00000000c8500000, 0x00000000c8500000| Untracked 
| 112|0x00000000c8600000, 0x00000000c8600000, 0x00000000c8700000|  0%| F|  |TAMS 0x00000000c8600000, 0x00000000c8600000| Untracked 
| 113|0x00000000c8700000, 0x00000000c8700000, 0x00000000c8800000|  0%| F|  |TAMS 0x00000000c8700000, 0x00000000c8700000| Untracked 
| 114|0x00000000c8800000, 0x00000000c8800000, 0x00000000c8900000|  0%| F|  |TAMS 0x00000000c8800000, 0x00000000c8800000| Untracked 
| 115|0x00000000c8900000, 0x00000000c89803d8, 0x00000000c8a00000| 50%| E|  |TAMS 0x00000000c8900000, 0x00000000c8900000| Complete 
| 116|0x00000000c8a00000, 0x00000000c8a7df80, 0x00000000c8b00000| 49%| S|CS|TAMS 0x00000000c8a00000, 0x00000000c8a00000| Complete 
| 117|0x00000000c8b00000, 0x00000000c8c00000, 0x00000000c8c00000|100%| E|CS|TAMS 0x00000000c8b00000, 0x00000000c8b00000| Complete 
| 118|0x00000000c8c00000, 0x00000000c8d00000, 0x00000000c8d00000|100%| E|CS|TAMS 0x00000000c8c00000, 0x00000000c8c00000| Complete 

Card table byte_map: [0x000001ef6b960000,0x000001ef6bb60000] _byte_map_base: 0x000001ef6b355000

Marking Bits (Prev, Next): (CMBitMap*) 0x000001ef52a0b4b0, (CMBitMap*) 0x000001ef52a0b470
 Prev Bits: [0x000001ef6cd10000, 0x000001ef6dcb8000)
 Next Bits: [0x000001ef6bd60000, 0x000001ef6cd08000)

Polling page: 0x000001ef52a90000

Metaspace:

Usage:
  Non-class:     46.98 MB used.
      Class:      7.09 MB used.
       Both:     54.07 MB used.

Virtual space:
  Non-class space:       64.00 MB reserved,      47.25 MB ( 74%) committed,  1 nodes.
      Class space:        1.00 GB reserved,       7.31 MB ( <1%) committed,  1 nodes.
             Both:        1.06 GB reserved,      54.56 MB (  5%) committed. 

Chunk freelists:
   Non-Class:  672.00 KB
       Class:  689.00 KB
        Both:  1.33 MB

MaxMetaspaceSize: unlimited
CompressedClassSpaceSize: 1.00 GB
Initial GC threshold: 21.00 MB
Current GC threshold: 90.25 MB
CDS: on
MetaspaceReclaimPolicy: balanced
 - commit_granule_bytes: 65536.
 - commit_granule_words: 8192.
 - virtual_space_node_default_size: 8388608.
 - enlarge_chunks_in_place: 1.
 - new_chunks_are_fully_committed: 0.
 - uncommit_free_chunks: 1.
 - use_allocation_guard: 0.


Internal statistics:

num_allocs_failed_limit: 6.
num_arena_births: 544.
num_arena_deaths: 0.
num_vsnodes_births: 2.
num_vsnodes_deaths: 0.
num_space_committed: 873.
num_space_uncommitted: 0.
num_chunks_returned_to_freelist: 6.
num_chunks_taken_from_freelist: 2180.
num_chunk_merges: 3.
num_chunk_splits: 1593.
num_chunks_enlarged: 1322.
num_inconsistent_stats: 0.

CodeHeap 'non-profiled nmethods': size=120000Kb used=3220Kb max_used=3220Kb free=116779Kb
 bounds [0x000001ef63c10000, 0x000001ef63f40000, 0x000001ef6b140000]
CodeHeap 'profiled nmethods': size=120000Kb used=14024Kb max_used=14192Kb free=105976Kb
 bounds [0x000001ef5c140000, 0x000001ef5cf90000, 0x000001ef63670000]
CodeHeap 'non-nmethods': size=5760Kb used=1733Kb max_used=1783Kb free=4026Kb
 bounds [0x000001ef63670000, 0x000001ef638e0000, 0x000001ef63c10000]
 total_blobs=7879 nmethods=6819 adapters=969
 compilation: enabled
              stopped_count=0, restarted_count=0
 full_count=0

Compilation events (20 events):
Event: 48.457 Thread 0x000001ef70244970 7837       1       javafx.css.StyleClass::getStyleClassName (5 bytes)
Event: 48.458 Thread 0x000001ef70244970 nmethod 7837 0x000001ef63f2e210 code [0x000001ef63f2e3a0, 0x000001ef63f2e458]
Event: 48.461 Thread 0x000001ef70244970 7842   !   3       com.sun.prism.impl.ps.PaintHelper::setLinearGradient (516 bytes)
Event: 48.464 Thread 0x000001ef70244970 nmethod 7842 0x000001ef5c417590 code [0x000001ef5c4179a0, 0x000001ef5c4190f8]
Event: 48.464 Thread 0x000001ef70244970 7844       3       javafx.scene.layout.CornerRadii::equals (276 bytes)
Event: 48.466 Thread 0x000001ef70244970 nmethod 7844 0x000001ef5c27ec90 code [0x000001ef5c27ef60, 0x000001ef5c27fbf8]
Event: 48.466 Thread 0x000001ef70244970 7843       3       java.nio.MappedByteBuffer::<init> (22 bytes)
Event: 48.466 Thread 0x000001ef70244970 nmethod 7843 0x000001ef5ca85010 code [0x000001ef5ca851c0, 0x000001ef5ca85328]
Event: 48.610 Thread 0x000001ef70240230 nmethod 7803 0x000001ef63f2e510 code [0x000001ef63f2e8a0, 0x000001ef63f32080]
Event: 48.611 Thread 0x000001ef70240230 7835       4       com.sun.javafx.css.BitSet::equals (117 bytes)
Event: 48.614 Thread 0x000001ef70240230 nmethod 7835 0x000001ef63f34410 code [0x000001ef63f345a0, 0x000001ef63f34798]
Event: 48.614 Thread 0x000001ef70240230 7812   !   4       com.sun.javafx.css.StyleManager::findMatchingStyles (1267 bytes)
Event: 48.658 Thread 0x000001ef70244970 7846       3       java.util.concurrent.CopyOnWriteArrayList$COWIterator::hasNext (18 bytes)
Event: 48.658 Thread 0x000001ef70244970 nmethod 7846 0x000001ef5ca84c10 code [0x000001ef5ca84da0, 0x000001ef5ca84f18]
Event: 48.676 Thread 0x000001ef70244970 7848       3       java.lang.String::<init> (127 bytes)
Event: 48.678 Thread 0x000001ef70244970 nmethod 7848 0x000001ef5c27e110 code [0x000001ef5c27e320, 0x000001ef5c27e9c8]
Event: 48.678 Thread 0x000001ef70244970 7849       3       jdk.internal.math.DoubleToDecimal::removeTrailingZeroes (52 bytes)
Event: 48.678 Thread 0x000001ef70244970 nmethod 7849 0x000001ef5ca84710 code [0x000001ef5ca848c0, 0x000001ef5ca84ad8]
Event: 48.678 Thread 0x000001ef70244970 7851       3       java.util.Formatter$FormatSpecifier::printInteger (137 bytes)
Event: 48.679 Thread 0x000001ef70244970 nmethod 7851 0x000001ef5cb60610 code [0x000001ef5cb608e0, 0x000001ef5cb61908]

GC Heap History (20 events):
Event: 19.997 GC heap before
{Heap before GC invocations=10 (full 0):
 garbage-first heap   total 55296K, used 42964K [0x00000000c1600000, 0x0000000100000000)
  region size 1024K, 24 young (24576K), 1 survivors (1024K)
 Metaspace       used 48665K, committed 49024K, reserved 1114112K
  class space    used 6225K, committed 6400K, reserved 1048576K
}
Event: 20.002 GC heap after
{Heap after GC invocations=11 (full 0):
 garbage-first heap   total 55296K, used 22001K [0x00000000c1600000, 0x0000000100000000)
  region size 1024K, 2 young (2048K), 2 survivors (2048K)
 Metaspace       used 48665K, committed 49024K, reserved 1114112K
  class space    used 6225K, committed 6400K, reserved 1048576K
}
Event: 22.154 GC heap before
{Heap before GC invocations=11 (full 0):
 garbage-first heap   total 55296K, used 28145K [0x00000000c1600000, 0x0000000100000000)
  region size 1024K, 5 young (5120K), 2 survivors (2048K)
 Metaspace       used 49330K, committed 49728K, reserved 1114112K
  class space    used 6337K, committed 6528K, reserved 1048576K
}
Event: 22.159 GC heap after
{Heap after GC invocations=12 (full 0):
 garbage-first heap   total 55296K, used 26375K [0x00000000c1600000, 0x0000000100000000)
  region size 1024K, 1 young (1024K), 1 survivors (1024K)
 Metaspace       used 49330K, committed 49728K, reserved 1114112K
  class space    used 6337K, committed 6528K, reserved 1048576K
}
Event: 22.243 GC heap before
{Heap before GC invocations=13 (full 0):
 garbage-first heap   total 56320K, used 31495K [0x00000000c1600000, 0x0000000100000000)
  region size 1024K, 2 young (2048K), 1 survivors (1024K)
 Metaspace       used 49467K, committed 49920K, reserved 1114112K
  class space    used 6380K, committed 6592K, reserved 1048576K
}
Event: 22.245 GC heap after
{Heap after GC invocations=14 (full 0):
 garbage-first heap   total 56320K, used 31629K [0x00000000c1600000, 0x0000000100000000)
  region size 1024K, 1 young (1024K), 1 survivors (1024K)
 Metaspace       used 49467K, committed 49920K, reserved 1114112K
  class space    used 6380K, committed 6592K, reserved 1048576K
}
Event: 22.844 GC heap before
{Heap before GC invocations=15 (full 0):
 garbage-first heap   total 70656K, used 52109K [0x00000000c1600000, 0x0000000100000000)
  region size 1024K, 13 young (13312K), 1 survivors (1024K)
 Metaspace       used 51986K, committed 52416K, reserved 1114112K
  class space    used 6977K, committed 7168K, reserved 1048576K
}
Event: 22.850 GC heap after
{Heap after GC invocations=16 (full 0):
 garbage-first heap   total 70656K, used 40888K [0x00000000c1600000, 0x0000000100000000)
  region size 1024K, 2 young (2048K), 2 survivors (2048K)
 Metaspace       used 51986K, committed 52416K, reserved 1114112K
  class space    used 6977K, committed 7168K, reserved 1048576K
}
Event: 24.862 GC heap before
{Heap before GC invocations=16 (full 0):
 garbage-first heap   total 70656K, used 51128K [0x00000000c1600000, 0x0000000100000000)
  region size 1024K, 13 young (13312K), 2 survivors (2048K)
 Metaspace       used 52869K, committed 53312K, reserved 1114112K
  class space    used 7016K, committed 7232K, reserved 1048576K
}
Event: 24.872 GC heap after
{Heap after GC invocations=17 (full 0):
 garbage-first heap   total 70656K, used 44080K [0x00000000c1600000, 0x0000000100000000)
  region size 1024K, 3 young (3072K), 3 survivors (3072K)
 Metaspace       used 52869K, committed 53312K, reserved 1114112K
  class space    used 7016K, committed 7232K, reserved 1048576K
}
Event: 29.239 GC heap before
{Heap before GC invocations=18 (full 0):
 garbage-first heap   total 80896K, used 49200K [0x00000000c1600000, 0x0000000100000000)
  region size 1024K, 7 young (7168K), 3 survivors (3072K)
 Metaspace       used 53371K, committed 53824K, reserved 1114112K
  class space    used 7074K, committed 7296K, reserved 1048576K
}
Event: 29.245 GC heap after
{Heap after GC invocations=19 (full 0):
 garbage-first heap   total 80896K, used 46609K [0x00000000c1600000, 0x0000000100000000)
  region size 1024K, 1 young (1024K), 1 survivors (1024K)
 Metaspace       used 53371K, committed 53824K, reserved 1114112K
  class space    used 7074K, committed 7296K, reserved 1048576K
}
Event: 33.024 GC heap before
{Heap before GC invocations=20 (full 0):
 garbage-first heap   total 97280K, used 74257K [0x00000000c1600000, 0x0000000100000000)
  region size 1024K, 17 young (17408K), 1 survivors (1024K)
 Metaspace       used 54565K, committed 54976K, reserved 1114112K
  class space    used 7244K, committed 7424K, reserved 1048576K
}
Event: 33.032 GC heap after
{Heap after GC invocations=21 (full 0):
 garbage-first heap   total 97280K, used 61756K [0x00000000c1600000, 0x0000000100000000)
  region size 1024K, 3 young (3072K), 3 survivors (3072K)
 Metaspace       used 54565K, committed 54976K, reserved 1114112K
  class space    used 7244K, committed 7424K, reserved 1048576K
}
Event: 40.151 GC heap before
{Heap before GC invocations=21 (full 0):
 garbage-first heap   total 97280K, used 66876K [0x00000000c1600000, 0x0000000100000000)
  region size 1024K, 9 young (9216K), 3 survivors (3072K)
 Metaspace       used 54966K, committed 55424K, reserved 1114112K
  class space    used 7252K, committed 7488K, reserved 1048576K
}
Event: 40.158 GC heap after
{Heap after GC invocations=22 (full 0):
 garbage-first heap   total 97280K, used 62258K [0x00000000c1600000, 0x0000000100000000)
  region size 1024K, 1 young (1024K), 1 survivors (1024K)
 Metaspace       used 54966K, committed 55424K, reserved 1114112K
  class space    used 7252K, committed 7488K, reserved 1048576K
}
Event: 45.538 GC heap before
{Heap before GC invocations=23 (full 0):
 garbage-first heap   total 121856K, used 98098K [0x00000000c1600000, 0x0000000100000000)
  region size 1024K, 17 young (17408K), 1 survivors (1024K)
 Metaspace       used 55270K, committed 55744K, reserved 1114112K
  class space    used 7255K, committed 7488K, reserved 1048576K
}
Event: 45.547 GC heap after
{Heap after GC invocations=24 (full 0):
 garbage-first heap   total 121856K, used 85736K [0x00000000c1600000, 0x0000000100000000)
  region size 1024K, 3 young (3072K), 3 survivors (3072K)
 Metaspace       used 55270K, committed 55744K, reserved 1114112K
  class space    used 7255K, committed 7488K, reserved 1048576K
}
Event: 47.956 GC heap before
{Heap before GC invocations=24 (full 0):
 garbage-first heap   total 121856K, used 87784K [0x00000000c1600000, 0x0000000100000000)
  region size 1024K, 5 young (5120K), 3 survivors (3072K)
 Metaspace       used 55331K, committed 55744K, reserved 1114112K
  class space    used 7260K, committed 7488K, reserved 1048576K
}
Event: 47.963 GC heap after
{Heap after GC invocations=25 (full 0):
 garbage-first heap   total 121856K, used 86028K [0x00000000c1600000, 0x0000000100000000)
  region size 1024K, 1 young (1024K), 1 survivors (1024K)
 Metaspace       used 55331K, committed 55744K, reserved 1114112K
  class space    used 7260K, committed 7488K, reserved 1048576K
}

Dll operation events (20 events):
Event: 1.669 Loaded shared library C:\Users\Admin\.openjfx\cache\17.0.6\api-ms-win-crt-process-l1-1-0.dll
Event: 1.674 Loaded shared library C:\Users\Admin\.openjfx\cache\17.0.6\api-ms-win-crt-runtime-l1-1-0.dll
Event: 1.679 Loaded shared library C:\Users\Admin\.openjfx\cache\17.0.6\api-ms-win-crt-stdio-l1-1-0.dll
Event: 1.687 Loaded shared library C:\Users\Admin\.openjfx\cache\17.0.6\api-ms-win-crt-string-l1-1-0.dll
Event: 1.692 Loaded shared library C:\Users\Admin\.openjfx\cache\17.0.6\api-ms-win-crt-time-l1-1-0.dll
Event: 1.697 Loaded shared library C:\Users\Admin\.openjfx\cache\17.0.6\api-ms-win-crt-utility-l1-1-0.dll
Event: 1.741 Loaded shared library C:\Users\Admin\.openjfx\cache\17.0.6\ucrtbase.dll
Event: 1.755 Loaded shared library C:\Users\Admin\.openjfx\cache\17.0.6\vcruntime140.dll
Event: 1.762 Loaded shared library C:\Users\Admin\.openjfx\cache\17.0.6\vcruntime140_1.dll
Event: 1.785 Loaded shared library C:\Users\Admin\.openjfx\cache\17.0.6\msvcp140.dll
Event: 1.791 Loaded shared library C:\Users\Admin\.openjfx\cache\17.0.6\msvcp140_1.dll
Event: 1.803 Loaded shared library C:\Users\Admin\.openjfx\cache\17.0.6\msvcp140_2.dll
Event: 1.908 Loaded shared library C:\Users\Admin\.openjfx\cache\17.0.6\prism_d3d.dll
Event: 2.089 Loaded shared library C:\Users\Admin\.openjfx\cache\17.0.6\glass.dll
Event: 3.167 Loaded shared library C:\Users\Admin\.openjfx\cache\17.0.6\javafx_font.dll
Event: 3.647 Loaded shared library C:\Users\Admin\.openjfx\cache\17.0.6\javafx_iio.dll
Event: 3.909 Loaded shared library C:\Program Files\Java\jdk-19\bin\management.dll
Event: 3.913 Loaded shared library C:\Program Files\Java\jdk-19\bin\management_ext.dll
Event: 5.140 Loaded shared library C:\Program Files\Java\jdk-19\bin\verify.dll
Event: 7.451 Loaded shared library C:\Program Files\Java\jdk-19\bin\sunmscapi.dll

Deoptimization events (20 events):
Event: 43.891 Thread 0x000001ef751415c0 DEOPT PACKING pc=0x000001ef63e8eecc sp=0x000000ba466fbe30
Event: 43.891 Thread 0x000001ef751415c0 DEOPT UNPACKING pc=0x000001ef636d6da3 sp=0x000000ba466fbcc0 mode 2
Event: 43.891 Thread 0x000001ef751415c0 Uncommon trap: trap_request=0xffffffc6 fr.pc=0x000001ef63e8eecc relative=0x00000000000031ec
Event: 43.891 Thread 0x000001ef751415c0 Uncommon trap: reason=bimorphic_or_optimized_type_check action=maybe_recompile pc=0x000001ef63e8eecc method=javafx.css.CompoundSelector.stateMatches(Ljavafx/css/Styleable;Ljava/util/Set;I)Z @ 123 c2
Event: 43.891 Thread 0x000001ef751415c0 DEOPT PACKING pc=0x000001ef63e8eecc sp=0x000000ba466fbe30
Event: 43.891 Thread 0x000001ef751415c0 DEOPT UNPACKING pc=0x000001ef636d6da3 sp=0x000000ba466fbcc0 mode 2
Event: 43.891 Thread 0x000001ef751415c0 Uncommon trap: trap_request=0xffffffc6 fr.pc=0x000001ef63e8eecc relative=0x00000000000031ec
Event: 43.891 Thread 0x000001ef751415c0 Uncommon trap: reason=bimorphic_or_optimized_type_check action=maybe_recompile pc=0x000001ef63e8eecc method=javafx.css.CompoundSelector.stateMatches(Ljavafx/css/Styleable;Ljava/util/Set;I)Z @ 123 c2
Event: 43.891 Thread 0x000001ef751415c0 DEOPT PACKING pc=0x000001ef63e8eecc sp=0x000000ba466fbe30
Event: 43.891 Thread 0x000001ef751415c0 DEOPT UNPACKING pc=0x000001ef636d6da3 sp=0x000000ba466fbcc0 mode 2
Event: 45.380 Thread 0x000001ef7454c4d0 Uncommon trap: trap_request=0xffffff45 fr.pc=0x000001ef63e0b504 relative=0x00000000000001e4
Event: 45.380 Thread 0x000001ef7454c4d0 Uncommon trap: reason=unstable_if action=reinterpret pc=0x000001ef63e0b504 method=com.sun.javafx.sg.prism.NGRegion.renderContent(Lcom/sun/prism/Graphics;)V @ 101 c2
Event: 45.380 Thread 0x000001ef7454c4d0 DEOPT PACKING pc=0x000001ef63e0b504 sp=0x000000ba45efcc30
Event: 45.380 Thread 0x000001ef7454c4d0 DEOPT UNPACKING pc=0x000001ef636d6da3 sp=0x000000ba45efcbe0 mode 2
Event: 48.395 Thread 0x000001ef751415c0 DEOPT PACKING pc=0x000001ef5ca46170 sp=0x000000ba466fcbe0
Event: 48.395 Thread 0x000001ef751415c0 DEOPT UNPACKING pc=0x000001ef636d7543 sp=0x000000ba466fc0d0 mode 0
Event: 48.427 Thread 0x000001ef751415c0 Uncommon trap: trap_request=0xffffff45 fr.pc=0x000001ef63cb4c3c relative=0x000000000000065c
Event: 48.427 Thread 0x000001ef751415c0 Uncommon trap: reason=unstable_if action=reinterpret pc=0x000001ef63cb4c3c method=java.lang.Double.compare(DD)I @ 11 c2
Event: 48.427 Thread 0x000001ef751415c0 DEOPT PACKING pc=0x000001ef63cb4c3c sp=0x000000ba466fc230
Event: 48.427 Thread 0x000001ef751415c0 DEOPT UNPACKING pc=0x000001ef636d6da3 sp=0x000000ba466fc130 mode 2

Classes loaded (20 events):
Event: 17.476 Loading class sun/misc/Unsafe
Event: 17.476 Loading class sun/misc/Unsafe done
Event: 19.572 Loading class java/util/EnumMap$Values
Event: 19.573 Loading class java/util/EnumMap$Values done
Event: 19.573 Loading class java/util/EnumMap$ValueIterator
Event: 19.573 Loading class java/util/EnumMap$EnumMapIterator
Event: 19.573 Loading class java/util/EnumMap$EnumMapIterator done
Event: 19.573 Loading class java/util/EnumMap$ValueIterator done
Event: 22.555 Loading class java/lang/FdLibm$Hypot
Event: 22.555 Loading class java/lang/FdLibm$Hypot done
Event: 22.555 Loading class java/lang/FdLibm
Event: 22.556 Loading class java/lang/FdLibm done
Event: 22.758 Loading class java/util/BitSet$1BitSetSpliterator
Event: 22.759 Loading class java/util/BitSet$1BitSetSpliterator done
Event: 22.759 Loading class java/util/stream/IntPipeline$1
Event: 22.760 Loading class java/util/stream/IntPipeline$1 done
Event: 22.760 Loading class java/util/stream/IntPipeline$1$1
Event: 22.760 Loading class java/util/stream/IntPipeline$1$1 done
Event: 29.350 Loading class jdk/internal/math/FDBigInteger
Event: 29.352 Loading class jdk/internal/math/FDBigInteger done

Classes unloaded (0 events):
No events

Classes redefined (0 events):
No events

Internal exceptions (20 events):
Event: 29.726 Thread 0x000001ef751415c0 Exception <a 'java/lang/ClassCastException'{0x00000000c6ecdfa0}> (0x00000000c6ecdfa0) 
thrown [s\open\src\hotspot\share\runtime\sharedRuntime.cpp, line 630]
Event: 31.284 Thread 0x000001ef751415c0 Exception <a 'java/lang/ClassCastException'{0x00000000c6c24718}> (0x00000000c6c24718) 
thrown [s\open\src\hotspot\share\runtime\sharedRuntime.cpp, line 630]
Event: 32.060 Thread 0x000001ef751415c0 Exception <a 'java/lang/ClassCastException'{0x00000000c6a7b698}> (0x00000000c6a7b698) 
thrown [s\open\src\hotspot\share\runtime\sharedRuntime.cpp, line 630]
Event: 32.069 Thread 0x000001ef7454c4d0 Exception <a 'java/lang/NoSuchMethodError'{0x00000000c6b8c7a0}: 'java.lang.Object java.lang.invoke.DirectMethodHandle$Holder.invokeStaticInit(java.lang.Object, int)'> (0x00000000c6b8c7a0) 
thrown [s\open\src\hotspot\share\interpreter\linkResolver.cpp, line 774]
Event: 32.467 Thread 0x000001ef751415c0 Exception <a 'java/lang/ClassCastException'{0x00000000c6975250}> (0x00000000c6975250) 
thrown [s\open\src\hotspot\share\runtime\sharedRuntime.cpp, line 630]
Event: 33.023 Thread 0x000001ef751415c0 Exception <a 'java/lang/ClassCastException'{0x00000000c66eda90}> (0x00000000c66eda90) 
thrown [s\open\src\hotspot\share\runtime\sharedRuntime.cpp, line 630]
Event: 34.826 Thread 0x000001ef751415c0 Exception <a 'java/lang/NoSuchMethodError'{0x00000000c73367b0}: 'java.lang.Object java.lang.invoke.DirectMethodHandle$Holder.newInvokeSpecial(java.lang.Object, java.lang.Object, java.lang.Object, double, double, double, double, int, int, int, int, int, int, int, int, int)'> (0x00000000c73367b0) 
thrown [s\open\src\hotspot\share\interpreter\linkResolver.cpp, line 774]
Event: 40.231 Thread 0x000001ef751415c0 Exception <a 'java/io/FileNotFoundException'{0x00000000c74603c0}> (0x00000000c74603c0) 
thrown [s\open\src\hotspot\share\prims\jni.cpp, line 517]
Event: 40.238 Thread 0x000001ef751415c0 Implicit null exception at 0x000001ef63ec92ea to 0x000001ef63ec9348
Event: 43.809 Thread 0x000001ef751415c0 Exception <a 'java/lang/ClassCastException'{0x00000000c86d0988}> (0x00000000c86d0988) 
thrown [s\open\src\hotspot\share\runtime\sharedRuntime.cpp, line 630]
Event: 43.859 Thread 0x000001ef751415c0 Exception <a 'java/lang/ClassCastException'{0x00000000c8326ed0}> (0x00000000c8326ed0) 
thrown [s\open\src\hotspot\share\runtime\sharedRuntime.cpp, line 630]
Event: 43.862 Thread 0x000001ef751415c0 Exception <a 'java/lang/ClassCastException'{0x00000000c8338b58}> (0x00000000c8338b58) 
thrown [s\open\src\hotspot\share\runtime\sharedRuntime.cpp, line 630]
Event: 43.927 Thread 0x000001ef751415c0 Exception <a 'java/lang/ClassCastException'{0x00000000c81d6f48}> (0x00000000c81d6f48) 
thrown [s\open\src\hotspot\share\runtime\sharedRuntime.cpp, line 630]
Event: 43.929 Thread 0x000001ef751415c0 Exception <a 'java/lang/ClassCastException'{0x00000000c81df530}> (0x00000000c81df530) 
thrown [s\open\src\hotspot\share\runtime\sharedRuntime.cpp, line 630]
Event: 46.436 Thread 0x000001ef751415c0 Exception <a 'java/lang/NoSuchMethodError'{0x00000000c8c3ec48}: 'java.lang.Object java.lang.invoke.DirectMethodHandle$Holder.newInvokeSpecial(java.lang.Object, java.lang.Object, int, int, int, int, int, java.lang.Object)'> (0x00000000c8c3ec48) 
thrown [s\open\src\hotspot\share\interpreter\linkResolver.cpp, line 774]
Event: 46.440 Thread 0x000001ef751415c0 Exception <a 'java/lang/NoSuchMethodError'{0x00000000c8c6b1c0}: 'java.lang.Object java.lang.invoke.DirectMethodHandle$Holder.newInvokeSpecial(java.lang.Object, java.lang.Object, java.lang.Object, int, int, int, int, int)'> (0x00000000c8c6b1c0) 
thrown [s\open\src\hotspot\share\interpreter\linkResolver.cpp, line 774]
Event: 46.442 Thread 0x000001ef751415c0 Exception <a 'java/lang/NoSuchMethodError'{0x00000000c8c72a30}: 'java.lang.Object java.lang.invoke.Invokers$Holder.linkToTargetMethod(java.lang.Object, java.lang.Object, int, int, int, int, int, java.lang.Object)'> (0x00000000c8c72a30) 
thrown [s\open\src\hotspot\share\interpreter\linkResolver.cpp, line 774]
Event: 47.954 Thread 0x000001ef751415c0 Exception <a 'java/lang/ClassCastException'{0x00000000c8b3c918}> (0x00000000c8b3c918) 
thrown [s\open\src\hotspot\share\runtime\sharedRuntime.cpp, line 630]
Event: 48.442 Thread 0x000001ef751415c0 Exception <a 'java/lang/ClassCastException'{0x00000000c8b03d10}> (0x00000000c8b03d10) 
thrown [s\open\src\hotspot\share\runtime\sharedRuntime.cpp, line 630]
Event: 48.674 Thread 0x000001ef751415c0 Exception <a 'java/lang/ClassCastException'{0x00000000c8bc40e0}> (0x00000000c8bc40e0) 
thrown [s\open\src\hotspot\share\runtime\sharedRuntime.cpp, line 630]

VM Operations (20 events):
Event: 40.247 Executing VM operation: G1PauseRemark
Event: 40.251 Executing VM operation: G1PauseRemark done
Event: 40.291 Executing VM operation: G1PauseCleanup
Event: 40.291 Executing VM operation: G1PauseCleanup done
Event: 41.291 Executing VM operation: Cleanup
Event: 41.291 Executing VM operation: Cleanup done
Event: 43.292 Executing VM operation: Cleanup
Event: 43.292 Executing VM operation: Cleanup done
Event: 44.293 Executing VM operation: Cleanup
Event: 44.293 Executing VM operation: Cleanup done
Event: 45.294 Executing VM operation: Cleanup
Event: 45.294 Executing VM operation: Cleanup done
Event: 45.538 Executing VM operation: G1CollectForAllocation
Event: 45.547 Executing VM operation: G1CollectForAllocation done
Event: 46.548 Executing VM operation: Cleanup
Event: 46.548 Executing VM operation: Cleanup done
Event: 47.549 Executing VM operation: Cleanup
Event: 47.549 Executing VM operation: Cleanup done
Event: 47.956 Executing VM operation: G1CollectForAllocation
Event: 47.963 Executing VM operation: G1CollectForAllocation done

Events (20 events):
Event: 38.247 Thread 0x000001ef70257d80 flushing nmethod 0x000001ef5cd77210
Event: 38.247 Thread 0x000001ef70257d80 flushing nmethod 0x000001ef5cd7b890
Event: 38.247 Thread 0x000001ef70257d80 flushing nmethod 0x000001ef5cd7be10
Event: 38.247 Thread 0x000001ef70257d80 flushing nmethod 0x000001ef5cd82190
Event: 38.248 Thread 0x000001ef70257d80 flushing nmethod 0x000001ef5cda6890
Event: 38.248 Thread 0x000001ef70257d80 flushing nmethod 0x000001ef5cda8410
Event: 38.248 Thread 0x000001ef70257d80 flushing nmethod 0x000001ef5cdaf610
Event: 38.248 Thread 0x000001ef70257d80 flushing nmethod 0x000001ef5cdb4e10
Event: 38.248 Thread 0x000001ef70257d80 flushing nmethod 0x000001ef5cdb5310
Event: 38.248 Thread 0x000001ef70257d80 flushing nmethod 0x000001ef5cdb5b10
Event: 38.248 Thread 0x000001ef70257d80 flushing nmethod 0x000001ef5cdb6d10
Event: 38.248 Thread 0x000001ef70257d80 flushing nmethod 0x000001ef5cdc1e90
Event: 38.248 Thread 0x000001ef70257d80 flushing nmethod 0x000001ef5cdf7910
Event: 38.248 Thread 0x000001ef70257d80 flushing nmethod 0x000001ef5cdf7d90
Event: 38.248 Thread 0x000001ef70257d80 flushing nmethod 0x000001ef5ce17290
Event: 38.248 Thread 0x000001ef70257d80 flushing nmethod 0x000001ef5ce29b90
Event: 38.248 Thread 0x000001ef70257d80 flushing nmethod 0x000001ef5ce2b410
Event: 38.249 Thread 0x000001ef70257d80 flushing nmethod 0x000001ef5ce31f90
Event: 38.249 Thread 0x000001ef70257d80 flushing nmethod 0x000001ef5ce33b90
Event: 38.249 Thread 0x000001ef70257d80 flushing nmethod 0x000001ef5ce45b90


Dynamic libraries:
0x00007ff728030000 - 0x00007ff728040000 	C:\Program Files\Java\jdk-19\bin\java.exe
0x00007ffcd4ff0000 - 0x00007ffcd51e8000 	C:\Windows\SYSTEM32\ntdll.dll
0x00007ffcd4ef0000 - 0x00007ffcd4faf000 	C:\Windows\System32\KERNEL32.DLL
0x00007ffcd2a90000 - 0x00007ffcd2d86000 	C:\Windows\System32\KERNELBASE.dll
0x00007ffcd26d0000 - 0x00007ffcd27d0000 	C:\Windows\System32\ucrtbase.dll
0x00007ffc86c50000 - 0x00007ffc86c6b000 	C:\Program Files\Java\jdk-19\bin\VCRUNTIME140.dll
0x00007ffc7cd10000 - 0x00007ffc7cd28000 	C:\Program Files\Java\jdk-19\bin\jli.dll
0x00007ffcd3d80000 - 0x00007ffcd3e2f000 	C:\Windows\System32\ADVAPI32.dll
0x00007ffcd40a0000 - 0x00007ffcd413e000 	C:\Windows\System32\msvcrt.dll
0x00007ffcd48f0000 - 0x00007ffcd498c000 	C:\Windows\System32\sechost.dll
0x00007ffcd33f0000 - 0x00007ffcd3516000 	C:\Windows\System32\RPCRT4.dll
0x00007ffcd4140000 - 0x00007ffcd42dd000 	C:\Windows\System32\USER32.dll
0x00007ffcbd270000 - 0x00007ffcbd50a000 	C:\Windows\WinSxS\amd64_microsoft.windows.common-controls_6595b64144ccf1df_6.0.19041.1110_none_60b5254171f9507e\COMCTL32.dll
0x00007ffcd3390000 - 0x00007ffcd33bc000 	C:\Windows\System32\GDI32.dll
0x00007ffcd2d90000 - 0x00007ffcd2db2000 	C:\Windows\System32\win32u.dll
0x00007ffcd2970000 - 0x00007ffcd2a85000 	C:\Windows\System32\gdi32full.dll
0x00007ffcd27d0000 - 0x00007ffcd286d000 	C:\Windows\System32\msvcp_win.dll
0x00007ffcc2350000 - 0x00007ffcc235a000 	C:\Windows\SYSTEM32\VERSION.dll
0x00007ffcd4a50000 - 0x00007ffcd4a80000 	C:\Windows\System32\IMM32.DLL
0x00007ffccb9f0000 - 0x00007ffccb9fc000 	C:\Program Files\Java\jdk-19\bin\vcruntime140_1.dll
0x00007ffc6a5a0000 - 0x00007ffc6a62e000 	C:\Program Files\Java\jdk-19\bin\msvcp140.dll
0x00007ffc694f0000 - 0x00007ffc6a1b0000 	C:\Program Files\Java\jdk-19\bin\server\jvm.dll
0x00007ffccdd20000 - 0x00007ffccdd29000 	C:\Windows\SYSTEM32\WSOCK32.dll
0x00007ffcd46c0000 - 0x00007ffcd472b000 	C:\Windows\System32\WS2_32.dll
0x00007ffcb3590000 - 0x00007ffcb35b7000 	C:\Windows\SYSTEM32\WINMM.dll
0x00007ffcd04a0000 - 0x00007ffcd04b2000 	C:\Windows\SYSTEM32\kernel.appcore.dll
0x00007ffccc460000 - 0x00007ffccc46a000 	C:\Program Files\Java\jdk-19\bin\jimage.dll
0x00007ffcbf0d0000 - 0x00007ffcbf2b4000 	C:\Windows\SYSTEM32\DBGHELP.DLL
0x00007ffcc24c0000 - 0x00007ffcc24f4000 	C:\Windows\SYSTEM32\dbgcore.DLL
0x00007ffcd2df0000 - 0x00007ffcd2e72000 	C:\Windows\System32\bcryptPrimitives.dll
0x00007ffcce100000 - 0x00007ffcce10e000 	C:\Program Files\Java\jdk-19\bin\instrument.dll
0x00007ffccc430000 - 0x00007ffccc456000 	C:\Program Files\Java\jdk-19\bin\java.dll
0x00007ffc6a860000 - 0x00007ffc6a937000 	C:\Program Files\Java\jdk-19\bin\jsvml.dll
0x00007ffcd3520000 - 0x00007ffcd3c64000 	C:\Windows\System32\SHELL32.dll
0x00007ffcd0780000 - 0x00007ffcd0f13000 	C:\Windows\SYSTEM32\windows.storage.dll
0x00007ffcd42e0000 - 0x00007ffcd4634000 	C:\Windows\System32\combase.dll
0x00007ffcd2040000 - 0x00007ffcd206e000 	C:\Windows\SYSTEM32\Wldp.dll
0x00007ffcd3cd0000 - 0x00007ffcd3d7d000 	C:\Windows\System32\SHCORE.dll
0x00007ffcd3c70000 - 0x00007ffcd3cc5000 	C:\Windows\System32\shlwapi.dll
0x00007ffcd2610000 - 0x00007ffcd262f000 	C:\Windows\SYSTEM32\profapi.dll
0x00007ffccc410000 - 0x00007ffccc423000 	C:\Program Files\Java\jdk-19\bin\net.dll
0x00007ffcca5f0000 - 0x00007ffcca6fa000 	C:\Windows\SYSTEM32\WINHTTP.dll
0x00007ffcd1da0000 - 0x00007ffcd1e0a000 	C:\Windows\system32\mswsock.dll
0x00007ffccc340000 - 0x00007ffccc356000 	C:\Program Files\Java\jdk-19\bin\nio.dll
0x00007ffccc320000 - 0x00007ffccc338000 	C:\Program Files\Java\jdk-19\bin\zip.dll
0x00007ffccda50000 - 0x00007ffccda6a000 	D:\OOP\IntelliJ IDEA Community Edition 2023.1\bin\breakgen64.dll
0x000001ef75020000 - 0x000001ef75023000 	C:\Users\Admin\.openjfx\cache\17.0.6\api-ms-win-core-console-l1-1-0.dll
0x000001ef75030000 - 0x000001ef75033000 	C:\Users\Admin\.openjfx\cache\17.0.6\api-ms-win-core-console-l1-2-0.dll
0x000001ef76010000 - 0x000001ef76013000 	C:\Users\Admin\.openjfx\cache\17.0.6\api-ms-win-core-datetime-l1-1-0.dll
0x000001ef76020000 - 0x000001ef76023000 	C:\Users\Admin\.openjfx\cache\17.0.6\api-ms-win-core-debug-l1-1-0.dll
0x000001ef76030000 - 0x000001ef76033000 	C:\Users\Admin\.openjfx\cache\17.0.6\api-ms-win-core-errorhandling-l1-1-0.dll
0x000001ef76040000 - 0x000001ef76044000 	C:\Users\Admin\.openjfx\cache\17.0.6\api-ms-win-core-file-l1-1-0.dll
0x000001ef76050000 - 0x000001ef76053000 	C:\Users\Admin\.openjfx\cache\17.0.6\api-ms-win-core-file-l1-2-0.dll
0x000001ef76060000 - 0x000001ef76063000 	C:\Users\Admin\.openjfx\cache\17.0.6\api-ms-win-core-file-l2-1-0.dll
0x000001ef76070000 - 0x000001ef76073000 	C:\Users\Admin\.openjfx\cache\17.0.6\api-ms-win-core-handle-l1-1-0.dll
0x000001ef76080000 - 0x000001ef76083000 	C:\Users\Admin\.openjfx\cache\17.0.6\api-ms-win-core-heap-l1-1-0.dll
0x000001ef76090000 - 0x000001ef76093000 	C:\Users\Admin\.openjfx\cache\17.0.6\api-ms-win-core-interlocked-l1-1-0.dll
0x000001ef760a0000 - 0x000001ef760a3000 	C:\Users\Admin\.openjfx\cache\17.0.6\api-ms-win-core-libraryloader-l1-1-0.dll
0x000001ef760b0000 - 0x000001ef760b3000 	C:\Users\Admin\.openjfx\cache\17.0.6\api-ms-win-core-localization-l1-2-0.dll
0x000001ef760c0000 - 0x000001ef760c3000 	C:\Users\Admin\.openjfx\cache\17.0.6\api-ms-win-core-memory-l1-1-0.dll
0x000001ef760d0000 - 0x000001ef760d3000 	C:\Users\Admin\.openjfx\cache\17.0.6\api-ms-win-core-namedpipe-l1-1-0.dll
0x000001ef760e0000 - 0x000001ef760e3000 	C:\Users\Admin\.openjfx\cache\17.0.6\api-ms-win-core-processenvironment-l1-1-0.dll
0x000001ef760f0000 - 0x000001ef760f3000 	C:\Users\Admin\.openjfx\cache\17.0.6\api-ms-win-core-processthreads-l1-1-0.dll
0x000001ef76100000 - 0x000001ef76103000 	C:\Users\Admin\.openjfx\cache\17.0.6\api-ms-win-core-processthreads-l1-1-1.dll
0x000001ef76110000 - 0x000001ef76113000 	C:\Users\Admin\.openjfx\cache\17.0.6\api-ms-win-core-profile-l1-1-0.dll
0x000001ef76120000 - 0x000001ef76123000 	C:\Users\Admin\.openjfx\cache\17.0.6\api-ms-win-core-rtlsupport-l1-1-0.dll
0x000001ef76130000 - 0x000001ef76133000 	C:\Users\Admin\.openjfx\cache\17.0.6\api-ms-win-core-string-l1-1-0.dll
0x000001ef76140000 - 0x000001ef76143000 	C:\Users\Admin\.openjfx\cache\17.0.6\api-ms-win-core-synch-l1-1-0.dll
0x000001ef76150000 - 0x000001ef76153000 	C:\Users\Admin\.openjfx\cache\17.0.6\api-ms-win-core-synch-l1-2-0.dll
0x000001ef76160000 - 0x000001ef76163000 	C:\Users\Admin\.openjfx\cache\17.0.6\api-ms-win-core-sysinfo-l1-1-0.dll
0x000001ef76170000 - 0x000001ef76173000 	C:\Users\Admin\.openjfx\cache\17.0.6\api-ms-win-core-timezone-l1-1-0.dll
0x000001ef76180000 - 0x000001ef76183000 	C:\Users\Admin\.openjfx\cache\17.0.6\api-ms-win-core-util-l1-1-0.dll
0x000001ef76190000 - 0x000001ef76193000 	C:\Users\Admin\.openjfx\cache\17.0.6\api-ms-win-crt-conio-l1-1-0.dll
0x000001ef761a0000 - 0x000001ef761a4000 	C:\Users\Admin\.openjfx\cache\17.0.6\api-ms-win-crt-convert-l1-1-0.dll
0x000001ef761b0000 - 0x000001ef761b3000 	C:\Users\Admin\.openjfx\cache\17.0.6\api-ms-win-crt-environment-l1-1-0.dll
0x000001ef761c0000 - 0x000001ef761c3000 	C:\Users\Admin\.openjfx\cache\17.0.6\api-ms-win-crt-filesystem-l1-1-0.dll
0x000001ef761d0000 - 0x000001ef761d3000 	C:\Users\Admin\.openjfx\cache\17.0.6\api-ms-win-crt-heap-l1-1-0.dll
0x000001ef761e0000 - 0x000001ef761e3000 	C:\Users\Admin\.openjfx\cache\17.0.6\api-ms-win-crt-locale-l1-1-0.dll
0x000001ef761f0000 - 0x000001ef761f5000 	C:\Users\Admin\.openjfx\cache\17.0.6\api-ms-win-crt-math-l1-1-0.dll
0x000001ef76200000 - 0x000001ef76205000 	C:\Users\Admin\.openjfx\cache\17.0.6\api-ms-win-crt-multibyte-l1-1-0.dll
0x000001ef76210000 - 0x000001ef76220000 	C:\Users\Admin\.openjfx\cache\17.0.6\api-ms-win-crt-private-l1-1-0.dll
0x000001ef76220000 - 0x000001ef76223000 	C:\Users\Admin\.openjfx\cache\17.0.6\api-ms-win-crt-process-l1-1-0.dll
0x000001ef76230000 - 0x000001ef76234000 	C:\Users\Admin\.openjfx\cache\17.0.6\api-ms-win-crt-runtime-l1-1-0.dll
0x000001ef76240000 - 0x000001ef76244000 	C:\Users\Admin\.openjfx\cache\17.0.6\api-ms-win-crt-stdio-l1-1-0.dll
0x000001ef76250000 - 0x000001ef76254000 	C:\Users\Admin\.openjfx\cache\17.0.6\api-ms-win-crt-string-l1-1-0.dll
0x000001ef76260000 - 0x000001ef76263000 	C:\Users\Admin\.openjfx\cache\17.0.6\api-ms-win-crt-time-l1-1-0.dll
0x000001ef76270000 - 0x000001ef76273000 	C:\Users\Admin\.openjfx\cache\17.0.6\api-ms-win-crt-utility-l1-1-0.dll
0x00007ffcb51f0000 - 0x00007ffcb52ec000 	C:\Users\Admin\.openjfx\cache\17.0.6\ucrtbase.dll
0x00007ffccc2a0000 - 0x00007ffccc2ba000 	C:\Users\Admin\.openjfx\cache\17.0.6\vcruntime140.dll
0x00007ffcce0d0000 - 0x00007ffcce0dc000 	C:\Users\Admin\.openjfx\cache\17.0.6\vcruntime140_1.dll
0x00007ffcb5160000 - 0x00007ffcb51ed000 	C:\Users\Admin\.openjfx\cache\17.0.6\msvcp140.dll
0x00007ffccdaf0000 - 0x00007ffccdaf9000 	C:\Users\Admin\.openjfx\cache\17.0.6\msvcp140_1.dll
0x00007ffccb040000 - 0x00007ffccb06f000 	C:\Users\Admin\.openjfx\cache\17.0.6\msvcp140_2.dll
0x00007ffcc25f0000 - 0x00007ffcc261a000 	C:\Users\Admin\.openjfx\cache\17.0.6\prism_d3d.dll
0x00007ffc84970000 - 0x00007ffc84b3d000 	C:\Windows\system32\d3d9.dll
0x00007ffcd0470000 - 0x00007ffcd049f000 	C:\Windows\SYSTEM32\dwmapi.dll
0x00007ffcd00b0000 - 0x00007ffcd014e000 	C:\Windows\system32\uxtheme.dll
0x00007ffc7d2b0000 - 0x00007ffc7f7ed000 	C:\Windows\SYSTEM32\igdumdim64.dll
0x00007ffcd3e30000 - 0x00007ffcd3efd000 	C:\Windows\System32\OLEAUT32.dll
0x00007ffcd3260000 - 0x00007ffcd338a000 	C:\Windows\System32\ole32.dll
0x00007ffcd4a80000 - 0x00007ffcd4ee8000 	C:\Windows\System32\SETUPAPI.dll
0x00007ffcd2920000 - 0x00007ffcd296e000 	C:\Windows\System32\cfgmgr32.dll
0x00007ffcd2dc0000 - 0x00007ffcd2de7000 	C:\Windows\System32\bcrypt.dll
0x00007ffcc00a0000 - 0x00007ffcc00e2000 	C:\Users\Admin\.openjfx\cache\17.0.6\glass.dll
0x00007ffcd3f00000 - 0x00007ffcd3fda000 	C:\Windows\System32\COMDLG32.dll
0x00007ffcd3050000 - 0x00007ffcd3164000 	C:\Windows\System32\MSCTF.dll
0x00007ffcc40e0000 - 0x00007ffcc4b20000 	C:\Windows\SYSTEM32\igdusc64.dll
0x00007ffcc6760000 - 0x00007ffcc679b000 	C:\Windows\SYSTEM32\dxcore.dll
0x00007ffcb6160000 - 0x00007ffcb6174000 	C:\Users\Admin\.openjfx\cache\17.0.6\javafx_font.dll
0x00007ffcc3e20000 - 0x00007ffcc409f000 	C:\Windows\SYSTEM32\dwrite.dll
0x00007ffcb5130000 - 0x00007ffcb515d000 	C:\Users\Admin\.openjfx\cache\17.0.6\javafx_iio.dll
0x00007ffccd8d0000 - 0x00007ffccd8da000 	C:\Program Files\Java\jdk-19\bin\management.dll
0x00007ffccd450000 - 0x00007ffccd45b000 	C:\Program Files\Java\jdk-19\bin\management_ext.dll
0x00007ffcd4a40000 - 0x00007ffcd4a48000 	C:\Windows\System32\PSAPI.DLL
0x00007ffcbeeb0000 - 0x00007ffcbeec7000 	C:\Windows\system32\napinsp.dll
0x00007ffcb6190000 - 0x00007ffcb61ab000 	C:\Windows\system32\pnrpnsp.dll
0x00007ffcad110000 - 0x00007ffcad125000 	C:\Windows\system32\wshbth.dll
0x00007ffcce0b0000 - 0x00007ffcce0cd000 	C:\Windows\system32\NLAapi.dll
0x00007ffcd1a90000 - 0x00007ffcd1acc000 	C:\Windows\SYSTEM32\IPHLPAPI.DLL
0x00007ffcd1b20000 - 0x00007ffcd1bea000 	C:\Windows\SYSTEM32\DNSAPI.dll
0x00007ffcd33e0000 - 0x00007ffcd33e8000 	C:\Windows\System32\NSI.dll
0x00007ffcb6130000 - 0x00007ffcb6142000 	C:\Windows\System32\winrnr.dll
0x00007ffcc9150000 - 0x00007ffcc915a000 	C:\Windows\System32\rasadhlp.dll
0x00007ffcca400000 - 0x00007ffcca482000 	C:\Windows\System32\fwpuclnt.dll
0x00007ffccda70000 - 0x00007ffccda80000 	C:\Program Files\Java\jdk-19\bin\verify.dll
0x00007ffcd1f90000 - 0x00007ffcd1fa8000 	C:\Windows\SYSTEM32\CRYPTSP.dll
0x00007ffcd16c0000 - 0x00007ffcd16f4000 	C:\Windows\system32\rsaenh.dll
0x00007ffcd25d0000 - 0x00007ffcd25fe000 	C:\Windows\SYSTEM32\USERENV.dll

dbghelp: loaded successfully - version: 4.0.5 - missing functions: none
symbol engine: initialized successfully - sym options: 0x614 - pdb path: .;C:\Program Files\Java\jdk-19\bin;C:\Windows\SYSTEM32;C:\Windows\WinSxS\amd64_microsoft.windows.common-controls_6595b64144ccf1df_6.0.19041.1110_none_60b5254171f9507e;C:\Program Files\Java\jdk-19\bin\server;D:\OOP\IntelliJ IDEA Community Edition 2023.1\bin;C:\Users\Admin\.openjfx\cache\17.0.6;C:\Program Files\Common Files\Microsoft Shared\Ink

VM Arguments:
jvm_args: -javaagent:D:\OOP\IntelliJ IDEA Community Edition 2023.1\lib\idea_rt.jar=50798:D:\OOP\IntelliJ IDEA Community Edition 2023.1\bin -Dfile.encoding=UTF-8 -Dsun.stdout.encoding=UTF-8 -Dsun.stderr.encoding=UTF-8 --module-path=C:\Users\Admin\ssss\target\classes;C:\Users\Admin\.m2\repository\org\openjfx\javafx-base\17.0.6\javafx-base-17.0.6-win.jar;C:\Users\Admin\.m2\repository\org\apache\poi\poi-ooxml\5.1.0\poi-ooxml-5.1.0.jar;C:\Users\Admin\.m2\repository\com\zaxxer\SparseBitSet\1.2\SparseBitSet-1.2.jar;C:\Users\Admin\.m2\repository\org\apache\poi\poi-ooxml-lite\5.1.0\poi-ooxml-lite-5.1.0.jar;C:\Users\Admin\.m2\repository\org\hibernate\hibernate-core\5.4.12.Final\hibernate-core-5.4.12.Final.jar;C:\Users\Admin\.m2\repository\org\apache\commons\commons-collections4\4.4\commons-collections4-4.4.jar;C:\Users\Admin\.m2\repository\org\apache\commons\commons-math3\3.6.1\commons-math3-3.6.1.jar;C:\Users\Admin\.m2\repository\commons-codec\commons-codec\1.15\commons-codec-1.15.jar;C:\Users\Admin\.m2\repository\commons-io\commons-io\2.11.0\commons-io-2.11.0.jar;C:\Users\Admin\.m2\repository\org\openjfx\javafx-controls\17.0.6\javafx-controls-17.0.6-win.jar;C:\Users\Admin\.m2\repository\org\apache\logging\log4j\log4j-api\2.14.1\log4j-api-2.14.1.jar;C:\Users\Admin\.m2\repository\org\apache\xmlbeans\xmlbeans\5.0.2\xmlbeans-5.0.2.jar;C:\Users\Admin\.m2\repository\org\apache\poi\poi\5.1.0\poi-5.1.0.jar;C:\Users\Admin\.m2\repository\org\openjfx\javafx-fxml\17.0.6\javafx-fxml-17.0.6-win.jar;C:\Users\Admin\.m2\repository\org\openjfx\javafx-graphics\17.0.6\javafx-graphics-17.0.6-win.jar;C:\Users\Admin\.m2\repository\javax\persistence\javax.persistence-api\2.2\javax.persistence-api-2.2.jar;C:\Users\Admin\.m2\repository\org\apache\commons\commons-compress\1.21\commons-compress-1.21.jar -Djdk.module.main=com.example.project 
java_command: com.example.project/com.example.project.Main1
java_class_path (initial): C:\Users\Admin\.m2\repository\org\apache\logging\log4j\log4j-core\2.14.1\log4j-core-2.14.1.jar;C:\Users\Admin\.m2\repository\com\github\virtuald\curvesapi\1.06\curvesapi-1.06.jar;C:\Users\Admin\.m2\repository\org\openjfx\javafx-controls\17.0.6\javafx-controls-17.0.6.jar;C:\Users\Admin\.m2\repository\org\openjfx\javafx-graphics\17.0.6\javafx-graphics-17.0.6.jar;C:\Users\Admin\.m2\repository\org\openjfx\javafx-base\17.0.6\javafx-base-17.0.6.jar;C:\Users\Admin\.m2\repository\org\openjfx\javafx-fxml\17.0.6\javafx-fxml-17.0.6.jar;C:\Users\Admin\.m2\repository\org\jboss\logging\jboss-logging\3.3.2.Final\jboss-logging-3.3.2.Final.jar;C:\Users\Admin\.m2\repository\org\javassist\javassist\3.24.0-GA\javassist-3.24.0-GA.jar;C:\Users\Admin\.m2\repository\net\bytebuddy\byte-buddy\1.10.7\byte-buddy-1.10.7.jar;C:\Users\Admin\.m2\repository\antlr\antlr\2.7.7\antlr-2.7.7.jar;C:\Users\Admin\.m2\repository\org\jboss\spec\javax\transaction\jboss-transaction-api_1.2_spec\1.1.1.Final\jboss-transaction-api_1.2_spec-1.1.1.Final.jar;C:\Users\Admin\.m2\repository\org\jboss\jandex\2.1.1.Final\jandex-2.1.1.Final.jar;C:\Users\Admin\.m2\repository\com\fasterxml\classmate\1.5.1\classmate-1.5.1.jar;C:\Users\Admin\.m2\repository\javax\activation\javax.activation-api\1.2.0\javax.activation-api-1.2.0.jar;C:\Users\Admin\.m2\repository\org\dom4j\dom4j\2.1.1\dom4j-2.1.1.jar;C:\Users\Admin\.m2\repository\org\hibernate\common\hibernate-commons-annotations\5.1.0.Final\hibernate-commons-annotations-5.1.0.Final.jar;C:\Users\Admin\.m2\repository\javax\xml\bind\jaxb-api\2.3.1\jaxb-api-2.3.1.jar;C:\Users\Admin\.m2\repository\org\glassfish\jaxb\jaxb-runtime\2.3.1\jaxb-runtime-2.3.1.jar;C:\Users\Admin\.m2\repository\org\glassfish\jaxb\txw2\2.3.1\txw2-2.3.1.jar;C:\Users\Admin\.m2\repository\com\sun\istack\istack-commons-runtime\3.0.7\istack-commons-runtime-3.0.7.jar;C:\Users\Admin\.m2\repository\org\jvnet\staxex\stax-ex\1.8\stax-ex-1.8.jar;C:\Users\Admin\.m2\repository\com\sun\xml\fastinfoset\FastInfoset\1.2.15\FastInfoset-1.2.15.jar;C:\Users\Admin\.m2\repository\com\microsoft\sqlserver\mssql-jdbc\7.4.1.jre8\mssql-jdbc-7.4.1.jre8.jar
Launcher Type: SUN_STANDARD

[Global flags]
     intx CICompilerCount                          = 3                                         {product} {ergonomic}
     uint ConcGCThreads                            = 1                                         {product} {ergonomic}
     uint G1ConcRefinementThreads                  = 4                                         {product} {ergonomic}
   size_t G1HeapRegionSize                         = 1048576                                   {product} {ergonomic}
    uintx GCDrainStackTargetSize                   = 64                                        {product} {ergonomic}
   size_t InitialHeapSize                          = 67108864                                  {product} {ergonomic}
   size_t MarkStackSize                            = 4194304                                   {product} {ergonomic}
   size_t MaxHeapSize                              = 1050673152                                {product} {ergonomic}
   size_t MaxNewSize                               = 630194176                                 {product} {ergonomic}
   size_t MinHeapDeltaBytes                        = 1048576                                   {product} {ergonomic}
   size_t MinHeapSize                              = 8388608                                   {product} {ergonomic}
    uintx NonNMethodCodeHeapSize                   = 5832780                                {pd product} {ergonomic}
    uintx NonProfiledCodeHeapSize                  = 122912730                              {pd product} {ergonomic}
    uintx ProfiledCodeHeapSize                     = 122912730                              {pd product} {ergonomic}
    uintx ReservedCodeCacheSize                    = 251658240                              {pd product} {ergonomic}
     bool SegmentedCodeCache                       = true                                      {product} {ergonomic}
   size_t SoftMaxHeapSize                          = 1050673152                             {manageable} {ergonomic}
     bool UseCompressedClassPointers               = true                           {product lp64_product} {ergonomic}
     bool UseCompressedOops                        = true                           {product lp64_product} {ergonomic}
     bool UseG1GC                                  = true                                      {product} {ergonomic}
     bool UseLargePagesIndividualAllocation        = false                                  {pd product} {ergonomic}

Logging:
Log output configuration:
 #0: stdout all=warning uptime,level,tags foldmultilines=false
 #1: stderr all=off uptime,level,tags foldmultilines=false

Environment Variables:
JAVA_HOME=C:\Program Files\Java\jdk-19
PATH=C:\Program Files\Common Files\Oracle\Java\javapath;C:\Windows\system32;C:\Windows;C:\Windows\System32\Wbem;C:\Windows\System32\WindowsPowerShell\v1.0\;C:\Windows\System32\OpenSSH\;C:\Program Files (x86)\Microsoft SQL Server\160\DTS\Binn\;C:\Program Files\Azure Data Studio\bin;C:\Program Files (x86)\Microsoft SQL Server\160\Tools\Binn\;C:\Program Files\Microsoft SQL Server\160\Tools\Binn\;C:\Program Files\Microsoft SQL Server\Client SDK\ODBC\170\Tools\Binn\;C:\Program Files\Microsoft SQL Server\160\DTS\Binn\;C:\Program Files\Git\cmd;C:\Program Files\Java\jdk-19\bin;C:\Users\Admin\AppData\Local\Microsoft\WindowsApps;C:\Program Files (x86)\mingw-w64\i686-8.1.0-posix-dwarf-rt_v6-rev0\mingw32\bin;C:\Program Files (x86)\mingw-w64\i686-8.1.0-posix-dwarf-rt_v6-rev0\mingw32\bin;C:\Users\Admin\AppData\Local\Programs\Microsoft VS Code\bin;D:\OOP\IntelliJ IDEA 2023.1\bin;;C:\Program Files\Java\jdk-19\bin;;D:\OOP\IntelliJ IDEA Community Edition 2023.1\bin;;C:\Program Files\Azure Data Studio\bin
USERNAME=Admin
OS=Windows_NT
PROCESSOR_IDENTIFIER=Intel64 Family 6 Model 61 Stepping 4, GenuineIntel
TMP=C:\Users\Admin\AppData\Local\Temp
TEMP=C:\Users\Admin\AppData\Local\Temp



---------------  S Y S T E M  ---------------

OS:
 Windows 10 , 64 bit Build 19041 (10.0.19041.3031)
OS uptime: 0 days 0:40 hours

CPU: total 4 (initial active 4) (2 cores per cpu, 2 threads per core) family 6 model 61 stepping 4 microcode 0x2d, cx8, cmov, fxsr, ht, mmx, 3dnowpref, sse, sse2, sse3, ssse3, sse4.1, sse4.2, popcnt, lzcnt, tsc, tscinvbit, avx, avx2, aes, erms, clmul, bmi1, bmi2, adx, fma, vzeroupper, clflush, rdtscp

Memory: 4k page, system-wide physical 4007M (292M free)
TotalPageFile size 8103M (AvailPageFile size 3M)
current process WorkingSet (physical memory assigned to process): 373M, peak: 373M
current process commit charge ("private bytes"): 419M, peak: 429M

vm_info: Java HotSpot(TM) 64-Bit Server VM (19.0.2+7-44) for windows-amd64 JRE (19.0.2+7-44), built on 2022-11-30T18:02:09Z by "mach5one" with MS VC++ 17.1 (VS2022)

END.
